This file contains any messages produced by compilers while
running configure, to aid debugging if configure makes a mistake.

It was created by libskeleton configure 0.1.0, which was
generated by GNU Autoconf 2.70.  Invocation command line was

  $ ../../../libskeleton/configure --prefix=/home/dott/ogv.js/build/wasm/root PKG_CONFIG_PATH=/home/dott/ogv.js/build/wasm/root/lib/pkgconfig --disable-shared

## --------- ##
## Platform. ##
## --------- ##

hostname = localhost
uname -m = x86_64
uname -r = 5.15.62-desktop-1.mga8
uname -s = Linux
uname -v = #1 SMP Sun Aug 21 16:48:29 UTC 2022

/usr/bin/uname -p = x86_64
/bin/uname -X     = unknown

/bin/arch              = x86_64
/usr/bin/arch -k       = unknown
/usr/convex/getsysinfo = unknown
/usr/bin/hostinfo      = unknown
/bin/machine           = unknown
/usr/bin/oslevel       = unknown
/bin/universe          = unknown

PATH: /home/dott/emsdk/upstream/emscripten/cache/sysroot/bin/
PATH: /home/dott/emsdk/
PATH: /home/dott/emsdk/upstream/emscripten/
PATH: /home/dott/emsdk/node/14.18.2_64bit/bin/
PATH: /home/dott/.vscode-server/bin/e4503b30fc78200f846c62cf8091b76ff5547662/bin/remote-cli/
PATH: /usr/local/lib/nodejs/bin/
PATH: /home/dott/.cargo/bin/
PATH: /usr/local/bin/
PATH: /usr/bin/
PATH: /usr/local/games/
PATH: /usr/games/
PATH: /usr/local/sbin/
PATH: /usr/sbin/
PATH: /usr/lib64/qt5/bin/
PATH: /home/dott/.local/bin/
PATH: /home/dott/bin/


## ----------- ##
## Core tests. ##
## ----------- ##

configure:2444: looking for aux files: ltmain.sh compile missing install-sh config.guess config.sub
configure:2457:  trying ../../../libskeleton/
configure:2486:   ../../../libskeleton/ltmain.sh found
configure:2486:   ../../../libskeleton/compile found
configure:2486:   ../../../libskeleton/missing found
configure:2468:   ../../../libskeleton/install-sh found
configure:2486:   ../../../libskeleton/config.guess found
configure:2486:   ../../../libskeleton/config.sub found
configure:2608: checking build system type
configure:2623: result: x86_64-pc-linux-gnu
configure:2643: checking host system type
configure:2657: result: x86_64-pc-linux-gnu
configure:2677: checking target system type
configure:2691: result: x86_64-pc-linux-gnu
configure:2735: checking for a BSD-compatible install
configure:2808: result: /usr/bin/install -c
configure:2819: checking whether build environment is sane
configure:2874: result: yes
configure:3033: checking for a race-free mkdir -p
configure:3077: result: /usr/bin/mkdir -p
configure:3084: checking for gawk
configure:3105: found /usr/bin/gawk
configure:3116: result: gawk
configure:3127: checking whether make sets $(MAKE)
configure:3150: result: yes
configure:3180: checking whether make supports nested variables
configure:3198: result: yes
configure:3390: checking for gcc
configure:3422: result: /home/dott/emsdk/upstream/emscripten/emcc
configure:3775: checking for C compiler version
configure:3784: /home/dott/emsdk/upstream/emscripten/emcc --version >&5
emcc (Emscripten gcc/clang-like replacement + linker emulating GNU ld) 3.1.20 (5d878c99921ec247d34fb26a20b5a13d60d69e93)
Copyright (C) 2014 the Emscripten authors (see AUTHORS.txt)
This is free and open source software under the MIT license.
There is NO warranty; not even for MERCHANTABILITY or FITNESS FOR A PARTICULAR PURPOSE.

configure:3795: $? = 0
configure:3784: /home/dott/emsdk/upstream/emscripten/emcc -v >&5
emcc (Emscripten gcc/clang-like replacement + linker emulating GNU ld) 3.1.20 (5d878c99921ec247d34fb26a20b5a13d60d69e93)
clang version 16.0.0 (https://github.com/llvm/llvm-project 75767a0f9a926641edbef08e31ec2148ff45da67)
Target: wasm32-unknown-emscripten
Thread model: posix
InstalledDir: /home/dott/emsdk/upstream/bin
configure:3795: $? = 0
configure:3784: /home/dott/emsdk/upstream/emscripten/emcc -V >&5
emcc: error: no input files
configure:3795: $? = 1
configure:3784: /home/dott/emsdk/upstream/emscripten/emcc -qversion >&5
emcc: error: no input files
configure:3795: $? = 1
configure:3784: /home/dott/emsdk/upstream/emscripten/emcc -version >&5
emcc: error: no input files
configure:3795: $? = 1
configure:3815: checking whether the C compiler works
configure:3837: /home/dott/emsdk/upstream/emscripten/emcc    conftest.c  >&5
configure:3841: $? = 0
configure:3891: result: yes
configure:3894: checking for C compiler default output file name
configure:3896: result: a.out
configure:3902: checking for suffix of executables
configure:3909: /home/dott/emsdk/upstream/emscripten/emcc -o conftest    conftest.c  >&5
configure:3913: $? = 0
configure:3936: result: 
configure:3958: checking whether we are cross compiling
configure:3966: /home/dott/emsdk/upstream/emscripten/emcc -o conftest    conftest.c  >&5
configure:3970: $? = 0
configure:3977: ./conftest
configure:3981: $? = 0
configure:3996: result: no
configure:4001: checking for suffix of object files
configure:4024: /home/dott/emsdk/upstream/emscripten/emcc -c   conftest.c >&5
configure:4028: $? = 0
configure:4050: result: o
configure:4054: checking whether the compiler supports GNU C
configure:4074: /home/dott/emsdk/upstream/emscripten/emcc -c   conftest.c >&5
configure:4074: $? = 0
configure:4084: result: yes
configure:4095: checking whether /home/dott/emsdk/upstream/emscripten/emcc accepts -g
configure:4116: /home/dott/emsdk/upstream/emscripten/emcc -c -g  conftest.c >&5
configure:4116: $? = 0
configure:4160: result: yes
configure:4180: checking for /home/dott/emsdk/upstream/emscripten/emcc option to enable C11 features
configure:4195: /home/dott/emsdk/upstream/emscripten/emcc  -c -g -O2  conftest.c >&5
conftest.c:25:14: warning: a function definition without a prototype is deprecated in all versions of C and is not supported in C2x [-Wdeprecated-non-prototype]
static char *e (p, i)
             ^
1 warning generated.
configure:4195: $? = 0
configure:4213: result: none needed
configure:4329: checking whether /home/dott/emsdk/upstream/emscripten/emcc understands -c and -o together
configure:4352: /home/dott/emsdk/upstream/emscripten/emcc -c conftest.c -o conftest2.o
configure:4355: $? = 0
configure:4352: /home/dott/emsdk/upstream/emscripten/emcc -c conftest.c -o conftest2.o
configure:4355: $? = 0
configure:4367: result: yes
configure:4387: checking whether make supports the include directive
configure:4402: make -f confmf.GNU && cat confinc.out
make[1]: Entering directory '/home/dott/ogv.js/build/wasm/libskeleton'
make[1]: Leaving directory '/home/dott/ogv.js/build/wasm/libskeleton'
this is the am__doit target
configure:4405: $? = 0
configure:4424: result: yes (GNU style)
configure:4450: checking dependency style of /home/dott/emsdk/upstream/emscripten/emcc
configure:4562: result: gcc3
configure:4624: checking how to print strings
configure:4651: result: printf
configure:4672: checking for a sed that does not truncate output
configure:4742: result: /usr/bin/sed
configure:4760: checking for grep that handles long lines and -e
configure:4824: result: /usr/bin/grep
configure:4829: checking for egrep
configure:4897: result: /usr/bin/grep -E
configure:4902: checking for fgrep
configure:4970: result: /usr/bin/grep -F
configure:5006: checking for ld used by /home/dott/emsdk/upstream/emscripten/emcc
emcc: error: no input files
configure:5074: result: /home/dott/emsdk/upstream/emscripten/emcc
configure:5081: checking if the linker (/home/dott/emsdk/upstream/emscripten/emcc) is GNU ld
configure:5097: result: yes
configure:5109: checking for BSD- or MS-compatible name lister (nm)
configure:5164: result: /home/dott/emsdk/upstream/bin/llvm-nm
configure:5304: checking the name lister (/home/dott/emsdk/upstream/bin/llvm-nm) interface
configure:5312: /home/dott/emsdk/upstream/emscripten/emcc -c -g -O2  conftest.c >&5
configure:5315: /home/dott/emsdk/upstream/bin/llvm-nm "conftest.o"
configure:5318: output
00000000 d .debug_abbrev
00000000 d .debug_line
00000000 d .debug_str
00000000 D some_variable
configure:5325: result: BSD nm
configure:5328: checking whether ln -s works
configure:5332: result: yes
configure:5340: checking the maximum length of command line arguments
configure:5472: result: 1572864
configure:5520: checking how to convert x86_64-pc-linux-gnu file names to x86_64-pc-linux-gnu format
configure:5561: result: func_convert_file_noop
configure:5568: checking how to convert x86_64-pc-linux-gnu file names to toolchain format
configure:5589: result: func_convert_file_noop
configure:5596: checking for /home/dott/emsdk/upstream/emscripten/emcc option to reload object files
configure:5604: result: -r
configure:5683: checking for objdump
configure:5704: found /usr/bin/objdump
configure:5715: result: objdump
configure:5747: checking how to recognize dependent libraries
configure:5948: result: pass_all
configure:6038: checking for dlltool
configure:6073: result: no
configure:6103: checking how to associate runtime and link libraries
configure:6131: result: printf %s\n
configure:6266: checking for archiver @FILE support
configure:6284: /home/dott/emsdk/upstream/emscripten/emcc -c -g -O2  conftest.c >&5
configure:6284: $? = 0
configure:6288: /home/dott/emsdk/upstream/emscripten/emar cru libconftest.a @conftest.lst >&5
configure:6291: $? = 0
configure:6296: /home/dott/emsdk/upstream/emscripten/emar cru libconftest.a @conftest.lst >&5
/home/dott/emsdk/upstream/bin/llvm-ar: error: conftest.o: No such file or directory
configure:6299: $? = 1
configure:6311: result: @
configure:6374: checking for strip
configure:6395: found /usr/bin/strip
configure:6406: result: strip
configure:6483: checking for ranlib
configure:6515: result: /home/dott/emsdk/upstream/emscripten/emranlib
configure:6617: checking command to parse /home/dott/emsdk/upstream/bin/llvm-nm output from /home/dott/emsdk/upstream/emscripten/emcc object
configure:6771: /home/dott/emsdk/upstream/emscripten/emcc -c -g -O2  conftest.c >&5
configure:6774: $? = 0
configure:6778: /home/dott/emsdk/upstream/bin/llvm-nm conftest.o \| sed -n -e 's/^.*[ ]\([ABCDGIRSTW][ABCDGIRSTW]*\)[ ][ ]*\([_A-Za-z][_A-Za-z0-9]*\)$/\1 \2 \2/p' | sed '/ __gnu_lto/d' \> conftest.nm
configure:6781: $? = 0
configure:6847: /home/dott/emsdk/upstream/emscripten/emcc -o conftest -g -O2   conftest.c conftstm.o >&5
emcc: warning: running limited binaryen optimizations because DWARF info requested (or indirectly required) [-Wlimited-postlink-optimizations]
configure:6850: $? = 0
configure:6888: result: ok
configure:6935: checking for sysroot
configure:6966: result: no
configure:6973: checking for a working dd
configure:7017: result: /usr/bin/dd
configure:7021: checking how to truncate binary pipes
configure:7037: result: /usr/bin/dd bs=4096 count=1
configure:7174: /home/dott/emsdk/upstream/emscripten/emcc -c -g -O2  conftest.c >&5
configure:7177: $? = 0
configure:7374: checking for mt
configure:7409: result: no
configure:7429: checking if : is a manifest tool
configure:7436: : '-?'
configure:7444: result: no
configure:8174: checking for stdio.h
configure:8174: /home/dott/emsdk/upstream/emscripten/emcc -c -g -O2  conftest.c >&5
configure:8174: $? = 0
configure:8174: result: yes
configure:8174: checking for stdlib.h
configure:8174: /home/dott/emsdk/upstream/emscripten/emcc -c -g -O2  conftest.c >&5
configure:8174: $? = 0
configure:8174: result: yes
configure:8174: checking for string.h
configure:8174: /home/dott/emsdk/upstream/emscripten/emcc -c -g -O2  conftest.c >&5
configure:8174: $? = 0
configure:8174: result: yes
configure:8174: checking for inttypes.h
configure:8174: /home/dott/emsdk/upstream/emscripten/emcc -c -g -O2  conftest.c >&5
configure:8174: $? = 0
configure:8174: result: yes
configure:8174: checking for stdint.h
configure:8174: /home/dott/emsdk/upstream/emscripten/emcc -c -g -O2  conftest.c >&5
configure:8174: $? = 0
configure:8174: result: yes
configure:8174: checking for strings.h
configure:8174: /home/dott/emsdk/upstream/emscripten/emcc -c -g -O2  conftest.c >&5
configure:8174: $? = 0
configure:8174: result: yes
configure:8174: checking for sys/stat.h
configure:8174: /home/dott/emsdk/upstream/emscripten/emcc -c -g -O2  conftest.c >&5
configure:8174: $? = 0
configure:8174: result: yes
configure:8174: checking for sys/types.h
configure:8174: /home/dott/emsdk/upstream/emscripten/emcc -c -g -O2  conftest.c >&5
configure:8174: $? = 0
configure:8174: result: yes
configure:8174: checking for unistd.h
configure:8174: /home/dott/emsdk/upstream/emscripten/emcc -c -g -O2  conftest.c >&5
configure:8174: $? = 0
configure:8174: result: yes
configure:8199: checking for dlfcn.h
configure:8199: /home/dott/emsdk/upstream/emscripten/emcc -c -g -O2  conftest.c >&5
configure:8199: $? = 0
configure:8199: result: yes
configure:8458: checking for objdir
configure:8474: result: .libs
configure:8734: checking if /home/dott/emsdk/upstream/emscripten/emcc supports -fno-rtti -fno-exceptions
configure:8753: /home/dott/emsdk/upstream/emscripten/emcc -c -g -O2  -fno-rtti -fno-exceptions conftest.c >&5
configure:8757: $? = 0
configure:8770: result: yes
configure:9128: checking for /home/dott/emsdk/upstream/emscripten/emcc option to produce PIC
configure:9136: result: -fPIC -DPIC
configure:9144: checking if /home/dott/emsdk/upstream/emscripten/emcc PIC flag -fPIC -DPIC works
configure:9163: /home/dott/emsdk/upstream/emscripten/emcc -c -g -O2  -fPIC -DPIC -DPIC conftest.c >&5
configure:9167: $? = 0
configure:9180: result: yes
configure:9209: checking if /home/dott/emsdk/upstream/emscripten/emcc static flag -static works
emcc: warning: running limited binaryen optimizations because DWARF info requested (or indirectly required) [-Wlimited-postlink-optimizations]
configure:9238: result: yes
configure:9253: checking if /home/dott/emsdk/upstream/emscripten/emcc supports -c -o file.o
configure:9275: /home/dott/emsdk/upstream/emscripten/emcc -c -g -O2  -o out/conftest2.o conftest.c >&5
configure:9279: $? = 0
configure:9301: result: yes
configure:9309: checking if /home/dott/emsdk/upstream/emscripten/emcc supports -c -o file.o
configure:9357: result: yes
configure:9390: checking whether the /home/dott/emsdk/upstream/emscripten/emcc linker (/home/dott/emsdk/upstream/emscripten/emcc) supports shared libraries
configure:10656: result: yes
configure:10897: checking dynamic linker characteristics
configure:11479: /home/dott/emsdk/upstream/emscripten/emcc -o conftest -g -O2   -Wl,-rpath -Wl,/foo conftest.c  >&5
emcc: warning: ignoring unsupported linker flag: `-rpath` [-Wlinkflags]
emcc: warning: running limited binaryen optimizations because DWARF info requested (or indirectly required) [-Wlimited-postlink-optimizations]
configure:11479: $? = 0
configure:11721: result: GNU/Linux ld.so
configure:11843: checking how to hardcode library paths into programs
configure:11868: result: immediate
configure:12420: checking whether stripping libraries is possible
configure:12425: result: yes
configure:12460: checking if libtool supports shared libraries
configure:12462: result: yes
configure:12465: checking whether to build shared libraries
configure:12490: result: no
configure:12493: checking whether to build static libraries
configure:12497: result: yes
configure:12535: checking whether make sets $(MAKE)
configure:12558: result: yes
configure:12568: checking for an ANSI C-conforming const
configure:12635: /home/dott/emsdk/upstream/emscripten/emcc -c -g -O2  conftest.c >&5
configure:12635: $? = 0
configure:12643: result: yes
configure:12651: checking whether byte ordering is bigendian
configure:12667: /home/dott/emsdk/upstream/emscripten/emcc -c -g -O2  conftest.c >&5
conftest.c:24:9: error: unknown type name 'not'
               not a universal capable compiler
               ^
conftest.c:24:14: error: expected ';' after top level declarator
               not a universal capable compiler
                    ^
                    ;
2 errors generated.
emcc: error: '/home/dott/emsdk/upstream/bin/clang -target wasm32-unknown-emscripten -fignore-exceptions -fvisibility=default -mllvm -combiner-global-alias-analysis=false -mllvm -enable-emscripten-sjlj -mllvm -disable-lsr -DEMSCRIPTEN -D__EMSCRIPTEN_major__=3 -D__EMSCRIPTEN_minor__=1 -D__EMSCRIPTEN_tiny__=20 -Werror=implicit-function-declaration -I/home/dott/emsdk/upstream/emscripten/cache/sysroot/include/SDL --sysroot=/home/dott/emsdk/upstream/emscripten/cache/sysroot -Xclang -iwithsysroot/include/compat -c -g3 -O2 conftest.c -o conftest.o' failed (returned 1)
configure:12667: $? = 1
configure: failed program was:
| /* confdefs.h */
| #define PACKAGE_NAME "libskeleton"
| #define PACKAGE_TARNAME "libskeleton"
| #define PACKAGE_VERSION "0.1.0"
| #define PACKAGE_STRING "libskeleton 0.1.0"
| #define PACKAGE_BUGREPORT "https://bugs.launchpad.net/skeleton"
| #define PACKAGE_URL ""
| #define PACKAGE "libskeleton"
| #define VERSION "0.1.0"
| #define HAVE_STDIO_H 1
| #define HAVE_STDLIB_H 1
| #define HAVE_STRING_H 1
| #define HAVE_INTTYPES_H 1
| #define HAVE_STDINT_H 1
| #define HAVE_STRINGS_H 1
| #define HAVE_SYS_STAT_H 1
| #define HAVE_SYS_TYPES_H 1
| #define HAVE_UNISTD_H 1
| #define STDC_HEADERS 1
| #define HAVE_DLFCN_H 1
| #define LT_OBJDIR ".libs/"
| /* end confdefs.h.  */
| #ifndef __APPLE_CC__
| 	       not a universal capable compiler
| 	     #endif
| 	     typedef int dummy;
| 
configure:12713: /home/dott/emsdk/upstream/emscripten/emcc -c -g -O2  conftest.c >&5
configure:12713: $? = 0
configure:12732: /home/dott/emsdk/upstream/emscripten/emcc -c -g -O2  conftest.c >&5
conftest.c:30:4: error: use of undeclared identifier 'not'
                 not big endian
                 ^
1 error generated.
emcc: error: '/home/dott/emsdk/upstream/bin/clang -target wasm32-unknown-emscripten -fignore-exceptions -fvisibility=default -mllvm -combiner-global-alias-analysis=false -mllvm -enable-emscripten-sjlj -mllvm -disable-lsr -DEMSCRIPTEN -D__EMSCRIPTEN_major__=3 -D__EMSCRIPTEN_minor__=1 -D__EMSCRIPTEN_tiny__=20 -Werror=implicit-function-declaration -I/home/dott/emsdk/upstream/emscripten/cache/sysroot/include/SDL --sysroot=/home/dott/emsdk/upstream/emscripten/cache/sysroot -Xclang -iwithsysroot/include/compat -c -g3 -O2 conftest.c -o conftest.o' failed (returned 1)
configure:12732: $? = 1
configure: failed program was:
| /* confdefs.h */
| #define PACKAGE_NAME "libskeleton"
| #define PACKAGE_TARNAME "libskeleton"
| #define PACKAGE_VERSION "0.1.0"
| #define PACKAGE_STRING "libskeleton 0.1.0"
| #define PACKAGE_BUGREPORT "https://bugs.launchpad.net/skeleton"
| #define PACKAGE_URL ""
| #define PACKAGE "libskeleton"
| #define VERSION "0.1.0"
| #define HAVE_STDIO_H 1
| #define HAVE_STDLIB_H 1
| #define HAVE_STRING_H 1
| #define HAVE_INTTYPES_H 1
| #define HAVE_STDINT_H 1
| #define HAVE_STRINGS_H 1
| #define HAVE_SYS_STAT_H 1
| #define HAVE_SYS_TYPES_H 1
| #define HAVE_UNISTD_H 1
| #define STDC_HEADERS 1
| #define HAVE_DLFCN_H 1
| #define LT_OBJDIR ".libs/"
| /* end confdefs.h.  */
| #include <sys/types.h>
| 		#include <sys/param.h>
| 
| int
| main (void)
| {
| #if BYTE_ORDER != BIG_ENDIAN
| 		 not big endian
| 		#endif
| 
|   ;
|   return 0;
| }
configure:12866: result: no
configure:12890: checking for assert
configure:12890: /home/dott/emsdk/upstream/emscripten/emcc -o conftest -g -O2   conftest.c  >&5
error: undefined symbol: assert (referenced by top-level compiled C/C++ code)
warning: Link with `-sLLD_REPORT_UNDEFINED` to get more information on undefined symbols
warning: To disable errors for undefined symbols use `-sERROR_ON_UNDEFINED_SYMBOLS=0`
warning: _assert may need to be added to EXPORTED_FUNCTIONS if it arrives from a system library
Error: Aborting compilation due to previous errors
emcc: error: '/home/dott/emsdk/node/14.18.2_64bit/bin/node /home/dott/emsdk/upstream/emscripten/src/compiler.js /tmp/tmp82qspic0.json' failed (returned 1)
configure:12890: $? = 1
configure: failed program was:
| /* confdefs.h */
| #define PACKAGE_NAME "libskeleton"
| #define PACKAGE_TARNAME "libskeleton"
| #define PACKAGE_VERSION "0.1.0"
| #define PACKAGE_STRING "libskeleton 0.1.0"
| #define PACKAGE_BUGREPORT "https://bugs.launchpad.net/skeleton"
| #define PACKAGE_URL ""
| #define PACKAGE "libskeleton"
| #define VERSION "0.1.0"
| #define HAVE_STDIO_H 1
| #define HAVE_STDLIB_H 1
| #define HAVE_STRING_H 1
| #define HAVE_INTTYPES_H 1
| #define HAVE_STDINT_H 1
| #define HAVE_STRINGS_H 1
| #define HAVE_SYS_STAT_H 1
| #define HAVE_SYS_TYPES_H 1
| #define HAVE_UNISTD_H 1
| #define STDC_HEADERS 1
| #define HAVE_DLFCN_H 1
| #define LT_OBJDIR ".libs/"
| /* end confdefs.h.  */
| /* Define assert to an innocuous variant, in case <limits.h> declares assert.
|    For example, HP-UX 11i <limits.h> declares gettimeofday.  */
| #define assert innocuous_assert
| 
| /* System header to define __stub macros and hopefully few prototypes,
|    which can conflict with char assert (); below.  */
| 
| #include <limits.h>
| #undef assert
| 
| /* Override any GCC internal prototype to avoid an error.
|    Use char because int might match the return type of a GCC
|    builtin and then its argument prototype would still apply.  */
| #ifdef __cplusplus
| extern "C"
| #endif
| char assert ();
| /* The GNU C library defines this for functions which it implements
|     to always fail with ENOSYS.  Some functions are actually named
|     something starting with __ and the normal name is an alias.  */
| #if defined __stub_assert || defined __stub___assert
| choke me
| #endif
| 
| int
| main (void)
| {
| return assert ();
|   ;
|   return 0;
| }
configure:12890: result: no
configure:12900: checking for pkg-config
configure:12921: found /usr/bin/pkg-config
configure:12932: result: yes
configure:12943: checking for doxygen
configure:12976: result: false
configure:12993: WARNING: *** doxygen not found, docs will not be built
configure:13148: checking for pkg-config
configure:13171: found /usr/bin/pkg-config
configure:13183: result: /usr/bin/pkg-config
configure:13208: checking pkg-config is at least version 0.9.0
configure:13211: result: yes
configure:13221: checking for OGG
configure:13228: $PKG_CONFIG --exists --print-errors "ogg >= 1.0"
configure:13231: $? = 0
configure:13245: $PKG_CONFIG --exists --print-errors "ogg >= 1.0"
configure:13248: $? = 0
configure:13286: result: yes
configure:13691: checking that generated files are newer than configure
configure:13697: result: done
configure:13725: creating ./config.status

## ---------------------- ##
## Running config.status. ##
## ---------------------- ##

This file was extended by libskeleton config.status 0.1.0, which was
generated by GNU Autoconf 2.70.  Invocation command line was

  CONFIG_FILES    = 
  CONFIG_HEADERS  = 
  CONFIG_LINKS    = 
  CONFIG_COMMANDS = 
  $ ./config.status 

on localhost

config.status:1109: creating Makefile
config.status:1109: creating doc/Makefile
config.status:1109: creating doc/Doxyfile
config.status:1109: creating include/Makefile
config.status:1109: creating include/skeleton/Makefile
config.status:1109: creating src/Makefile
config.status:1109: creating src/Version_script
config.status:1109: creating examples/Makefile
config.status:1109: creating skeleton.pc
config.status:1109: creating skeleton-uninstalled.pc
config.status:1109: creating config.h
config.status:1323: executing depfiles commands
config.status:1400: cd src       && sed -e '/# am--include-marker/d' Makefile         | make -f - am--depfiles
make[1]: Entering directory '/home/dott/ogv.js/build/wasm/libskeleton/src'
make[1]: Leaving directory '/home/dott/ogv.js/build/wasm/libskeleton/src'
config.status:1405: $? = 0
config.status:1400: cd examples       && sed -e '/# am--include-marker/d' Makefile         | make -f - am--depfiles
make[1]: Entering directory '/home/dott/ogv.js/build/wasm/libskeleton/examples'
make[1]: Leaving directory '/home/dott/ogv.js/build/wasm/libskeleton/examples'
config.status:1405: $? = 0
config.status:1323: executing libtool commands
configure:15990: result:
------------------------------------------------------------------------
  libskeleton 0.1.0:  Automatic configuration OK.

  Examples (./examples):

    skeleton-info

  Installation paths:

    libskeleton: ................. /home/dott/ogv.js/build/wasm/root/lib
    C header files: .............. /home/dott/ogv.js/build/wasm/root/include/skeleton
    Documentation: ............... /home/dott/ogv.js/build/wasm/root/share/doc/libskeleton

  Building:

    Type 'make' to compile libskeleton.

    Type 'make install' to install libskeleton.

    Type 'make check' to run test suite (Valgrind testing not enabled)

------------------------------------------------------------------------


## ---------------- ##
## Cache variables. ##
## ---------------- ##

ac_cv_build=x86_64-pc-linux-gnu
ac_cv_c_bigendian=no
ac_cv_c_compiler_gnu=yes
ac_cv_c_const=yes
ac_cv_env_CC_set=set
ac_cv_env_CC_value=/home/dott/emsdk/upstream/emscripten/emcc
ac_cv_env_CFLAGS_set=
ac_cv_env_CFLAGS_value=
ac_cv_env_CPPFLAGS_set=
ac_cv_env_CPPFLAGS_value=
ac_cv_env_LDFLAGS_set=
ac_cv_env_LDFLAGS_value=
ac_cv_env_LIBS_set=
ac_cv_env_LIBS_value=
ac_cv_env_LT_SYS_LIBRARY_PATH_set=
ac_cv_env_LT_SYS_LIBRARY_PATH_value=
ac_cv_env_OGG_CFLAGS_set=
ac_cv_env_OGG_CFLAGS_value=
ac_cv_env_OGG_LIBS_set=
ac_cv_env_OGG_LIBS_value=
ac_cv_env_PKG_CONFIG_LIBDIR_set=set
ac_cv_env_PKG_CONFIG_LIBDIR_value=/home/dott/emsdk/upstream/emscripten/cache/sysroot/local/lib/pkgconfig:/home/dott/emsdk/upstream/emscripten/cache/sysroot/lib/pkgconfig
ac_cv_env_PKG_CONFIG_PATH_set=set
ac_cv_env_PKG_CONFIG_PATH_value=/home/dott/ogv.js/build/wasm/root/lib/pkgconfig
ac_cv_env_PKG_CONFIG_set=
ac_cv_env_PKG_CONFIG_value=
ac_cv_env_build_alias_set=
ac_cv_env_build_alias_value=
ac_cv_env_host_alias_set=
ac_cv_env_host_alias_value=
ac_cv_env_target_alias_set=
ac_cv_env_target_alias_value=
ac_cv_func_assert=no
ac_cv_header_dlfcn_h=yes
ac_cv_header_inttypes_h=yes
ac_cv_header_stdint_h=yes
ac_cv_header_stdio_h=yes
ac_cv_header_stdlib_h=yes
ac_cv_header_string_h=yes
ac_cv_header_strings_h=yes
ac_cv_header_sys_stat_h=yes
ac_cv_header_sys_types_h=yes
ac_cv_header_unistd_h=yes
ac_cv_host=x86_64-pc-linux-gnu
ac_cv_objext=o
ac_cv_path_EGREP='/usr/bin/grep -E'
ac_cv_path_FGREP='/usr/bin/grep -F'
ac_cv_path_GREP=/usr/bin/grep
ac_cv_path_SED=/usr/bin/sed
ac_cv_path_ac_pt_PKG_CONFIG=/usr/bin/pkg-config
ac_cv_path_install='/usr/bin/install -c'
ac_cv_path_lt_DD=/usr/bin/dd
ac_cv_path_mkdir=/usr/bin/mkdir
ac_cv_prog_AWK=gawk
ac_cv_prog_HAVE_DOXYGEN=false
ac_cv_prog_HAVE_PKG_CONFIG=yes
ac_cv_prog_ac_ct_CC=/home/dott/emsdk/upstream/emscripten/emcc
ac_cv_prog_ac_ct_OBJDUMP=objdump
ac_cv_prog_ac_ct_RANLIB=/home/dott/emsdk/upstream/emscripten/emranlib
ac_cv_prog_ac_ct_STRIP=strip
ac_cv_prog_cc_c11=
ac_cv_prog_cc_g=yes
ac_cv_prog_cc_stdc=
ac_cv_prog_make_make_set=yes
ac_cv_target=x86_64-pc-linux-gnu
am_cv_CC_dependencies_compiler_type=gcc3
am_cv_make_support_nested_variables=yes
am_cv_prog_cc_c_o=yes
lt_cv_ar_at_file=@
lt_cv_deplibs_check_method=pass_all
lt_cv_file_magic_cmd='$MAGIC_CMD'
lt_cv_file_magic_test_file=
lt_cv_ld_reload_flag=-r
lt_cv_nm_interface='BSD nm'
lt_cv_objdir=.libs
lt_cv_path_LD=/home/dott/emsdk/upstream/emscripten/emcc
lt_cv_path_NM=/home/dott/emsdk/upstream/bin/llvm-nm
lt_cv_path_mainfest_tool=no
lt_cv_prog_compiler_c_o=yes
lt_cv_prog_compiler_pic='-fPIC -DPIC'
lt_cv_prog_compiler_pic_works=yes
lt_cv_prog_compiler_rtti_exceptions=yes
lt_cv_prog_compiler_static_works=yes
lt_cv_prog_gnu_ld=yes
lt_cv_sharedlib_from_linklib_cmd='printf %s\n'
lt_cv_shlibpath_overrides_runpath=no
lt_cv_sys_global_symbol_pipe='sed -n -e '\''s/^.*[	 ]\([ABCDGIRSTW][ABCDGIRSTW]*\)[	 ][	 ]*\([_A-Za-z][_A-Za-z0-9]*\)$/\1 \2 \2/p'\'' | sed '\''/ __gnu_lto/d'\'''
lt_cv_sys_global_symbol_to_c_name_address='sed -n -e '\''s/^: \(.*\) .*$/  {"\1", (void *) 0},/p'\'' -e '\''s/^[ABCDGIRSTW][ABCDGIRSTW]* .* \(.*\)$/  {"\1", (void *) \&\1},/p'\'''
lt_cv_sys_global_symbol_to_c_name_address_lib_prefix='sed -n -e '\''s/^: \(.*\) .*$/  {"\1", (void *) 0},/p'\'' -e '\''s/^[ABCDGIRSTW][ABCDGIRSTW]* .* \(lib.*\)$/  {"\1", (void *) \&\1},/p'\'' -e '\''s/^[ABCDGIRSTW][ABCDGIRSTW]* .* \(.*\)$/  {"lib\1", (void *) \&\1},/p'\'''
lt_cv_sys_global_symbol_to_cdecl='sed -n -e '\''s/^T .* \(.*\)$/extern int \1();/p'\'' -e '\''s/^[ABCDGIRSTW][ABCDGIRSTW]* .* \(.*\)$/extern char \1;/p'\'''
lt_cv_sys_global_symbol_to_import=
lt_cv_sys_max_cmd_len=1572864
lt_cv_to_host_file_cmd=func_convert_file_noop
lt_cv_to_tool_file_cmd=func_convert_file_noop
lt_cv_truncate_bin='/usr/bin/dd bs=4096 count=1'
pkg_cv_OGG_CFLAGS='-I/home/dott/ogv.js/build/wasm/root/include '
pkg_cv_OGG_LIBS='-L/home/dott/ogv.js/build/wasm/root/lib -logg '

## ----------------- ##
## Output variables. ##
## ----------------- ##

ACLOCAL='${SHELL} '\''/home/dott/ogv.js/libskeleton/missing'\'' aclocal-1.16'
ACLOCAL_AMFLAGS='-I m4'
AMDEPBACKSLASH='\'
AMDEP_FALSE='#'
AMDEP_TRUE=''
AMTAR='$${TAR-tar}'
AM_BACKSLASH='\'
AM_DEFAULT_V='$(AM_DEFAULT_VERBOSITY)'
AM_DEFAULT_VERBOSITY='1'
AM_V='$(V)'
AR='/home/dott/emsdk/upstream/emscripten/emar'
AUTOCONF='${SHELL} '\''/home/dott/ogv.js/libskeleton/missing'\'' autoconf'
AUTOHEADER='${SHELL} '\''/home/dott/ogv.js/libskeleton/missing'\'' autoheader'
AUTOMAKE='${SHELL} '\''/home/dott/ogv.js/libskeleton/missing'\'' automake-1.16'
AWK='gawk'
BINDIR='/home/dott/ogv.js/build/wasm/root/bin'
CC='/home/dott/emsdk/upstream/emscripten/emcc'
CCDEPMODE='depmode=gcc3'
CFLAGS='-g -O2 -Wall -g'
CPPFLAGS=''
CYGPATH_W='echo'
DEFS='-DHAVE_CONFIG_H'
DEPDIR='.deps'
DLLTOOL='false'
DOCDIR='/home/dott/ogv.js/build/wasm/root/share/doc'
DSYMUTIL=''
DUMPBIN=''
ECHO_C=''
ECHO_N='-n'
ECHO_T=''
EGREP='/usr/bin/grep -E'
EXEEXT=''
FGREP='/usr/bin/grep -F'
GREP='/usr/bin/grep'
HAVE_DOXYGEN='false'
HAVE_DOXYGEN_FALSE=''
HAVE_DOXYGEN_TRUE='#'
HAVE_PKG_CONFIG='yes'
HAVE_VALGRIND=''
INCLUDEDIR='/home/dott/ogv.js/build/wasm/root/include'
INSTALL_DATA='${INSTALL} -m 644'
INSTALL_PROGRAM='${INSTALL}'
INSTALL_SCRIPT='${INSTALL}'
INSTALL_STRIP_PROGRAM='$(install_sh) -c -s'
LD='/home/dott/emsdk/upstream/emscripten/emcc'
LDFLAGS=''
LIBDIR='/home/dott/ogv.js/build/wasm/root/lib'
LIBOBJS=''
LIBS=''
LIBTOOL='$(SHELL) $(top_builddir)/libtool'
LIPO=''
LN_S='ln -s'
LTLIBOBJS=''
LT_SYS_LIBRARY_PATH=''
MAKEINFO='${SHELL} '\''/home/dott/ogv.js/libskeleton/missing'\'' makeinfo'
MANIFEST_TOOL=':'
MKDIR_P='/usr/bin/mkdir -p'
NM='/home/dott/emsdk/upstream/bin/llvm-nm'
NMEDIT=''
OBJDUMP='objdump'
OBJEXT='o'
OGG_CFLAGS='-I/home/dott/ogv.js/build/wasm/root/include '
OGG_LIBS='-L/home/dott/ogv.js/build/wasm/root/lib -logg '
OTOOL64=''
OTOOL=''
PACKAGE='libskeleton'
PACKAGE_BUGREPORT='https://bugs.launchpad.net/skeleton'
PACKAGE_NAME='libskeleton'
PACKAGE_STRING='libskeleton 0.1.0'
PACKAGE_TARNAME='libskeleton'
PACKAGE_URL=''
PACKAGE_VERSION='0.1.0'
PATH_SEPARATOR=':'
PKG_CONFIG='/usr/bin/pkg-config'
PKG_CONFIG_LIBDIR='/home/dott/emsdk/upstream/emscripten/cache/sysroot/local/lib/pkgconfig:/home/dott/emsdk/upstream/emscripten/cache/sysroot/lib/pkgconfig'
PKG_CONFIG_PATH='/home/dott/ogv.js/build/wasm/root/lib/pkgconfig'
PLATFORM='linux'
RANLIB='/home/dott/emsdk/upstream/emscripten/emranlib'
SED='/usr/bin/sed'
SET_MAKE=''
SHARED_VERSION_INFO='1:0:1'
SHELL='/bin/sh'
SHLIB_VERSION_ARG='-Wl,--version-script=Version_script'
STRIP='strip'
VALGRIND_ENVIRONMENT=''
VERSION='0.1.0'
ac_ct_AR=''
ac_ct_CC='/home/dott/emsdk/upstream/emscripten/emcc'
ac_ct_DUMPBIN=''
am__EXEEXT_FALSE=''
am__EXEEXT_TRUE='#'
am__fastdepCC_FALSE='#'
am__fastdepCC_TRUE=''
am__include='include'
am__isrc=' -I$(srcdir)'
am__leading_dot='.'
am__nodep='_no'
am__quote=''
am__tar='$${TAR-tar} chof - "$$tardir"'
am__untar='$${TAR-tar} xf -'
bindir='${exec_prefix}/bin'
build='x86_64-pc-linux-gnu'
build_alias=''
build_cpu='x86_64'
build_os='linux-gnu'
build_vendor='pc'
datadir='${datarootdir}'
datarootdir='${prefix}/share'
docdir='${datarootdir}/doc/${PACKAGE_TARNAME}'
dvidir='${docdir}'
exec_prefix='${prefix}'
host='x86_64-pc-linux-gnu'
host_alias=''
host_cpu='x86_64'
host_os='linux-gnu'
host_vendor='pc'
htmldir='${docdir}'
includedir='${prefix}/include'
infodir='${datarootdir}/info'
install_sh='${SHELL} /home/dott/ogv.js/libskeleton/install-sh'
libdir='${exec_prefix}/lib'
libexecdir='${exec_prefix}/libexec'
localedir='${datarootdir}/locale'
localstatedir='${prefix}/var'
mandir='${datarootdir}/man'
mkdir_p='$(MKDIR_P)'
oldincludedir='/usr/include'
pdfdir='${docdir}'
prefix='/home/dott/ogv.js/build/wasm/root'
program_transform_name='s,x,x,'
psdir='${docdir}'
runstatedir='/run'
sbindir='${exec_prefix}/sbin'
sharedstatedir='${prefix}/com'
sysconfdir='${prefix}/etc'
target='x86_64-pc-linux-gnu'
target_alias=''
target_cpu='x86_64'
target_os='linux-gnu'
target_vendor='pc'

## ----------- ##
## confdefs.h. ##
## ----------- ##

/* confdefs.h */
#define PACKAGE_NAME "libskeleton"
#define PACKAGE_TARNAME "libskeleton"
#define PACKAGE_VERSION "0.1.0"
#define PACKAGE_STRING "libskeleton 0.1.0"
#define PACKAGE_BUGREPORT "https://bugs.launchpad.net/skeleton"
#define PACKAGE_URL ""
#define PACKAGE "libskeleton"
#define VERSION "0.1.0"
#define HAVE_STDIO_H 1
#define HAVE_STDLIB_H 1
#define HAVE_STRING_H 1
#define HAVE_INTTYPES_H 1
#define HAVE_STDINT_H 1
#define HAVE_STRINGS_H 1
#define HAVE_SYS_STAT_H 1
#define HAVE_SYS_TYPES_H 1
#define HAVE_UNISTD_H 1
#define STDC_HEADERS 1
#define HAVE_DLFCN_H 1
#define LT_OBJDIR ".libs/"
#define HAVE_OGG /**/

configure: exit 0

## ---------------------- ##
## Running config.status. ##
## ---------------------- ##

This file was extended by libskeleton config.status 0.1.0, which was
generated by GNU Autoconf 2.70.  Invocation command line was

  CONFIG_FILES    = 
  CONFIG_HEADERS  = 
  CONFIG_LINKS    = 
  CONFIG_COMMANDS = 
  $ ./config.status config.h

on localhost

config.status:1109: creating config.h
config.status:1275: config.h is unchanged
