This file contains any messages produced by compilers while
running configure, to aid debugging if configure makes a mistake.

It was created by libnestegg configure 0.1git, which was
generated by GNU Autoconf 2.70.  Invocation command line was

  $ ../../../libnestegg/configure --prefix=/home/dott/ogv.js/build/wasm/root --disable-shared

## --------- ##
## Platform. ##
## --------- ##

hostname = localhost
uname -m = x86_64
uname -r = 5.15.62-desktop-1.mga8
uname -s = Linux
uname -v = #1 SMP Sun Aug 21 16:48:29 UTC 2022

/usr/bin/uname -p = x86_64
/bin/uname -X     = unknown

/bin/arch              = x86_64
/usr/bin/arch -k       = unknown
/usr/convex/getsysinfo = unknown
/usr/bin/hostinfo      = unknown
/bin/machine           = unknown
/usr/bin/oslevel       = unknown
/bin/universe          = unknown

PATH: /home/dott/emsdk/upstream/emscripten/cache/sysroot/bin/
PATH: /home/dott/emsdk/
PATH: /home/dott/emsdk/upstream/emscripten/
PATH: /home/dott/emsdk/node/14.18.2_64bit/bin/
PATH: /home/dott/.vscode-server/bin/e4503b30fc78200f846c62cf8091b76ff5547662/bin/remote-cli/
PATH: /usr/local/lib/nodejs/bin/
PATH: /home/dott/.cargo/bin/
PATH: /usr/local/bin/
PATH: /usr/bin/
PATH: /usr/local/games/
PATH: /usr/games/
PATH: /usr/local/sbin/
PATH: /usr/sbin/
PATH: /usr/lib64/qt5/bin/
PATH: /home/dott/.local/bin/
PATH: /home/dott/bin/


## ----------- ##
## Core tests. ##
## ----------- ##

configure:2408: looking for aux files: ltmain.sh compile missing install-sh config.guess config.sub
configure:2421:  trying ../../../libnestegg/
configure:2450:   ../../../libnestegg/ltmain.sh found
configure:2450:   ../../../libnestegg/compile found
configure:2450:   ../../../libnestegg/missing found
configure:2432:   ../../../libnestegg/install-sh found
configure:2450:   ../../../libnestegg/config.guess found
configure:2450:   ../../../libnestegg/config.sub found
configure:2569: checking build system type
configure:2584: result: x86_64-pc-linux-gnu
configure:2604: checking host system type
configure:2618: result: x86_64-pc-linux-gnu
configure:2638: checking target system type
configure:2652: result: x86_64-pc-linux-gnu
configure:2701: checking for a BSD-compatible install
configure:2774: result: /usr/bin/install -c
configure:2785: checking whether build environment is sane
configure:2840: result: yes
configure:2999: checking for a race-free mkdir -p
configure:3043: result: /usr/bin/mkdir -p
configure:3050: checking for gawk
configure:3071: found /usr/bin/gawk
configure:3082: result: gawk
configure:3093: checking whether make sets $(MAKE)
configure:3116: result: yes
configure:3146: checking whether make supports nested variables
configure:3164: result: yes
configure:3299: checking whether make supports nested variables
configure:3317: result: yes
configure:3402: checking for gcc
configure:3434: result: /home/dott/emsdk/upstream/emscripten/emcc
configure:3787: checking for C compiler version
configure:3796: /home/dott/emsdk/upstream/emscripten/emcc --version >&5
emcc (Emscripten gcc/clang-like replacement + linker emulating GNU ld) 3.1.20 (5d878c99921ec247d34fb26a20b5a13d60d69e93)
Copyright (C) 2014 the Emscripten authors (see AUTHORS.txt)
This is free and open source software under the MIT license.
There is NO warranty; not even for MERCHANTABILITY or FITNESS FOR A PARTICULAR PURPOSE.

configure:3807: $? = 0
configure:3796: /home/dott/emsdk/upstream/emscripten/emcc -v >&5
emcc (Emscripten gcc/clang-like replacement + linker emulating GNU ld) 3.1.20 (5d878c99921ec247d34fb26a20b5a13d60d69e93)
clang version 16.0.0 (https://github.com/llvm/llvm-project 75767a0f9a926641edbef08e31ec2148ff45da67)
Target: wasm32-unknown-emscripten
Thread model: posix
InstalledDir: /home/dott/emsdk/upstream/bin
configure:3807: $? = 0
configure:3796: /home/dott/emsdk/upstream/emscripten/emcc -V >&5
emcc: error: no input files
configure:3807: $? = 1
configure:3796: /home/dott/emsdk/upstream/emscripten/emcc -qversion >&5
emcc: error: no input files
configure:3807: $? = 1
configure:3796: /home/dott/emsdk/upstream/emscripten/emcc -version >&5
emcc: error: no input files
configure:3807: $? = 1
configure:3827: checking whether the C compiler works
configure:3849: /home/dott/emsdk/upstream/emscripten/emcc    conftest.c  >&5
configure:3853: $? = 0
configure:3903: result: yes
configure:3906: checking for C compiler default output file name
configure:3908: result: a.out
configure:3914: checking for suffix of executables
configure:3921: /home/dott/emsdk/upstream/emscripten/emcc -o conftest    conftest.c  >&5
configure:3925: $? = 0
configure:3948: result: 
configure:3970: checking whether we are cross compiling
configure:3978: /home/dott/emsdk/upstream/emscripten/emcc -o conftest    conftest.c  >&5
configure:3982: $? = 0
configure:3989: ./conftest
configure:3993: $? = 0
configure:4008: result: no
configure:4013: checking for suffix of object files
configure:4036: /home/dott/emsdk/upstream/emscripten/emcc -c   conftest.c >&5
configure:4040: $? = 0
configure:4062: result: o
configure:4066: checking whether the compiler supports GNU C
configure:4086: /home/dott/emsdk/upstream/emscripten/emcc -c   conftest.c >&5
configure:4086: $? = 0
configure:4096: result: yes
configure:4107: checking whether /home/dott/emsdk/upstream/emscripten/emcc accepts -g
configure:4128: /home/dott/emsdk/upstream/emscripten/emcc -c -g  conftest.c >&5
configure:4128: $? = 0
configure:4172: result: yes
configure:4192: checking for /home/dott/emsdk/upstream/emscripten/emcc option to enable C11 features
configure:4207: /home/dott/emsdk/upstream/emscripten/emcc  -c -g -O2  conftest.c >&5
conftest.c:25:14: warning: a function definition without a prototype is deprecated in all versions of C and is not supported in C2x [-Wdeprecated-non-prototype]
static char *e (p, i)
             ^
1 warning generated.
configure:4207: $? = 0
configure:4225: result: none needed
configure:4341: checking whether /home/dott/emsdk/upstream/emscripten/emcc understands -c and -o together
configure:4364: /home/dott/emsdk/upstream/emscripten/emcc -c conftest.c -o conftest2.o
configure:4367: $? = 0
configure:4364: /home/dott/emsdk/upstream/emscripten/emcc -c conftest.c -o conftest2.o
configure:4367: $? = 0
configure:4379: result: yes
configure:4399: checking whether make supports the include directive
configure:4414: make -f confmf.GNU && cat confinc.out
make[1]: Entering directory '/home/dott/ogv.js/build/wasm/libnestegg'
make[1]: Leaving directory '/home/dott/ogv.js/build/wasm/libnestegg'
this is the am__doit target
configure:4417: $? = 0
configure:4436: result: yes (GNU style)
configure:4462: checking dependency style of /home/dott/emsdk/upstream/emscripten/emcc
configure:4574: result: gcc3
configure:4594: checking how to run the C preprocessor
configure:4620: /home/dott/emsdk/upstream/emscripten/emcc -E  conftest.c
configure:4620: $? = 0
configure:4635: /home/dott/emsdk/upstream/emscripten/emcc -E  conftest.c
conftest.c:11:10: fatal error: 'ac_nonexistent.h' file not found
#include <ac_nonexistent.h>
         ^~~~~~~~~~~~~~~~~~
1 error generated.
emcc: error: '/home/dott/emsdk/upstream/bin/clang -target wasm32-unknown-emscripten -fignore-exceptions -fvisibility=default -mllvm -combiner-global-alias-analysis=false -mllvm -enable-emscripten-sjlj -mllvm -disable-lsr -DEMSCRIPTEN -D__EMSCRIPTEN_major__=3 -D__EMSCRIPTEN_minor__=1 -D__EMSCRIPTEN_tiny__=20 -Werror=implicit-function-declaration -I/home/dott/emsdk/upstream/emscripten/cache/sysroot/include/SDL --sysroot=/home/dott/emsdk/upstream/emscripten/cache/sysroot -Xclang -iwithsysroot/include/compat -E conftest.c' failed (returned 1)
configure:4635: $? = 1
configure: failed program was:
| /* confdefs.h */
| #define PACKAGE_NAME "libnestegg"
| #define PACKAGE_TARNAME "libnestegg"
| #define PACKAGE_VERSION "0.1git"
| #define PACKAGE_STRING "libnestegg 0.1git"
| #define PACKAGE_BUGREPORT ""
| #define PACKAGE_URL ""
| #define PACKAGE "libnestegg"
| #define VERSION "0.1git"
| /* end confdefs.h.  */
| #include <ac_nonexistent.h>
configure:4662: result: /home/dott/emsdk/upstream/emscripten/emcc -E
configure:4676: /home/dott/emsdk/upstream/emscripten/emcc -E  conftest.c
configure:4676: $? = 0
configure:4691: /home/dott/emsdk/upstream/emscripten/emcc -E  conftest.c
conftest.c:11:10: fatal error: 'ac_nonexistent.h' file not found
#include <ac_nonexistent.h>
         ^~~~~~~~~~~~~~~~~~
1 error generated.
emcc: error: '/home/dott/emsdk/upstream/bin/clang -target wasm32-unknown-emscripten -fignore-exceptions -fvisibility=default -mllvm -combiner-global-alias-analysis=false -mllvm -enable-emscripten-sjlj -mllvm -disable-lsr -DEMSCRIPTEN -D__EMSCRIPTEN_major__=3 -D__EMSCRIPTEN_minor__=1 -D__EMSCRIPTEN_tiny__=20 -Werror=implicit-function-declaration -I/home/dott/emsdk/upstream/emscripten/cache/sysroot/include/SDL --sysroot=/home/dott/emsdk/upstream/emscripten/cache/sysroot -Xclang -iwithsysroot/include/compat -E conftest.c' failed (returned 1)
configure:4691: $? = 1
configure: failed program was:
| /* confdefs.h */
| #define PACKAGE_NAME "libnestegg"
| #define PACKAGE_TARNAME "libnestegg"
| #define PACKAGE_VERSION "0.1git"
| #define PACKAGE_STRING "libnestegg 0.1git"
| #define PACKAGE_BUGREPORT ""
| #define PACKAGE_URL ""
| #define PACKAGE "libnestegg"
| #define VERSION "0.1git"
| /* end confdefs.h.  */
| #include <ac_nonexistent.h>
configure:5104: checking how to print strings
configure:5131: result: printf
configure:5152: checking for a sed that does not truncate output
configure:5222: result: /usr/bin/sed
configure:5240: checking for grep that handles long lines and -e
configure:5304: result: /usr/bin/grep
configure:5309: checking for egrep
configure:5377: result: /usr/bin/grep -E
configure:5382: checking for fgrep
configure:5450: result: /usr/bin/grep -F
configure:5486: checking for ld used by /home/dott/emsdk/upstream/emscripten/emcc
emcc: error: no input files
configure:5554: result: /home/dott/emsdk/upstream/emscripten/emcc
configure:5561: checking if the linker (/home/dott/emsdk/upstream/emscripten/emcc) is GNU ld
configure:5577: result: yes
configure:5589: checking for BSD- or MS-compatible name lister (nm)
configure:5644: result: /home/dott/emsdk/upstream/bin/llvm-nm
configure:5784: checking the name lister (/home/dott/emsdk/upstream/bin/llvm-nm) interface
configure:5792: /home/dott/emsdk/upstream/emscripten/emcc -c   conftest.c >&5
configure:5795: /home/dott/emsdk/upstream/bin/llvm-nm "conftest.o"
configure:5798: output
00000000 D some_variable
configure:5805: result: BSD nm
configure:5808: checking whether ln -s works
configure:5812: result: yes
configure:5820: checking the maximum length of command line arguments
configure:5952: result: 1572864
configure:6000: checking how to convert x86_64-pc-linux-gnu file names to x86_64-pc-linux-gnu format
configure:6041: result: func_convert_file_noop
configure:6048: checking how to convert x86_64-pc-linux-gnu file names to toolchain format
configure:6069: result: func_convert_file_noop
configure:6076: checking for /home/dott/emsdk/upstream/emscripten/emcc option to reload object files
configure:6084: result: -r
configure:6163: checking for objdump
configure:6195: result: objdump
configure:6224: checking how to recognize dependent libraries
configure:6425: result: pass_all
configure:6515: checking for dlltool
configure:6547: result: dlltool
configure:6577: checking how to associate runtime and link libraries
configure:6605: result: printf %s\n
configure:6740: checking for archiver @FILE support
configure:6758: /home/dott/emsdk/upstream/emscripten/emcc -c   conftest.c >&5
configure:6758: $? = 0
configure:6762: /home/dott/emsdk/upstream/emscripten/emar cru libconftest.a @conftest.lst >&5
configure:6765: $? = 0
configure:6770: /home/dott/emsdk/upstream/emscripten/emar cru libconftest.a @conftest.lst >&5
/home/dott/emsdk/upstream/bin/llvm-ar: error: conftest.o: No such file or directory
configure:6773: $? = 1
configure:6785: result: @
configure:6848: checking for strip
configure:6869: found /usr/bin/strip
configure:6880: result: strip
configure:6957: checking for ranlib
configure:6989: result: /home/dott/emsdk/upstream/emscripten/emranlib
configure:7091: checking command to parse /home/dott/emsdk/upstream/bin/llvm-nm output from /home/dott/emsdk/upstream/emscripten/emcc object
configure:7245: /home/dott/emsdk/upstream/emscripten/emcc -c   conftest.c >&5
configure:7248: $? = 0
configure:7252: /home/dott/emsdk/upstream/bin/llvm-nm conftest.o \| sed -n -e 's/^.*[ ]\([ABCDGIRSTW][ABCDGIRSTW]*\)[ ][ ]*\([_A-Za-z][_A-Za-z0-9]*\)$/\1 \2 \2/p' | sed '/ __gnu_lto/d' \> conftest.nm
configure:7255: $? = 0
configure:7321: /home/dott/emsdk/upstream/emscripten/emcc -o conftest    conftest.c conftstm.o >&5
configure:7324: $? = 0
configure:7362: result: ok
configure:7409: checking for sysroot
configure:7440: result: no
configure:7447: checking for a working dd
configure:7491: result: /usr/bin/dd
configure:7495: checking how to truncate binary pipes
configure:7511: result: /usr/bin/dd bs=4096 count=1
configure:7648: /home/dott/emsdk/upstream/emscripten/emcc -c   conftest.c >&5
configure:7651: $? = 0
configure:7848: checking for mt
configure:7883: result: no
configure:7903: checking if : is a manifest tool
configure:7910: : '-?'
configure:7918: result: no
configure:8648: checking for stdio.h
configure:8648: /home/dott/emsdk/upstream/emscripten/emcc -c   conftest.c >&5
configure:8648: $? = 0
configure:8648: result: yes
configure:8648: checking for stdlib.h
configure:8648: /home/dott/emsdk/upstream/emscripten/emcc -c   conftest.c >&5
configure:8648: $? = 0
configure:8648: result: yes
configure:8648: checking for string.h
configure:8648: /home/dott/emsdk/upstream/emscripten/emcc -c   conftest.c >&5
configure:8648: $? = 0
configure:8648: result: yes
configure:8648: checking for inttypes.h
configure:8648: /home/dott/emsdk/upstream/emscripten/emcc -c   conftest.c >&5
configure:8648: $? = 0
configure:8648: result: yes
configure:8648: checking for stdint.h
configure:8648: /home/dott/emsdk/upstream/emscripten/emcc -c   conftest.c >&5
configure:8648: $? = 0
configure:8648: result: yes
configure:8648: checking for strings.h
configure:8648: /home/dott/emsdk/upstream/emscripten/emcc -c   conftest.c >&5
configure:8648: $? = 0
configure:8648: result: yes
configure:8648: checking for sys/stat.h
configure:8648: /home/dott/emsdk/upstream/emscripten/emcc -c   conftest.c >&5
configure:8648: $? = 0
configure:8648: result: yes
configure:8648: checking for sys/types.h
configure:8648: /home/dott/emsdk/upstream/emscripten/emcc -c   conftest.c >&5
configure:8648: $? = 0
configure:8648: result: yes
configure:8648: checking for unistd.h
configure:8648: /home/dott/emsdk/upstream/emscripten/emcc -c   conftest.c >&5
configure:8648: $? = 0
configure:8648: result: yes
configure:8673: checking for dlfcn.h
configure:8673: /home/dott/emsdk/upstream/emscripten/emcc -c   conftest.c >&5
configure:8673: $? = 0
configure:8673: result: yes
configure:8930: checking for objdir
configure:8946: result: .libs
configure:9210: checking if /home/dott/emsdk/upstream/emscripten/emcc supports -fno-rtti -fno-exceptions
configure:9229: /home/dott/emsdk/upstream/emscripten/emcc -c   -fno-rtti -fno-exceptions conftest.c >&5
configure:9233: $? = 0
configure:9246: result: yes
configure:9604: checking for /home/dott/emsdk/upstream/emscripten/emcc option to produce PIC
configure:9612: result: -fPIC -DPIC
configure:9620: checking if /home/dott/emsdk/upstream/emscripten/emcc PIC flag -fPIC -DPIC works
configure:9639: /home/dott/emsdk/upstream/emscripten/emcc -c   -fPIC -DPIC -DPIC conftest.c >&5
configure:9643: $? = 0
configure:9656: result: yes
configure:9685: checking if /home/dott/emsdk/upstream/emscripten/emcc static flag -static works
configure:9714: result: yes
configure:9729: checking if /home/dott/emsdk/upstream/emscripten/emcc supports -c -o file.o
configure:9751: /home/dott/emsdk/upstream/emscripten/emcc -c   -o out/conftest2.o conftest.c >&5
configure:9755: $? = 0
configure:9777: result: yes
configure:9785: checking if /home/dott/emsdk/upstream/emscripten/emcc supports -c -o file.o
configure:9833: result: yes
configure:9866: checking whether the /home/dott/emsdk/upstream/emscripten/emcc linker (/home/dott/emsdk/upstream/emscripten/emcc) supports shared libraries
configure:11132: result: yes
configure:11373: checking dynamic linker characteristics
configure:11955: /home/dott/emsdk/upstream/emscripten/emcc -o conftest    -Wl,-rpath -Wl,/foo conftest.c  >&5
emcc: warning: ignoring unsupported linker flag: `-rpath` [-Wlinkflags]
configure:11955: $? = 0
configure:12197: result: GNU/Linux ld.so
configure:12319: checking how to hardcode library paths into programs
configure:12344: result: immediate
configure:12896: checking whether stripping libraries is possible
configure:12901: result: yes
configure:12936: checking if libtool supports shared libraries
configure:12938: result: yes
configure:12941: checking whether to build shared libraries
configure:12966: result: no
configure:12969: checking whether to build static libraries
configure:12973: result: yes
configure:13023: checking for doxygen
configure:13056: result: false
configure:13080: WARNING: *** doxygen not found, API documentation will not be built
configure:13098: checking for ld used by /home/dott/emsdk/upstream/emscripten/emcc
emcc: error: no input files
configure:13166: result: /home/dott/emsdk/upstream/emscripten/emcc
configure:13173: checking if the linker (/home/dott/emsdk/upstream/emscripten/emcc) is GNU ld
configure:13189: result: yes
configure:13199: checking how to control symbol export
configure:13308: checking that generated files are newer than configure
configure:13314: result: done
configure:13341: creating ./config.status

## ---------------------- ##
## Running config.status. ##
## ---------------------- ##

This file was extended by libnestegg config.status 0.1git, which was
generated by GNU Autoconf 2.70.  Invocation command line was

  CONFIG_FILES    = 
  CONFIG_HEADERS  = 
  CONFIG_LINKS    = 
  CONFIG_COMMANDS = 
  $ ./config.status 

on localhost

config.status:1099: creating Makefile
config.status:1099: creating docs/Makefile
config.status:1099: creating docs/Doxyfile
config.status:1099: creating nestegg.pc
config.status:1099: creating nestegg-uninstalled.pc
config.status:1099: creating config.h
config.status:1313: executing depfiles commands
config.status:1390: cd .       && sed -e '/# am--include-marker/d' Makefile         | make -f - am--depfiles
make[1]: Entering directory '/home/dott/ogv.js/build/wasm/libnestegg'
make[1]: Leaving directory '/home/dott/ogv.js/build/wasm/libnestegg'
config.status:1395: $? = 0
config.status:1313: executing libtool commands

## ---------------- ##
## Cache variables. ##
## ---------------- ##

ac_cv_build=x86_64-pc-linux-gnu
ac_cv_c_compiler_gnu=yes
ac_cv_env_CC_set=set
ac_cv_env_CC_value=/home/dott/emsdk/upstream/emscripten/emcc
ac_cv_env_CFLAGS_set=
ac_cv_env_CFLAGS_value=
ac_cv_env_CPPFLAGS_set=
ac_cv_env_CPPFLAGS_value=
ac_cv_env_CPP_set=
ac_cv_env_CPP_value=
ac_cv_env_LDFLAGS_set=
ac_cv_env_LDFLAGS_value=
ac_cv_env_LIBS_set=
ac_cv_env_LIBS_value=
ac_cv_env_LT_SYS_LIBRARY_PATH_set=
ac_cv_env_LT_SYS_LIBRARY_PATH_value=
ac_cv_env_build_alias_set=
ac_cv_env_build_alias_value=
ac_cv_env_host_alias_set=
ac_cv_env_host_alias_value=
ac_cv_env_target_alias_set=
ac_cv_env_target_alias_value=
ac_cv_header_dlfcn_h=yes
ac_cv_header_inttypes_h=yes
ac_cv_header_stdint_h=yes
ac_cv_header_stdio_h=yes
ac_cv_header_stdlib_h=yes
ac_cv_header_string_h=yes
ac_cv_header_strings_h=yes
ac_cv_header_sys_stat_h=yes
ac_cv_header_sys_types_h=yes
ac_cv_header_unistd_h=yes
ac_cv_host=x86_64-pc-linux-gnu
ac_cv_objext=o
ac_cv_path_EGREP='/usr/bin/grep -E'
ac_cv_path_FGREP='/usr/bin/grep -F'
ac_cv_path_GREP=/usr/bin/grep
ac_cv_path_SED=/usr/bin/sed
ac_cv_path_install='/usr/bin/install -c'
ac_cv_path_lt_DD=/usr/bin/dd
ac_cv_path_mkdir=/usr/bin/mkdir
ac_cv_prog_AWK=gawk
ac_cv_prog_CPP='/home/dott/emsdk/upstream/emscripten/emcc -E'
ac_cv_prog_HAVE_DOXYGEN=false
ac_cv_prog_ac_ct_CC=/home/dott/emsdk/upstream/emscripten/emcc
ac_cv_prog_ac_ct_DLLTOOL=dlltool
ac_cv_prog_ac_ct_OBJDUMP=objdump
ac_cv_prog_ac_ct_RANLIB=/home/dott/emsdk/upstream/emscripten/emranlib
ac_cv_prog_ac_ct_STRIP=strip
ac_cv_prog_cc_c11=
ac_cv_prog_cc_g=yes
ac_cv_prog_cc_stdc=
ac_cv_prog_make_make_set=yes
ac_cv_target=x86_64-pc-linux-gnu
am_cv_CC_dependencies_compiler_type=gcc3
am_cv_make_support_nested_variables=yes
am_cv_prog_cc_c_o=yes
lt_cv_ar_at_file=@
lt_cv_deplibs_check_method=pass_all
lt_cv_file_magic_cmd='$MAGIC_CMD'
lt_cv_file_magic_test_file=
lt_cv_ld_reload_flag=-r
lt_cv_nm_interface='BSD nm'
lt_cv_objdir=.libs
lt_cv_path_LD=/home/dott/emsdk/upstream/emscripten/emcc
lt_cv_path_NM=/home/dott/emsdk/upstream/bin/llvm-nm
lt_cv_path_mainfest_tool=no
lt_cv_prog_compiler_c_o=yes
lt_cv_prog_compiler_pic='-fPIC -DPIC'
lt_cv_prog_compiler_pic_works=yes
lt_cv_prog_compiler_rtti_exceptions=yes
lt_cv_prog_compiler_static_works=yes
lt_cv_prog_gnu_ld=yes
lt_cv_sharedlib_from_linklib_cmd='printf %s\n'
lt_cv_shlibpath_overrides_runpath=no
lt_cv_sys_global_symbol_pipe='sed -n -e '\''s/^.*[	 ]\([ABCDGIRSTW][ABCDGIRSTW]*\)[	 ][	 ]*\([_A-Za-z][_A-Za-z0-9]*\)$/\1 \2 \2/p'\'' | sed '\''/ __gnu_lto/d'\'''
lt_cv_sys_global_symbol_to_c_name_address='sed -n -e '\''s/^: \(.*\) .*$/  {"\1", (void *) 0},/p'\'' -e '\''s/^[ABCDGIRSTW][ABCDGIRSTW]* .* \(.*\)$/  {"\1", (void *) \&\1},/p'\'''
lt_cv_sys_global_symbol_to_c_name_address_lib_prefix='sed -n -e '\''s/^: \(.*\) .*$/  {"\1", (void *) 0},/p'\'' -e '\''s/^[ABCDGIRSTW][ABCDGIRSTW]* .* \(lib.*\)$/  {"\1", (void *) \&\1},/p'\'' -e '\''s/^[ABCDGIRSTW][ABCDGIRSTW]* .* \(.*\)$/  {"lib\1", (void *) \&\1},/p'\'''
lt_cv_sys_global_symbol_to_cdecl='sed -n -e '\''s/^T .* \(.*\)$/extern int \1();/p'\'' -e '\''s/^[ABCDGIRSTW][ABCDGIRSTW]* .* \(.*\)$/extern char \1;/p'\'''
lt_cv_sys_global_symbol_to_import=
lt_cv_sys_max_cmd_len=1572864
lt_cv_to_host_file_cmd=func_convert_file_noop
lt_cv_to_tool_file_cmd=func_convert_file_noop
lt_cv_truncate_bin='/usr/bin/dd bs=4096 count=1'

## ----------------- ##
## Output variables. ##
## ----------------- ##

ACLOCAL='${SHELL} '\''/home/dott/ogv.js/libnestegg/missing'\'' aclocal-1.16'
AMDEPBACKSLASH='\'
AMDEP_FALSE='#'
AMDEP_TRUE=''
AMTAR='$${TAR-tar}'
AM_BACKSLASH='\'
AM_DEFAULT_V='$(AM_DEFAULT_VERBOSITY)'
AM_DEFAULT_VERBOSITY='0'
AM_V='$(V)'
AR='/home/dott/emsdk/upstream/emscripten/emar'
AS='as'
AUTOCONF='${SHELL} '\''/home/dott/ogv.js/libnestegg/missing'\'' autoconf'
AUTOHEADER='${SHELL} '\''/home/dott/ogv.js/libnestegg/missing'\'' autoheader'
AUTOMAKE='${SHELL} '\''/home/dott/ogv.js/libnestegg/missing'\'' automake-1.16'
AWK='gawk'
BINDIR='/home/dott/ogv.js/build/wasm/root/bin'
CC='/home/dott/emsdk/upstream/emscripten/emcc'
CCDEPMODE='depmode=gcc3'
CFLAGS=''
CPP='/home/dott/emsdk/upstream/emscripten/emcc -E'
CPPFLAGS=''
CYGPATH_W='echo'
DEBUG=''
DEFS='-DHAVE_CONFIG_H'
DEPDIR='.deps'
DLLTOOL='dlltool'
DOCDIR='/home/dott/ogv.js/build/wasm/root/share/doc/libnestegg'
DSYMUTIL=''
DUMPBIN=''
ECHO_C=''
ECHO_N='-n'
ECHO_T=''
EGREP='/usr/bin/grep -E'
EXEEXT=''
FGREP='/usr/bin/grep -F'
GREP='/usr/bin/grep'
HAVE_DOXYGEN='false'
HAVE_DOXYGEN_FALSE=''
HAVE_DOXYGEN_TRUE='#'
INCLUDEDIR='/home/dott/ogv.js/build/wasm/root/include'
INSTALL_DATA='${INSTALL} -m 644'
INSTALL_PROGRAM='${INSTALL}'
INSTALL_SCRIPT='${INSTALL}'
INSTALL_STRIP_PROGRAM='$(install_sh) -c -s'
LD='/home/dott/emsdk/upstream/emscripten/emcc'
LDFLAGS=''
LIBDIR='/home/dott/ogv.js/build/wasm/root/lib'
LIBOBJS=''
LIBS=''
LIBTOOL='$(SHELL) $(top_builddir)/libtool'
LIPO=''
LN_S='ln -s'
LTLIBOBJS=''
LT_SYS_LIBRARY_PATH=''
MAKEINFO='${SHELL} '\''/home/dott/ogv.js/libnestegg/missing'\'' makeinfo'
MANIFEST_TOOL=':'
MKDIR_P='/usr/bin/mkdir -p'
NESTEGG_AGE='1'
NESTEGG_CURRENT='0'
NESTEGG_REVISION='0'
NM='/home/dott/emsdk/upstream/bin/llvm-nm'
NMEDIT=''
OBJDUMP='objdump'
OBJEXT='o'
OTOOL64=''
OTOOL=''
PACKAGE='libnestegg'
PACKAGE_BUGREPORT=''
PACKAGE_NAME='libnestegg'
PACKAGE_STRING='libnestegg 0.1git'
PACKAGE_TARNAME='libnestegg'
PACKAGE_URL=''
PACKAGE_VERSION='0.1git'
PATH_SEPARATOR=':'
PROFILE=''
RANLIB='/home/dott/emsdk/upstream/emscripten/emranlib'
SED='/usr/bin/sed'
SET_MAKE=''
SHELL='/bin/sh'
STRIP='strip'
VERSION='0.1git'
ac_ct_AR=''
ac_ct_CC='/home/dott/emsdk/upstream/emscripten/emcc'
ac_ct_DUMPBIN=''
am__EXEEXT_FALSE=''
am__EXEEXT_TRUE='#'
am__fastdepCC_FALSE='#'
am__fastdepCC_TRUE=''
am__include='include'
am__isrc=' -I$(srcdir)'
am__leading_dot='.'
am__nodep='_no'
am__quote=''
am__tar='$${TAR-tar} chof - "$$tardir"'
am__untar='$${TAR-tar} xf -'
bindir='${exec_prefix}/bin'
build='x86_64-pc-linux-gnu'
build_alias=''
build_cpu='x86_64'
build_os='linux-gnu'
build_vendor='pc'
datadir='${datarootdir}'
datarootdir='${prefix}/share'
docdir='${datarootdir}/doc/${PACKAGE_TARNAME}'
dvidir='${docdir}'
exec_prefix='${prefix}'
host='x86_64-pc-linux-gnu'
host_alias=''
host_cpu='x86_64'
host_os='linux-gnu'
host_vendor='pc'
htmldir='${docdir}'
includedir='${prefix}/include'
infodir='${datarootdir}/info'
install_sh='${SHELL} /home/dott/ogv.js/libnestegg/install-sh'
libdir='${exec_prefix}/lib'
libexecdir='${exec_prefix}/libexec'
localedir='${datarootdir}/locale'
localstatedir='${prefix}/var'
mandir='${datarootdir}/man'
mkdir_p='$(MKDIR_P)'
oldincludedir='/usr/include'
pdfdir='${docdir}'
prefix='/home/dott/ogv.js/build/wasm/root'
program_transform_name='s,x,x,'
psdir='${docdir}'
runstatedir='/run'
sbindir='${exec_prefix}/sbin'
sharedstatedir='${prefix}/com'
sysconfdir='${prefix}/etc'
target='x86_64-pc-linux-gnu'
target_alias=''
target_cpu='x86_64'
target_os='linux-gnu'
target_vendor='pc'

## ----------- ##
## confdefs.h. ##
## ----------- ##

/* confdefs.h */
#define PACKAGE_NAME "libnestegg"
#define PACKAGE_TARNAME "libnestegg"
#define PACKAGE_VERSION "0.1git"
#define PACKAGE_STRING "libnestegg 0.1git"
#define PACKAGE_BUGREPORT ""
#define PACKAGE_URL ""
#define PACKAGE "libnestegg"
#define VERSION "0.1git"
#define HAVE_STDIO_H 1
#define HAVE_STDLIB_H 1
#define HAVE_STRING_H 1
#define HAVE_INTTYPES_H 1
#define HAVE_STDINT_H 1
#define HAVE_STRINGS_H 1
#define HAVE_SYS_STAT_H 1
#define HAVE_SYS_TYPES_H 1
#define HAVE_UNISTD_H 1
#define STDC_HEADERS 1
#define HAVE_DLFCN_H 1
#define LT_OBJDIR ".libs/"

configure: exit 0
