This file contains any messages produced by compilers while
running configure, to aid debugging if configure makes a mistake.

It was created by libogg configure 1.3.3, which was
generated by GNU Autoconf 2.70.  Invocation command line was

  $ ../../../libogg/configure --prefix=/home/dott/ogv.js/build/wasm/root --disable-shared

## --------- ##
## Platform. ##
## --------- ##

hostname = localhost
uname -m = x86_64
uname -r = 5.15.62-desktop-1.mga8
uname -s = Linux
uname -v = #1 SMP Sun Aug 21 16:48:29 UTC 2022

/usr/bin/uname -p = x86_64
/bin/uname -X     = unknown

/bin/arch              = x86_64
/usr/bin/arch -k       = unknown
/usr/convex/getsysinfo = unknown
/usr/bin/hostinfo      = unknown
/bin/machine           = unknown
/usr/bin/oslevel       = unknown
/bin/universe          = unknown

PATH: /home/dott/emsdk/upstream/emscripten/cache/sysroot/bin/
PATH: /home/dott/emsdk/
PATH: /home/dott/emsdk/upstream/emscripten/
PATH: /home/dott/emsdk/node/14.18.2_64bit/bin/
PATH: /home/dott/.vscode-server/bin/e4503b30fc78200f846c62cf8091b76ff5547662/bin/remote-cli/
PATH: /usr/local/lib/nodejs/bin/
PATH: /home/dott/.cargo/bin/
PATH: /usr/local/bin/
PATH: /usr/bin/
PATH: /usr/local/games/
PATH: /usr/games/
PATH: /usr/local/sbin/
PATH: /usr/sbin/
PATH: /usr/lib64/qt5/bin/
PATH: /home/dott/.local/bin/
PATH: /home/dott/bin/


## ----------- ##
## Core tests. ##
## ----------- ##

configure:2604: looking for aux files: config.guess config.sub ltmain.sh compile missing install-sh
configure:2617:  trying ../../../libogg/
configure:2646:   ../../../libogg/config.guess found
configure:2646:   ../../../libogg/config.sub found
configure:2646:   ../../../libogg/ltmain.sh found
configure:2646:   ../../../libogg/compile found
configure:2646:   ../../../libogg/missing found
configure:2628:   ../../../libogg/install-sh found
configure:2778: checking for a BSD-compatible install
configure:2851: result: /usr/bin/install -c
configure:2862: checking whether build environment is sane
configure:2917: result: yes
configure:3076: checking for a race-free mkdir -p
configure:3120: result: /usr/bin/mkdir -p
configure:3127: checking for gawk
configure:3148: found /usr/bin/gawk
configure:3159: result: gawk
configure:3170: checking whether make sets $(MAKE)
configure:3193: result: yes
configure:3223: checking whether make supports nested variables
configure:3241: result: yes
configure:3364: checking whether to enable maintainer-specific portions of Makefiles
configure:3374: result: yes
configure:3458: checking for gcc
configure:3490: result: /home/dott/emsdk/upstream/emscripten/emcc
configure:3843: checking for C compiler version
configure:3852: /home/dott/emsdk/upstream/emscripten/emcc --version >&5
emcc (Emscripten gcc/clang-like replacement + linker emulating GNU ld) 3.1.20 (5d878c99921ec247d34fb26a20b5a13d60d69e93)
Copyright (C) 2014 the Emscripten authors (see AUTHORS.txt)
This is free and open source software under the MIT license.
There is NO warranty; not even for MERCHANTABILITY or FITNESS FOR A PARTICULAR PURPOSE.

configure:3863: $? = 0
configure:3852: /home/dott/emsdk/upstream/emscripten/emcc -v >&5
emcc (Emscripten gcc/clang-like replacement + linker emulating GNU ld) 3.1.20 (5d878c99921ec247d34fb26a20b5a13d60d69e93)
clang version 16.0.0 (https://github.com/llvm/llvm-project 75767a0f9a926641edbef08e31ec2148ff45da67)
Target: wasm32-unknown-emscripten
Thread model: posix
InstalledDir: /home/dott/emsdk/upstream/bin
configure:3863: $? = 0
configure:3852: /home/dott/emsdk/upstream/emscripten/emcc -V >&5
emcc: error: no input files
configure:3863: $? = 1
configure:3852: /home/dott/emsdk/upstream/emscripten/emcc -qversion >&5
emcc: error: no input files
configure:3863: $? = 1
configure:3852: /home/dott/emsdk/upstream/emscripten/emcc -version >&5
emcc: error: no input files
configure:3863: $? = 1
configure:3883: checking whether the C compiler works
configure:3905: /home/dott/emsdk/upstream/emscripten/emcc    conftest.c  >&5
configure:3909: $? = 0
configure:3959: result: yes
configure:3962: checking for C compiler default output file name
configure:3964: result: a.out
configure:3970: checking for suffix of executables
configure:3977: /home/dott/emsdk/upstream/emscripten/emcc -o conftest    conftest.c  >&5
configure:3981: $? = 0
configure:4004: result: 
configure:4026: checking whether we are cross compiling
configure:4034: /home/dott/emsdk/upstream/emscripten/emcc -o conftest    conftest.c  >&5
configure:4038: $? = 0
configure:4045: ./conftest
configure:4049: $? = 0
configure:4064: result: no
configure:4069: checking for suffix of object files
configure:4092: /home/dott/emsdk/upstream/emscripten/emcc -c   conftest.c >&5
configure:4096: $? = 0
configure:4118: result: o
configure:4122: checking whether the compiler supports GNU C
configure:4142: /home/dott/emsdk/upstream/emscripten/emcc -c   conftest.c >&5
configure:4142: $? = 0
configure:4152: result: yes
configure:4163: checking whether /home/dott/emsdk/upstream/emscripten/emcc accepts -g
configure:4184: /home/dott/emsdk/upstream/emscripten/emcc -c -g  conftest.c >&5
configure:4184: $? = 0
configure:4228: result: yes
configure:4248: checking for /home/dott/emsdk/upstream/emscripten/emcc option to enable C11 features
configure:4263: /home/dott/emsdk/upstream/emscripten/emcc  -c -g -O2  conftest.c >&5
conftest.c:25:14: warning: a function definition without a prototype is deprecated in all versions of C and is not supported in C2x [-Wdeprecated-non-prototype]
static char *e (p, i)
             ^
1 warning generated.
configure:4263: $? = 0
configure:4281: result: none needed
configure:4397: checking whether /home/dott/emsdk/upstream/emscripten/emcc understands -c and -o together
configure:4420: /home/dott/emsdk/upstream/emscripten/emcc -c conftest.c -o conftest2.o
configure:4423: $? = 0
configure:4420: /home/dott/emsdk/upstream/emscripten/emcc -c conftest.c -o conftest2.o
configure:4423: $? = 0
configure:4435: result: yes
configure:4455: checking whether make supports the include directive
configure:4470: make -f confmf.GNU && cat confinc.out
make[1]: Entering directory '/home/dott/ogv.js/build/wasm/libogg'
make[1]: Leaving directory '/home/dott/ogv.js/build/wasm/libogg'
this is the am__doit target
configure:4473: $? = 0
configure:4492: result: yes (GNU style)
configure:4518: checking dependency style of /home/dott/emsdk/upstream/emscripten/emcc
configure:4630: result: gcc3
configure:4677: checking build system type
configure:4692: result: x86_64-pc-linux-gnu
configure:4712: checking host system type
configure:4726: result: x86_64-pc-linux-gnu
configure:4767: checking how to print strings
configure:4794: result: printf
configure:4815: checking for a sed that does not truncate output
configure:4885: result: /usr/bin/sed
configure:4903: checking for grep that handles long lines and -e
configure:4967: result: /usr/bin/grep
configure:4972: checking for egrep
configure:5040: result: /usr/bin/grep -E
configure:5045: checking for fgrep
configure:5113: result: /usr/bin/grep -F
configure:5149: checking for ld used by /home/dott/emsdk/upstream/emscripten/emcc
emcc: error: no input files
configure:5217: result: /home/dott/emsdk/upstream/emscripten/emcc
configure:5224: checking if the linker (/home/dott/emsdk/upstream/emscripten/emcc) is GNU ld
configure:5240: result: yes
configure:5252: checking for BSD- or MS-compatible name lister (nm)
configure:5307: result: /home/dott/emsdk/upstream/bin/llvm-nm
configure:5447: checking the name lister (/home/dott/emsdk/upstream/bin/llvm-nm) interface
configure:5455: /home/dott/emsdk/upstream/emscripten/emcc -c -g -O2  conftest.c >&5
configure:5458: /home/dott/emsdk/upstream/bin/llvm-nm "conftest.o"
configure:5461: output
00000000 d .debug_abbrev
00000000 d .debug_line
00000000 d .debug_str
00000000 D some_variable
configure:5468: result: BSD nm
configure:5471: checking whether ln -s works
configure:5475: result: yes
configure:5483: checking the maximum length of command line arguments
configure:5615: result: 1572864
configure:5663: checking how to convert x86_64-pc-linux-gnu file names to x86_64-pc-linux-gnu format
configure:5704: result: func_convert_file_noop
configure:5711: checking how to convert x86_64-pc-linux-gnu file names to toolchain format
configure:5732: result: func_convert_file_noop
configure:5739: checking for /home/dott/emsdk/upstream/emscripten/emcc option to reload object files
configure:5747: result: -r
configure:5826: checking for objdump
configure:5847: found /usr/bin/objdump
configure:5858: result: objdump
configure:5890: checking how to recognize dependent libraries
configure:6091: result: pass_all
configure:6181: checking for dlltool
configure:6216: result: no
configure:6246: checking how to associate runtime and link libraries
configure:6274: result: printf %s\n
configure:6409: checking for archiver @FILE support
configure:6427: /home/dott/emsdk/upstream/emscripten/emcc -c -g -O2  conftest.c >&5
configure:6427: $? = 0
configure:6431: /home/dott/emsdk/upstream/emscripten/emar cru libconftest.a @conftest.lst >&5
configure:6434: $? = 0
configure:6439: /home/dott/emsdk/upstream/emscripten/emar cru libconftest.a @conftest.lst >&5
/home/dott/emsdk/upstream/bin/llvm-ar: error: conftest.o: No such file or directory
configure:6442: $? = 1
configure:6454: result: @
configure:6517: checking for strip
configure:6538: found /usr/bin/strip
configure:6549: result: strip
configure:6626: checking for ranlib
configure:6658: result: /home/dott/emsdk/upstream/emscripten/emranlib
configure:6760: checking command to parse /home/dott/emsdk/upstream/bin/llvm-nm output from /home/dott/emsdk/upstream/emscripten/emcc object
configure:6914: /home/dott/emsdk/upstream/emscripten/emcc -c -g -O2  conftest.c >&5
configure:6917: $? = 0
configure:6921: /home/dott/emsdk/upstream/bin/llvm-nm conftest.o \| sed -n -e 's/^.*[ ]\([ABCDGIRSTW][ABCDGIRSTW]*\)[ ][ ]*\([_A-Za-z][_A-Za-z0-9]*\)$/\1 \2 \2/p' | sed '/ __gnu_lto/d' \> conftest.nm
configure:6924: $? = 0
configure:6990: /home/dott/emsdk/upstream/emscripten/emcc -o conftest -g -O2   conftest.c conftstm.o >&5
emcc: warning: running limited binaryen optimizations because DWARF info requested (or indirectly required) [-Wlimited-postlink-optimizations]
configure:6993: $? = 0
configure:7031: result: ok
configure:7078: checking for sysroot
configure:7109: result: no
configure:7116: checking for a working dd
configure:7160: result: /usr/bin/dd
configure:7164: checking how to truncate binary pipes
configure:7180: result: /usr/bin/dd bs=4096 count=1
configure:7317: /home/dott/emsdk/upstream/emscripten/emcc -c -g -O2  conftest.c >&5
configure:7320: $? = 0
configure:7517: checking for mt
configure:7552: result: no
configure:7572: checking if : is a manifest tool
configure:7579: : '-?'
configure:7587: result: no
configure:8317: checking for stdio.h
configure:8317: /home/dott/emsdk/upstream/emscripten/emcc -c -g -O2  conftest.c >&5
configure:8317: $? = 0
configure:8317: result: yes
configure:8317: checking for stdlib.h
configure:8317: /home/dott/emsdk/upstream/emscripten/emcc -c -g -O2  conftest.c >&5
configure:8317: $? = 0
configure:8317: result: yes
configure:8317: checking for string.h
configure:8317: /home/dott/emsdk/upstream/emscripten/emcc -c -g -O2  conftest.c >&5
configure:8317: $? = 0
configure:8317: result: yes
configure:8317: checking for inttypes.h
configure:8317: /home/dott/emsdk/upstream/emscripten/emcc -c -g -O2  conftest.c >&5
configure:8317: $? = 0
configure:8317: result: yes
configure:8317: checking for stdint.h
configure:8317: /home/dott/emsdk/upstream/emscripten/emcc -c -g -O2  conftest.c >&5
configure:8317: $? = 0
configure:8317: result: yes
configure:8317: checking for strings.h
configure:8317: /home/dott/emsdk/upstream/emscripten/emcc -c -g -O2  conftest.c >&5
configure:8317: $? = 0
configure:8317: result: yes
configure:8317: checking for sys/stat.h
configure:8317: /home/dott/emsdk/upstream/emscripten/emcc -c -g -O2  conftest.c >&5
configure:8317: $? = 0
configure:8317: result: yes
configure:8317: checking for sys/types.h
configure:8317: /home/dott/emsdk/upstream/emscripten/emcc -c -g -O2  conftest.c >&5
configure:8317: $? = 0
configure:8317: result: yes
configure:8317: checking for unistd.h
configure:8317: /home/dott/emsdk/upstream/emscripten/emcc -c -g -O2  conftest.c >&5
configure:8317: $? = 0
configure:8317: result: yes
configure:8342: checking for dlfcn.h
configure:8342: /home/dott/emsdk/upstream/emscripten/emcc -c -g -O2  conftest.c >&5
configure:8342: $? = 0
configure:8342: result: yes
configure:8601: checking for objdir
configure:8617: result: .libs
configure:8877: checking if /home/dott/emsdk/upstream/emscripten/emcc supports -fno-rtti -fno-exceptions
configure:8896: /home/dott/emsdk/upstream/emscripten/emcc -c -g -O2  -fno-rtti -fno-exceptions conftest.c >&5
configure:8900: $? = 0
configure:8913: result: yes
configure:9271: checking for /home/dott/emsdk/upstream/emscripten/emcc option to produce PIC
configure:9279: result: -fPIC -DPIC
configure:9287: checking if /home/dott/emsdk/upstream/emscripten/emcc PIC flag -fPIC -DPIC works
configure:9306: /home/dott/emsdk/upstream/emscripten/emcc -c -g -O2  -fPIC -DPIC -DPIC conftest.c >&5
configure:9310: $? = 0
configure:9323: result: yes
configure:9352: checking if /home/dott/emsdk/upstream/emscripten/emcc static flag -static works
emcc: warning: running limited binaryen optimizations because DWARF info requested (or indirectly required) [-Wlimited-postlink-optimizations]
configure:9381: result: yes
configure:9396: checking if /home/dott/emsdk/upstream/emscripten/emcc supports -c -o file.o
configure:9418: /home/dott/emsdk/upstream/emscripten/emcc -c -g -O2  -o out/conftest2.o conftest.c >&5
configure:9422: $? = 0
configure:9444: result: yes
configure:9452: checking if /home/dott/emsdk/upstream/emscripten/emcc supports -c -o file.o
configure:9500: result: yes
configure:9533: checking whether the /home/dott/emsdk/upstream/emscripten/emcc linker (/home/dott/emsdk/upstream/emscripten/emcc) supports shared libraries
configure:10799: result: yes
configure:11040: checking dynamic linker characteristics
configure:11622: /home/dott/emsdk/upstream/emscripten/emcc -o conftest -g -O2   -Wl,-rpath -Wl,/foo conftest.c  >&5
emcc: warning: ignoring unsupported linker flag: `-rpath` [-Wlinkflags]
emcc: warning: running limited binaryen optimizations because DWARF info requested (or indirectly required) [-Wlimited-postlink-optimizations]
configure:11622: $? = 0
configure:11864: result: GNU/Linux ld.so
configure:11986: checking how to hardcode library paths into programs
configure:12011: result: immediate
configure:12563: checking whether stripping libraries is possible
configure:12568: result: yes
configure:12603: checking if libtool supports shared libraries
configure:12605: result: yes
configure:12608: checking whether to build shared libraries
configure:12633: result: no
configure:12636: checking whether to build static libraries
configure:12640: result: yes
configure:12732: checking for egrep
configure:12800: result: /usr/bin/grep -E
configure:12809: checking for inttypes.h
configure:12809: result: yes
configure:12815: checking for stdint.h
configure:12815: result: yes
configure:12821: checking for sys/types.h
configure:12821: result: yes
configure:12828: checking for an ANSI C-conforming const
configure:12895: /home/dott/emsdk/upstream/emscripten/emcc -c -O20 -Wall -ffast-math -fsigned-char -g -O2  conftest.c >&5
emcc:WARNING: optimization level '-O20' is not supported; using '-O3' instead
conftest.c:58:16: warning: variable 'foo' set but not used [-Wunused-but-set-variable]
    const int *foo = &x[0];
               ^
conftest.c:63:10: warning: variable 'p' set but not used [-Wunused-but-set-variable]
    iptr p = 0;
         ^
2 warnings generated.
configure:12895: $? = 0
configure:12903: result: yes
configure:12917: checking size of int16_t
configure:12923: /home/dott/emsdk/upstream/emscripten/emcc -o conftest -O20 -Wall -ffast-math -fsigned-char -g -O2   conftest.c  >&5
emcc:WARNING: optimization level '-O20' is not supported; using '-O3' instead
emcc: warning: running limited binaryen optimizations because DWARF info requested (or indirectly required) [-Wlimited-postlink-optimizations]
configure:12923: $? = 0
configure:12923: ./conftest
configure:12923: $? = 0
configure:12938: result: 2
configure:12950: checking size of uint16_t
configure:12956: /home/dott/emsdk/upstream/emscripten/emcc -o conftest -O20 -Wall -ffast-math -fsigned-char -g -O2   conftest.c  >&5
emcc:WARNING: optimization level '-O20' is not supported; using '-O3' instead
emcc: warning: running limited binaryen optimizations because DWARF info requested (or indirectly required) [-Wlimited-postlink-optimizations]
configure:12956: $? = 0
configure:12956: ./conftest
configure:12956: $? = 0
configure:12971: result: 2
configure:12983: checking size of u_int16_t
configure:12989: /home/dott/emsdk/upstream/emscripten/emcc -o conftest -O20 -Wall -ffast-math -fsigned-char -g -O2   conftest.c  >&5
emcc:WARNING: optimization level '-O20' is not supported; using '-O3' instead
emcc: warning: running limited binaryen optimizations because DWARF info requested (or indirectly required) [-Wlimited-postlink-optimizations]
configure:12989: $? = 0
configure:12989: ./conftest
configure:12989: $? = 0
configure:13004: result: 2
configure:13016: checking size of int32_t
configure:13022: /home/dott/emsdk/upstream/emscripten/emcc -o conftest -O20 -Wall -ffast-math -fsigned-char -g -O2   conftest.c  >&5
emcc:WARNING: optimization level '-O20' is not supported; using '-O3' instead
emcc: warning: running limited binaryen optimizations because DWARF info requested (or indirectly required) [-Wlimited-postlink-optimizations]
configure:13022: $? = 0
configure:13022: ./conftest
configure:13022: $? = 0
configure:13037: result: 4
configure:13049: checking size of uint32_t
configure:13055: /home/dott/emsdk/upstream/emscripten/emcc -o conftest -O20 -Wall -ffast-math -fsigned-char -g -O2   conftest.c  >&5
emcc:WARNING: optimization level '-O20' is not supported; using '-O3' instead
emcc: warning: running limited binaryen optimizations because DWARF info requested (or indirectly required) [-Wlimited-postlink-optimizations]
configure:13055: $? = 0
configure:13055: ./conftest
configure:13055: $? = 0
configure:13070: result: 4
configure:13082: checking size of u_int32_t
configure:13088: /home/dott/emsdk/upstream/emscripten/emcc -o conftest -O20 -Wall -ffast-math -fsigned-char -g -O2   conftest.c  >&5
emcc:WARNING: optimization level '-O20' is not supported; using '-O3' instead
emcc: warning: running limited binaryen optimizations because DWARF info requested (or indirectly required) [-Wlimited-postlink-optimizations]
configure:13088: $? = 0
configure:13088: ./conftest
configure:13088: $? = 0
configure:13103: result: 4
configure:13115: checking size of int64_t
configure:13121: /home/dott/emsdk/upstream/emscripten/emcc -o conftest -O20 -Wall -ffast-math -fsigned-char -g -O2   conftest.c  >&5
emcc:WARNING: optimization level '-O20' is not supported; using '-O3' instead
emcc: warning: running limited binaryen optimizations because DWARF info requested (or indirectly required) [-Wlimited-postlink-optimizations]
configure:13121: $? = 0
configure:13121: ./conftest
configure:13121: $? = 0
configure:13136: result: 8
configure:13148: checking size of short
configure:13154: /home/dott/emsdk/upstream/emscripten/emcc -o conftest -O20 -Wall -ffast-math -fsigned-char -g -O2   conftest.c  >&5
emcc:WARNING: optimization level '-O20' is not supported; using '-O3' instead
emcc: warning: running limited binaryen optimizations because DWARF info requested (or indirectly required) [-Wlimited-postlink-optimizations]
configure:13154: $? = 0
configure:13154: ./conftest
configure:13154: $? = 0
configure:13169: result: 2
configure:13181: checking size of int
configure:13187: /home/dott/emsdk/upstream/emscripten/emcc -o conftest -O20 -Wall -ffast-math -fsigned-char -g -O2   conftest.c  >&5
emcc:WARNING: optimization level '-O20' is not supported; using '-O3' instead
emcc: warning: running limited binaryen optimizations because DWARF info requested (or indirectly required) [-Wlimited-postlink-optimizations]
configure:13187: $? = 0
configure:13187: ./conftest
configure:13187: $? = 0
configure:13202: result: 4
configure:13214: checking size of long
configure:13220: /home/dott/emsdk/upstream/emscripten/emcc -o conftest -O20 -Wall -ffast-math -fsigned-char -g -O2   conftest.c  >&5
emcc:WARNING: optimization level '-O20' is not supported; using '-O3' instead
emcc: warning: running limited binaryen optimizations because DWARF info requested (or indirectly required) [-Wlimited-postlink-optimizations]
configure:13220: $? = 0
configure:13220: ./conftest
configure:13220: $? = 0
configure:13235: result: 4
configure:13247: checking size of long long
configure:13253: /home/dott/emsdk/upstream/emscripten/emcc -o conftest -O20 -Wall -ffast-math -fsigned-char -g -O2   conftest.c  >&5
emcc:WARNING: optimization level '-O20' is not supported; using '-O3' instead
emcc: warning: running limited binaryen optimizations because DWARF info requested (or indirectly required) [-Wlimited-postlink-optimizations]
configure:13253: $? = 0
configure:13253: ./conftest
configure:13253: $? = 0
configure:13268: result: 8
configure:13329: checking for working memcmp
configure:13374: /home/dott/emsdk/upstream/emscripten/emcc -o conftest -O20 -Wall -ffast-math -fsigned-char -g -O2   conftest.c  >&5
emcc:WARNING: optimization level '-O20' is not supported; using '-O3' instead
emcc: warning: running limited binaryen optimizations because DWARF info requested (or indirectly required) [-Wlimited-postlink-optimizations]
configure:13374: $? = 0
configure:13374: ./conftest
configure:13374: $? = 0
configure:13385: result: yes
configure:13518: checking that generated files are newer than configure
configure:13524: result: done
configure:13551: creating ./config.status

## ---------------------- ##
## Running config.status. ##
## ---------------------- ##

This file was extended by libogg config.status 1.3.3, which was
generated by GNU Autoconf 2.70.  Invocation command line was

  CONFIG_FILES    = 
  CONFIG_HEADERS  = 
  CONFIG_LINKS    = 
  CONFIG_COMMANDS = 
  $ ./config.status 

on localhost

config.status:1114: creating Makefile
config.status:1114: creating src/Makefile
config.status:1114: creating doc/Makefile
config.status:1114: creating doc/libogg/Makefile
config.status:1114: creating include/Makefile
config.status:1114: creating include/ogg/Makefile
config.status:1114: creating include/ogg/config_types.h
config.status:1114: creating libogg.spec
config.status:1114: creating ogg.pc
config.status:1114: creating ogg-uninstalled.pc
config.status:1114: creating config.h
config.status:1328: executing depfiles commands
config.status:1405: cd src       && sed -e '/# am--include-marker/d' Makefile         | make -f - am--depfiles
make[1]: Entering directory '/home/dott/ogv.js/build/wasm/libogg/src'
make[1]: Leaving directory '/home/dott/ogv.js/build/wasm/libogg/src'
config.status:1410: $? = 0
config.status:1328: executing libtool commands

## ---------------- ##
## Cache variables. ##
## ---------------- ##

ac_cv_build=x86_64-pc-linux-gnu
ac_cv_c_compiler_gnu=yes
ac_cv_c_const=yes
ac_cv_env_CC_set=set
ac_cv_env_CC_value=/home/dott/emsdk/upstream/emscripten/emcc
ac_cv_env_CFLAGS_set=
ac_cv_env_CFLAGS_value=
ac_cv_env_CPPFLAGS_set=
ac_cv_env_CPPFLAGS_value=
ac_cv_env_LDFLAGS_set=
ac_cv_env_LDFLAGS_value=
ac_cv_env_LIBS_set=
ac_cv_env_LIBS_value=
ac_cv_env_LT_SYS_LIBRARY_PATH_set=
ac_cv_env_LT_SYS_LIBRARY_PATH_value=
ac_cv_env_build_alias_set=
ac_cv_env_build_alias_value=
ac_cv_env_host_alias_set=
ac_cv_env_host_alias_value=
ac_cv_env_target_alias_set=
ac_cv_env_target_alias_value=
ac_cv_func_memcmp_working=yes
ac_cv_header_dlfcn_h=yes
ac_cv_header_inttypes_h=yes
ac_cv_header_stdint_h=yes
ac_cv_header_stdio_h=yes
ac_cv_header_stdlib_h=yes
ac_cv_header_string_h=yes
ac_cv_header_strings_h=yes
ac_cv_header_sys_stat_h=yes
ac_cv_header_sys_types_h=yes
ac_cv_header_unistd_h=yes
ac_cv_host=x86_64-pc-linux-gnu
ac_cv_objext=o
ac_cv_path_EGREP='/usr/bin/grep -E'
ac_cv_path_FGREP='/usr/bin/grep -F'
ac_cv_path_GREP=/usr/bin/grep
ac_cv_path_SED=/usr/bin/sed
ac_cv_path_install='/usr/bin/install -c'
ac_cv_path_lt_DD=/usr/bin/dd
ac_cv_path_mkdir=/usr/bin/mkdir
ac_cv_prog_AWK=gawk
ac_cv_prog_ac_ct_CC=/home/dott/emsdk/upstream/emscripten/emcc
ac_cv_prog_ac_ct_OBJDUMP=objdump
ac_cv_prog_ac_ct_RANLIB=/home/dott/emsdk/upstream/emscripten/emranlib
ac_cv_prog_ac_ct_STRIP=strip
ac_cv_prog_cc_c11=
ac_cv_prog_cc_g=yes
ac_cv_prog_cc_stdc=
ac_cv_prog_make_make_set=yes
ac_cv_sizeof_int16_t=2
ac_cv_sizeof_int32_t=4
ac_cv_sizeof_int64_t=8
ac_cv_sizeof_int=4
ac_cv_sizeof_long=4
ac_cv_sizeof_long_long=8
ac_cv_sizeof_short=2
ac_cv_sizeof_u_int16_t=2
ac_cv_sizeof_u_int32_t=4
ac_cv_sizeof_uint16_t=2
ac_cv_sizeof_uint32_t=4
am_cv_CC_dependencies_compiler_type=gcc3
am_cv_make_support_nested_variables=yes
am_cv_prog_cc_c_o=yes
lt_cv_ar_at_file=@
lt_cv_deplibs_check_method=pass_all
lt_cv_file_magic_cmd='$MAGIC_CMD'
lt_cv_file_magic_test_file=
lt_cv_ld_reload_flag=-r
lt_cv_nm_interface='BSD nm'
lt_cv_objdir=.libs
lt_cv_path_LD=/home/dott/emsdk/upstream/emscripten/emcc
lt_cv_path_NM=/home/dott/emsdk/upstream/bin/llvm-nm
lt_cv_path_mainfest_tool=no
lt_cv_prog_compiler_c_o=yes
lt_cv_prog_compiler_pic='-fPIC -DPIC'
lt_cv_prog_compiler_pic_works=yes
lt_cv_prog_compiler_rtti_exceptions=yes
lt_cv_prog_compiler_static_works=yes
lt_cv_prog_gnu_ld=yes
lt_cv_sharedlib_from_linklib_cmd='printf %s\n'
lt_cv_shlibpath_overrides_runpath=no
lt_cv_sys_global_symbol_pipe='sed -n -e '\''s/^.*[	 ]\([ABCDGIRSTW][ABCDGIRSTW]*\)[	 ][	 ]*\([_A-Za-z][_A-Za-z0-9]*\)$/\1 \2 \2/p'\'' | sed '\''/ __gnu_lto/d'\'''
lt_cv_sys_global_symbol_to_c_name_address='sed -n -e '\''s/^: \(.*\) .*$/  {"\1", (void *) 0},/p'\'' -e '\''s/^[ABCDGIRSTW][ABCDGIRSTW]* .* \(.*\)$/  {"\1", (void *) \&\1},/p'\'''
lt_cv_sys_global_symbol_to_c_name_address_lib_prefix='sed -n -e '\''s/^: \(.*\) .*$/  {"\1", (void *) 0},/p'\'' -e '\''s/^[ABCDGIRSTW][ABCDGIRSTW]* .* \(lib.*\)$/  {"\1", (void *) \&\1},/p'\'' -e '\''s/^[ABCDGIRSTW][ABCDGIRSTW]* .* \(.*\)$/  {"lib\1", (void *) \&\1},/p'\'''
lt_cv_sys_global_symbol_to_cdecl='sed -n -e '\''s/^T .* \(.*\)$/extern int \1();/p'\'' -e '\''s/^[ABCDGIRSTW][ABCDGIRSTW]* .* \(.*\)$/extern char \1;/p'\'''
lt_cv_sys_global_symbol_to_import=
lt_cv_sys_max_cmd_len=1572864
lt_cv_to_host_file_cmd=func_convert_file_noop
lt_cv_to_tool_file_cmd=func_convert_file_noop
lt_cv_truncate_bin='/usr/bin/dd bs=4096 count=1'

## ----------------- ##
## Output variables. ##
## ----------------- ##

ACLOCAL='${SHELL} '\''/home/dott/ogv.js/libogg/missing'\'' aclocal-1.16'
AMDEPBACKSLASH='\'
AMDEP_FALSE='#'
AMDEP_TRUE=''
AMTAR='$${TAR-tar}'
AM_BACKSLASH='\'
AM_DEFAULT_V='$(AM_DEFAULT_VERBOSITY)'
AM_DEFAULT_VERBOSITY='1'
AM_V='$(V)'
AR='/home/dott/emsdk/upstream/emscripten/emar'
AUTOCONF='${SHELL} '\''/home/dott/ogv.js/libogg/missing'\'' autoconf'
AUTOHEADER='${SHELL} '\''/home/dott/ogv.js/libogg/missing'\'' autoheader'
AUTOMAKE='${SHELL} '\''/home/dott/ogv.js/libogg/missing'\'' automake-1.16'
AWK='gawk'
CC='/home/dott/emsdk/upstream/emscripten/emcc'
CCDEPMODE='depmode=gcc3'
CFLAGS='-O20 -Wall -ffast-math -fsigned-char -g -O2'
CPPFLAGS=''
CYGPATH_W='echo'
DEBUG='-g -Wall -fsigned-char -g -O2'
DEFS='-DHAVE_CONFIG_H'
DEPDIR='.deps'
DLLTOOL='false'
DSYMUTIL=''
DUMPBIN=''
ECHO_C=''
ECHO_N='-n'
ECHO_T=''
EGREP='/usr/bin/grep -E'
EXEEXT=''
FGREP='/usr/bin/grep -F'
GREP='/usr/bin/grep'
INCLUDE_INTTYPES_H='1'
INCLUDE_STDINT_H='1'
INCLUDE_SYS_TYPES_H='1'
INSTALL_DATA='${INSTALL} -m 644'
INSTALL_PROGRAM='${INSTALL}'
INSTALL_SCRIPT='${INSTALL}'
INSTALL_STRIP_PROGRAM='$(install_sh) -c -s'
LD='/home/dott/emsdk/upstream/emscripten/emcc'
LDFLAGS=''
LIBOBJS=''
LIBS=''
LIBTOOL='$(SHELL) $(top_builddir)/libtool'
LIBTOOL_DEPS='../../../libogg//ltmain.sh'
LIB_AGE='8'
LIB_CURRENT='8'
LIB_REVISION='3'
LIPO=''
LN_S='ln -s'
LTLIBOBJS=''
LT_SYS_LIBRARY_PATH=''
MAINT=''
MAINTAINER_MODE_FALSE='#'
MAINTAINER_MODE_TRUE=''
MAKEINFO='${SHELL} '\''/home/dott/ogv.js/libogg/missing'\'' makeinfo'
MANIFEST_TOOL=':'
MKDIR_P='/usr/bin/mkdir -p'
NM='/home/dott/emsdk/upstream/bin/llvm-nm'
NMEDIT=''
OBJDUMP='objdump'
OBJEXT='o'
OPT=''
OTOOL64=''
OTOOL=''
PACKAGE='libogg'
PACKAGE_BUGREPORT='ogg-dev@xiph.org'
PACKAGE_NAME='libogg'
PACKAGE_STRING='libogg 1.3.3'
PACKAGE_TARNAME='libogg'
PACKAGE_URL=''
PACKAGE_VERSION='1.3.3'
PATH_SEPARATOR=':'
PROFILE='-Wall -W -pg -g -O20 -ffast-math -fsigned-char -g -O2'
RANLIB='/home/dott/emsdk/upstream/emscripten/emranlib'
SED='/usr/bin/sed'
SET_MAKE=''
SHELL='/bin/sh'
SIZE16='int16_t'
SIZE32='int32_t'
SIZE64='int64_t'
STRIP='strip'
USIZE16='uint16_t'
USIZE32='uint32_t'
VERSION='1.3.3'
ac_ct_AR=''
ac_ct_CC='/home/dott/emsdk/upstream/emscripten/emcc'
ac_ct_DUMPBIN=''
am__EXEEXT_FALSE=''
am__EXEEXT_TRUE='#'
am__fastdepCC_FALSE='#'
am__fastdepCC_TRUE=''
am__include='include'
am__isrc=' -I$(srcdir)'
am__leading_dot='.'
am__nodep='_no'
am__quote=''
am__tar='$${TAR-tar} chof - "$$tardir"'
am__untar='$${TAR-tar} xf -'
bindir='${exec_prefix}/bin'
build='x86_64-pc-linux-gnu'
build_alias=''
build_cpu='x86_64'
build_os='linux-gnu'
build_vendor='pc'
datadir='${datarootdir}'
datarootdir='${prefix}/share'
docdir='${datarootdir}/doc/${PACKAGE_TARNAME}'
dvidir='${docdir}'
exec_prefix='${prefix}'
host='x86_64-pc-linux-gnu'
host_alias=''
host_cpu='x86_64'
host_os='linux-gnu'
host_vendor='pc'
htmldir='${docdir}'
includedir='${prefix}/include'
infodir='${datarootdir}/info'
install_sh='${SHELL} /home/dott/ogv.js/libogg/install-sh'
libdir='${exec_prefix}/lib'
libexecdir='${exec_prefix}/libexec'
localedir='${datarootdir}/locale'
localstatedir='${prefix}/var'
mandir='${datarootdir}/man'
mkdir_p='$(MKDIR_P)'
oldincludedir='/usr/include'
pdfdir='${docdir}'
prefix='/home/dott/ogv.js/build/wasm/root'
program_transform_name='s,x,x,'
psdir='${docdir}'
runstatedir='/run'
sbindir='${exec_prefix}/sbin'
sharedstatedir='${prefix}/com'
sysconfdir='${prefix}/etc'
target_alias=''

## ----------- ##
## confdefs.h. ##
## ----------- ##

/* confdefs.h */
#define PACKAGE_NAME "libogg"
#define PACKAGE_TARNAME "libogg"
#define PACKAGE_VERSION "1.3.3"
#define PACKAGE_STRING "libogg 1.3.3"
#define PACKAGE_BUGREPORT "ogg-dev@xiph.org"
#define PACKAGE_URL ""
#define PACKAGE "libogg"
#define VERSION "1.3.3"
#define HAVE_STDIO_H 1
#define HAVE_STDLIB_H 1
#define HAVE_STRING_H 1
#define HAVE_INTTYPES_H 1
#define HAVE_STDINT_H 1
#define HAVE_STRINGS_H 1
#define HAVE_SYS_STAT_H 1
#define HAVE_SYS_TYPES_H 1
#define HAVE_UNISTD_H 1
#define STDC_HEADERS 1
#define HAVE_DLFCN_H 1
#define LT_OBJDIR ".libs/"
#define SIZEOF_INT16_T 2
#define SIZEOF_UINT16_T 2
#define SIZEOF_U_INT16_T 2
#define SIZEOF_INT32_T 4
#define SIZEOF_UINT32_T 4
#define SIZEOF_U_INT32_T 4
#define SIZEOF_INT64_T 8
#define SIZEOF_SHORT 2
#define SIZEOF_INT 4
#define SIZEOF_LONG 4
#define SIZEOF_LONG_LONG 8

configure: exit 0
