This file contains any messages produced by compilers while
running configure, to aid debugging if configure makes a mistake.

It was created by libvorbis configure 1.3.6, which was
generated by GNU Autoconf 2.70.  Invocation command line was

  $ ../../../libvorbis/configure --disable-oggtest --prefix=/home/dott/ogv.js/build/wasm/root --disable-shared

## --------- ##
## Platform. ##
## --------- ##

hostname = localhost
uname -m = x86_64
uname -r = 5.15.62-desktop-1.mga8
uname -s = Linux
uname -v = #1 SMP Sun Aug 21 16:48:29 UTC 2022

/usr/bin/uname -p = x86_64
/bin/uname -X     = unknown

/bin/arch              = x86_64
/usr/bin/arch -k       = unknown
/usr/convex/getsysinfo = unknown
/usr/bin/hostinfo      = unknown
/bin/machine           = unknown
/usr/bin/oslevel       = unknown
/bin/universe          = unknown

PATH: /home/dott/emsdk/upstream/emscripten/cache/sysroot/bin/
PATH: /home/dott/emsdk/
PATH: /home/dott/emsdk/upstream/emscripten/
PATH: /home/dott/emsdk/node/14.18.2_64bit/bin/
PATH: /home/dott/.vscode-server/bin/e4503b30fc78200f846c62cf8091b76ff5547662/bin/remote-cli/
PATH: /usr/local/lib/nodejs/bin/
PATH: /home/dott/.cargo/bin/
PATH: /usr/local/bin/
PATH: /usr/bin/
PATH: /usr/local/games/
PATH: /usr/games/
PATH: /usr/local/sbin/
PATH: /usr/sbin/
PATH: /usr/lib64/qt5/bin/
PATH: /home/dott/.local/bin/
PATH: /home/dott/bin/


## ----------- ##
## Core tests. ##
## ----------- ##

configure:2553: looking for aux files: ltmain.sh compile missing install-sh config.guess config.sub
configure:2566:  trying ../../../libvorbis/
configure:2595:   ../../../libvorbis/ltmain.sh found
configure:2595:   ../../../libvorbis/compile found
configure:2595:   ../../../libvorbis/missing found
configure:2577:   ../../../libvorbis/install-sh found
configure:2595:   ../../../libvorbis/config.guess found
configure:2595:   ../../../libvorbis/config.sub found
configure:2718: checking build system type
configure:2733: result: x86_64-pc-linux-gnu
configure:2753: checking host system type
configure:2767: result: x86_64-pc-linux-gnu
configure:2787: checking target system type
configure:2801: result: x86_64-pc-linux-gnu
configure:2845: checking for a BSD-compatible install
configure:2918: result: /usr/bin/install -c
configure:2929: checking whether build environment is sane
configure:2984: result: yes
configure:3143: checking for a race-free mkdir -p
configure:3187: result: /usr/bin/mkdir -p
configure:3194: checking for gawk
configure:3215: found /usr/bin/gawk
configure:3226: result: gawk
configure:3237: checking whether make sets $(MAKE)
configure:3260: result: yes
configure:3290: checking whether make supports nested variables
configure:3308: result: yes
configure:3431: checking whether to enable maintainer-specific portions of Makefiles
configure:3441: result: no
configure:3470: checking whether make supports nested variables
configure:3488: result: yes
configure:3587: checking for gcc
configure:3619: result: /home/dott/emsdk/upstream/emscripten/emcc
configure:3972: checking for C compiler version
configure:3981: /home/dott/emsdk/upstream/emscripten/emcc --version >&5
emcc (Emscripten gcc/clang-like replacement + linker emulating GNU ld) 3.1.20 (5d878c99921ec247d34fb26a20b5a13d60d69e93)
Copyright (C) 2014 the Emscripten authors (see AUTHORS.txt)
This is free and open source software under the MIT license.
There is NO warranty; not even for MERCHANTABILITY or FITNESS FOR A PARTICULAR PURPOSE.

configure:3992: $? = 0
configure:3981: /home/dott/emsdk/upstream/emscripten/emcc -v >&5
emcc (Emscripten gcc/clang-like replacement + linker emulating GNU ld) 3.1.20 (5d878c99921ec247d34fb26a20b5a13d60d69e93)
clang version 16.0.0 (https://github.com/llvm/llvm-project 75767a0f9a926641edbef08e31ec2148ff45da67)
Target: wasm32-unknown-emscripten
Thread model: posix
InstalledDir: /home/dott/emsdk/upstream/bin
configure:3992: $? = 0
configure:3981: /home/dott/emsdk/upstream/emscripten/emcc -V >&5
emcc: error: no input files
configure:3992: $? = 1
configure:3981: /home/dott/emsdk/upstream/emscripten/emcc -qversion >&5
emcc: error: no input files
configure:3992: $? = 1
configure:3981: /home/dott/emsdk/upstream/emscripten/emcc -version >&5
emcc: error: no input files
configure:3992: $? = 1
configure:4012: checking whether the C compiler works
configure:4034: /home/dott/emsdk/upstream/emscripten/emcc    conftest.c  >&5
configure:4038: $? = 0
configure:4088: result: yes
configure:4091: checking for C compiler default output file name
configure:4093: result: a.out
configure:4099: checking for suffix of executables
configure:4106: /home/dott/emsdk/upstream/emscripten/emcc -o conftest    conftest.c  >&5
configure:4110: $? = 0
configure:4133: result: 
configure:4155: checking whether we are cross compiling
configure:4163: /home/dott/emsdk/upstream/emscripten/emcc -o conftest    conftest.c  >&5
configure:4167: $? = 0
configure:4174: ./conftest
configure:4178: $? = 0
configure:4193: result: no
configure:4198: checking for suffix of object files
configure:4221: /home/dott/emsdk/upstream/emscripten/emcc -c   conftest.c >&5
configure:4225: $? = 0
configure:4247: result: o
configure:4251: checking whether the compiler supports GNU C
configure:4271: /home/dott/emsdk/upstream/emscripten/emcc -c   conftest.c >&5
configure:4271: $? = 0
configure:4281: result: yes
configure:4292: checking whether /home/dott/emsdk/upstream/emscripten/emcc accepts -g
configure:4313: /home/dott/emsdk/upstream/emscripten/emcc -c -g  conftest.c >&5
configure:4313: $? = 0
configure:4357: result: yes
configure:4377: checking for /home/dott/emsdk/upstream/emscripten/emcc option to enable C11 features
configure:4392: /home/dott/emsdk/upstream/emscripten/emcc  -c -g -O2  conftest.c >&5
conftest.c:25:14: warning: a function definition without a prototype is deprecated in all versions of C and is not supported in C2x [-Wdeprecated-non-prototype]
static char *e (p, i)
             ^
1 warning generated.
configure:4392: $? = 0
configure:4410: result: none needed
configure:4526: checking whether /home/dott/emsdk/upstream/emscripten/emcc understands -c and -o together
configure:4549: /home/dott/emsdk/upstream/emscripten/emcc -c conftest.c -o conftest2.o
configure:4552: $? = 0
configure:4549: /home/dott/emsdk/upstream/emscripten/emcc -c conftest.c -o conftest2.o
configure:4552: $? = 0
configure:4564: result: yes
configure:4584: checking whether make supports the include directive
configure:4599: make -f confmf.GNU && cat confinc.out
make[1]: Entering directory '/home/dott/ogv.js/build/wasm/libvorbis'
make[1]: Leaving directory '/home/dott/ogv.js/build/wasm/libvorbis'
this is the am__doit target
configure:4602: $? = 0
configure:4621: result: yes (GNU style)
configure:4647: checking dependency style of /home/dott/emsdk/upstream/emscripten/emcc
configure:4759: result: gcc3
configure:4779: checking how to run the C preprocessor
configure:4805: /home/dott/emsdk/upstream/emscripten/emcc -E  conftest.c
configure:4805: $? = 0
configure:4820: /home/dott/emsdk/upstream/emscripten/emcc -E  conftest.c
conftest.c:11:10: fatal error: 'ac_nonexistent.h' file not found
#include <ac_nonexistent.h>
         ^~~~~~~~~~~~~~~~~~
1 error generated.
emcc: error: '/home/dott/emsdk/upstream/bin/clang -target wasm32-unknown-emscripten -fignore-exceptions -fvisibility=default -mllvm -combiner-global-alias-analysis=false -mllvm -enable-emscripten-sjlj -mllvm -disable-lsr -DEMSCRIPTEN -D__EMSCRIPTEN_major__=3 -D__EMSCRIPTEN_minor__=1 -D__EMSCRIPTEN_tiny__=20 -Werror=implicit-function-declaration -I/home/dott/emsdk/upstream/emscripten/cache/sysroot/include/SDL --sysroot=/home/dott/emsdk/upstream/emscripten/cache/sysroot -Xclang -iwithsysroot/include/compat -E conftest.c' failed (returned 1)
configure:4820: $? = 1
configure: failed program was:
| /* confdefs.h */
| #define PACKAGE_NAME "libvorbis"
| #define PACKAGE_TARNAME "libvorbis"
| #define PACKAGE_VERSION "1.3.6"
| #define PACKAGE_STRING "libvorbis 1.3.6"
| #define PACKAGE_BUGREPORT "vorbis-dev@xiph.org"
| #define PACKAGE_URL ""
| #define PACKAGE "libvorbis"
| #define VERSION "1.3.6"
| /* end confdefs.h.  */
| #include <ac_nonexistent.h>
configure:4847: result: /home/dott/emsdk/upstream/emscripten/emcc -E
configure:4861: /home/dott/emsdk/upstream/emscripten/emcc -E  conftest.c
configure:4861: $? = 0
configure:4876: /home/dott/emsdk/upstream/emscripten/emcc -E  conftest.c
conftest.c:11:10: fatal error: 'ac_nonexistent.h' file not found
#include <ac_nonexistent.h>
         ^~~~~~~~~~~~~~~~~~
1 error generated.
emcc: error: '/home/dott/emsdk/upstream/bin/clang -target wasm32-unknown-emscripten -fignore-exceptions -fvisibility=default -mllvm -combiner-global-alias-analysis=false -mllvm -enable-emscripten-sjlj -mllvm -disable-lsr -DEMSCRIPTEN -D__EMSCRIPTEN_major__=3 -D__EMSCRIPTEN_minor__=1 -D__EMSCRIPTEN_tiny__=20 -Werror=implicit-function-declaration -I/home/dott/emsdk/upstream/emscripten/cache/sysroot/include/SDL --sysroot=/home/dott/emsdk/upstream/emscripten/cache/sysroot -Xclang -iwithsysroot/include/compat -E conftest.c' failed (returned 1)
configure:4876: $? = 1
configure: failed program was:
| /* confdefs.h */
| #define PACKAGE_NAME "libvorbis"
| #define PACKAGE_TARNAME "libvorbis"
| #define PACKAGE_VERSION "1.3.6"
| #define PACKAGE_STRING "libvorbis 1.3.6"
| #define PACKAGE_BUGREPORT "vorbis-dev@xiph.org"
| #define PACKAGE_URL ""
| #define PACKAGE "libvorbis"
| #define VERSION "1.3.6"
| /* end confdefs.h.  */
| #include <ac_nonexistent.h>
configure:4909: checking for inline
configure:4926: /home/dott/emsdk/upstream/emscripten/emcc -c   conftest.c >&5
configure:4926: $? = 0
configure:4935: result: inline
configure:5334: checking how to print strings
configure:5361: result: printf
configure:5382: checking for a sed that does not truncate output
configure:5452: result: /usr/bin/sed
configure:5470: checking for grep that handles long lines and -e
configure:5534: result: /usr/bin/grep
configure:5539: checking for egrep
configure:5607: result: /usr/bin/grep -E
configure:5612: checking for fgrep
configure:5680: result: /usr/bin/grep -F
configure:5716: checking for ld used by /home/dott/emsdk/upstream/emscripten/emcc
emcc: error: no input files
configure:5784: result: /home/dott/emsdk/upstream/emscripten/emcc
configure:5791: checking if the linker (/home/dott/emsdk/upstream/emscripten/emcc) is GNU ld
configure:5807: result: yes
configure:5819: checking for BSD- or MS-compatible name lister (nm)
configure:5874: result: /home/dott/emsdk/upstream/bin/llvm-nm
configure:6014: checking the name lister (/home/dott/emsdk/upstream/bin/llvm-nm) interface
configure:6022: /home/dott/emsdk/upstream/emscripten/emcc -c   conftest.c >&5
configure:6025: /home/dott/emsdk/upstream/bin/llvm-nm "conftest.o"
configure:6028: output
00000000 D some_variable
configure:6035: result: BSD nm
configure:6038: checking whether ln -s works
configure:6042: result: yes
configure:6050: checking the maximum length of command line arguments
configure:6182: result: 1572864
configure:6230: checking how to convert x86_64-pc-linux-gnu file names to x86_64-pc-linux-gnu format
configure:6271: result: func_convert_file_noop
configure:6278: checking how to convert x86_64-pc-linux-gnu file names to toolchain format
configure:6299: result: func_convert_file_noop
configure:6306: checking for /home/dott/emsdk/upstream/emscripten/emcc option to reload object files
configure:6314: result: -r
configure:6393: checking for objdump
configure:6425: result: objdump
configure:6454: checking how to recognize dependent libraries
configure:6655: result: pass_all
configure:6745: checking for dlltool
configure:6777: result: dlltool
configure:6807: checking how to associate runtime and link libraries
configure:6835: result: printf %s\n
configure:6969: checking for archiver @FILE support
configure:6987: /home/dott/emsdk/upstream/emscripten/emcc -c   conftest.c >&5
configure:6987: $? = 0
configure:6991: /home/dott/emsdk/upstream/emscripten/emar cru libconftest.a @conftest.lst >&5
configure:6994: $? = 0
configure:6999: /home/dott/emsdk/upstream/emscripten/emar cru libconftest.a @conftest.lst >&5
/home/dott/emsdk/upstream/bin/llvm-ar: error: conftest.o: No such file or directory
configure:7002: $? = 1
configure:7014: result: @
configure:7077: checking for strip
configure:7098: found /usr/bin/strip
configure:7109: result: strip
configure:7186: checking for ranlib
configure:7218: result: /home/dott/emsdk/upstream/emscripten/emranlib
configure:7320: checking command to parse /home/dott/emsdk/upstream/bin/llvm-nm output from /home/dott/emsdk/upstream/emscripten/emcc object
configure:7474: /home/dott/emsdk/upstream/emscripten/emcc -c   conftest.c >&5
configure:7477: $? = 0
configure:7481: /home/dott/emsdk/upstream/bin/llvm-nm conftest.o \| sed -n -e 's/^.*[ ]\([ABCDGIRSTW][ABCDGIRSTW]*\)[ ][ ]*\([_A-Za-z][_A-Za-z0-9]*\)$/\1 \2 \2/p' | sed '/ __gnu_lto/d' \> conftest.nm
configure:7484: $? = 0
configure:7550: /home/dott/emsdk/upstream/emscripten/emcc -o conftest    conftest.c conftstm.o >&5
configure:7553: $? = 0
configure:7591: result: ok
configure:7638: checking for sysroot
configure:7669: result: no
configure:7676: checking for a working dd
configure:7720: result: /usr/bin/dd
configure:7724: checking how to truncate binary pipes
configure:7740: result: /usr/bin/dd bs=4096 count=1
configure:7877: /home/dott/emsdk/upstream/emscripten/emcc -c   conftest.c >&5
configure:7880: $? = 0
configure:8077: checking for mt
configure:8112: result: no
configure:8132: checking if : is a manifest tool
configure:8139: : '-?'
configure:8147: result: no
configure:8877: checking for stdio.h
configure:8877: /home/dott/emsdk/upstream/emscripten/emcc -c   conftest.c >&5
configure:8877: $? = 0
configure:8877: result: yes
configure:8877: checking for stdlib.h
configure:8877: /home/dott/emsdk/upstream/emscripten/emcc -c   conftest.c >&5
configure:8877: $? = 0
configure:8877: result: yes
configure:8877: checking for string.h
configure:8877: /home/dott/emsdk/upstream/emscripten/emcc -c   conftest.c >&5
configure:8877: $? = 0
configure:8877: result: yes
configure:8877: checking for inttypes.h
configure:8877: /home/dott/emsdk/upstream/emscripten/emcc -c   conftest.c >&5
configure:8877: $? = 0
configure:8877: result: yes
configure:8877: checking for stdint.h
configure:8877: /home/dott/emsdk/upstream/emscripten/emcc -c   conftest.c >&5
configure:8877: $? = 0
configure:8877: result: yes
configure:8877: checking for strings.h
configure:8877: /home/dott/emsdk/upstream/emscripten/emcc -c   conftest.c >&5
configure:8877: $? = 0
configure:8877: result: yes
configure:8877: checking for sys/stat.h
configure:8877: /home/dott/emsdk/upstream/emscripten/emcc -c   conftest.c >&5
configure:8877: $? = 0
configure:8877: result: yes
configure:8877: checking for sys/types.h
configure:8877: /home/dott/emsdk/upstream/emscripten/emcc -c   conftest.c >&5
configure:8877: $? = 0
configure:8877: result: yes
configure:8877: checking for unistd.h
configure:8877: /home/dott/emsdk/upstream/emscripten/emcc -c   conftest.c >&5
configure:8877: $? = 0
configure:8877: result: yes
configure:8902: checking for dlfcn.h
configure:8902: /home/dott/emsdk/upstream/emscripten/emcc -c   conftest.c >&5
configure:8902: $? = 0
configure:8902: result: yes
configure:9159: checking for objdir
configure:9175: result: .libs
configure:9439: checking if /home/dott/emsdk/upstream/emscripten/emcc supports -fno-rtti -fno-exceptions
configure:9458: /home/dott/emsdk/upstream/emscripten/emcc -c   -fno-rtti -fno-exceptions conftest.c >&5
configure:9462: $? = 0
configure:9475: result: yes
configure:9833: checking for /home/dott/emsdk/upstream/emscripten/emcc option to produce PIC
configure:9841: result: -fPIC -DPIC
configure:9849: checking if /home/dott/emsdk/upstream/emscripten/emcc PIC flag -fPIC -DPIC works
configure:9868: /home/dott/emsdk/upstream/emscripten/emcc -c   -fPIC -DPIC -DPIC conftest.c >&5
configure:9872: $? = 0
configure:9885: result: yes
configure:9914: checking if /home/dott/emsdk/upstream/emscripten/emcc static flag -static works
configure:9943: result: yes
configure:9958: checking if /home/dott/emsdk/upstream/emscripten/emcc supports -c -o file.o
configure:9980: /home/dott/emsdk/upstream/emscripten/emcc -c   -o out/conftest2.o conftest.c >&5
configure:9984: $? = 0
configure:10006: result: yes
configure:10014: checking if /home/dott/emsdk/upstream/emscripten/emcc supports -c -o file.o
configure:10062: result: yes
configure:10095: checking whether the /home/dott/emsdk/upstream/emscripten/emcc linker (/home/dott/emsdk/upstream/emscripten/emcc) supports shared libraries
configure:11361: result: yes
configure:11602: checking dynamic linker characteristics
configure:12184: /home/dott/emsdk/upstream/emscripten/emcc -o conftest    -Wl,-rpath -Wl,/foo conftest.c  >&5
emcc: warning: ignoring unsupported linker flag: `-rpath` [-Wlinkflags]
configure:12184: $? = 0
configure:12426: result: GNU/Linux ld.so
configure:12548: checking how to hardcode library paths into programs
configure:12573: result: immediate
configure:13125: checking whether stripping libraries is possible
configure:13130: result: yes
configure:13165: checking if libtool supports shared libraries
configure:13167: result: yes
configure:13170: checking whether to build shared libraries
configure:13195: result: no
configure:13198: checking whether to build static libraries
configure:13202: result: yes
configure:13460: checking GCC version
configure:13463: result: 3.1.20
configure:13608: checking if /home/dott/emsdk/upstream/emscripten/emcc accepts -Wdeclaration-after-statement
configure:13623: /home/dott/emsdk/upstream/emscripten/emcc -o conftest -O3 -Wall -Wextra -ffast-math -D_REENTRANT -fsigned-char -Wdeclaration-after-statement   conftest.c  >&5
configure:13623: $? = 0
configure:13625: result: yes
configure:13639: checking for memory.h
configure:13639: /home/dott/emsdk/upstream/emscripten/emcc -c -O3 -Wall -Wextra -ffast-math -D_REENTRANT -fsigned-char -Wdeclaration-after-statement   conftest.c >&5
configure:13639: $? = 0
configure:13639: result: yes
configure:13651: checking for cos in -lm
configure:13674: /home/dott/emsdk/upstream/emscripten/emcc -o conftest -O3 -Wall -Wextra -ffast-math -D_REENTRANT -fsigned-char -Wdeclaration-after-statement  -DUSE_MEMORY_H   conftest.c -lm   >&5
conftest.c:27:6: warning: incompatible redeclaration of library function 'cos' [-Wincompatible-library-redeclaration]
char cos ();
     ^
conftest.c:27:6: note: 'cos' is a builtin with type 'double (double)'
1 warning generated.
wasm-ld: warning: function signature mismatch: cos
>>> defined as () -> i32 in /tmp/emscripten_temp_0eq5cobe/conftest_0.o
>>> defined as (f64) -> f64 in /home/dott/emsdk/upstream/emscripten/cache/sysroot/lib/wasm32-emscripten/libc.a(cos.o)
configure:13674: $? = 0
configure:13684: result: yes
configure:13693: checking for pthread_create in -lpthread
configure:13716: /home/dott/emsdk/upstream/emscripten/emcc -o conftest -O3 -Wall -Wextra -ffast-math -D_REENTRANT -fsigned-char -Wdeclaration-after-statement  -DUSE_MEMORY_H   conftest.c -lpthread   >&5
wasm-ld: warning: function signature mismatch: pthread_create
>>> defined as () -> i32 in /tmp/emscripten_temp_lcfm7j29/conftest_0.o
>>> defined as (i32, i32, i32, i32) -> i32 in /home/dott/emsdk/upstream/emscripten/cache/sysroot/lib/wasm32-emscripten/libc.a(library_pthread_stub.o)
configure:13716: $? = 0
configure:13726: result: yes
configure:13790: checking for pkg-config
configure:13813: found /usr/bin/pkg-config
configure:13825: result: /usr/bin/pkg-config
configure:13850: checking pkg-config is at least version 0.9.0
configure:13853: result: yes
configure:13868: checking for OGG
configure:13876: $PKG_CONFIG --exists --print-errors "ogg >= 1.0"
Package ogg was not found in the pkg-config search path.
Perhaps you should add the directory containing `ogg.pc'
to the PKG_CONFIG_PATH environment variable
Package 'ogg', required by 'virtual:world', not found
configure:13879: $? = 1
configure:13894: $PKG_CONFIG --exists --print-errors "ogg >= 1.0"
Package ogg was not found in the pkg-config search path.
Perhaps you should add the directory containing `ogg.pc'
to the PKG_CONFIG_PATH environment variable
Package 'ogg', required by 'virtual:world', not found
configure:13897: $? = 1
Package 'ogg', required by 'virtual:world', not found
configure:13925: result: no
configure:14000: checking for Ogg
configure:14055: result: yes
configure:14112: checking for oggpack_writealign
configure:14112: /home/dott/emsdk/upstream/emscripten/emcc -o conftest -O3 -Wall -Wextra -ffast-math -D_REENTRANT -fsigned-char -Wdeclaration-after-statement  -DUSE_MEMORY_H   conftest.c -L/home/dott/ogv.js/build/wasm/root/lib -logg -lm >&5
wasm-ld: warning: function signature mismatch: oggpack_writealign
>>> defined as () -> i32 in /tmp/emscripten_temp_7viqjqlz/conftest_0.o
>>> defined as (i32) -> void in /home/dott/ogv.js/build/wasm/root/lib/libogg.a(bitwise.o)
configure:14112: $? = 0
configure:14112: result: yes
configure:14124: checking for size_t
configure:14124: /home/dott/emsdk/upstream/emscripten/emcc -c -O3 -Wall -Wextra -ffast-math -D_REENTRANT -fsigned-char -Wdeclaration-after-statement  -DUSE_MEMORY_H  conftest.c >&5
configure:14124: $? = 0
configure:14124: /home/dott/emsdk/upstream/emscripten/emcc -c -O3 -Wall -Wextra -ffast-math -D_REENTRANT -fsigned-char -Wdeclaration-after-statement  -DUSE_MEMORY_H  conftest.c >&5
conftest.c:54:21: error: expected expression
if (sizeof ((size_t)))
                    ^
1 error generated.
emcc: error: '/home/dott/emsdk/upstream/bin/clang -target wasm32-unknown-emscripten -fignore-exceptions -fvisibility=default -mllvm -combiner-global-alias-analysis=false -mllvm -enable-emscripten-sjlj -mllvm -disable-lsr -DEMSCRIPTEN -D__EMSCRIPTEN_major__=3 -D__EMSCRIPTEN_minor__=1 -D__EMSCRIPTEN_tiny__=20 -Werror=implicit-function-declaration -I/home/dott/emsdk/upstream/emscripten/cache/sysroot/include/SDL --sysroot=/home/dott/emsdk/upstream/emscripten/cache/sysroot -Xclang -iwithsysroot/include/compat -c -O3 -Wall -Wextra -ffast-math -D_REENTRANT -fsigned-char -Wdeclaration-after-statement -DUSE_MEMORY_H conftest.c -o conftest.o' failed (returned 1)
configure:14124: $? = 1
configure: failed program was:
| /* confdefs.h */
| #define PACKAGE_NAME "libvorbis"
| #define PACKAGE_TARNAME "libvorbis"
| #define PACKAGE_VERSION "1.3.6"
| #define PACKAGE_STRING "libvorbis 1.3.6"
| #define PACKAGE_BUGREPORT "vorbis-dev@xiph.org"
| #define PACKAGE_URL ""
| #define PACKAGE "libvorbis"
| #define VERSION "1.3.6"
| #define HAVE_STDIO_H 1
| #define HAVE_STDLIB_H 1
| #define HAVE_STRING_H 1
| #define HAVE_INTTYPES_H 1
| #define HAVE_STDINT_H 1
| #define HAVE_STRINGS_H 1
| #define HAVE_SYS_STAT_H 1
| #define HAVE_SYS_TYPES_H 1
| #define HAVE_UNISTD_H 1
| #define STDC_HEADERS 1
| #define HAVE_DLFCN_H 1
| #define LT_OBJDIR ".libs/"
| /* end confdefs.h.  */
| #include <stddef.h>
| #ifdef HAVE_STDIO_H
| # include <stdio.h>
| #endif
| #ifdef HAVE_STDLIB_H
| # include <stdlib.h>
| #endif
| #ifdef HAVE_STRING_H
| # include <string.h>
| #endif
| #ifdef HAVE_INTTYPES_H
| # include <inttypes.h>
| #endif
| #ifdef HAVE_STDINT_H
| # include <stdint.h>
| #endif
| #ifdef HAVE_STRINGS_H
| # include <strings.h>
| #endif
| #ifdef HAVE_SYS_TYPES_H
| # include <sys/types.h>
| #endif
| #ifdef HAVE_SYS_STAT_H
| # include <sys/stat.h>
| #endif
| #ifdef HAVE_UNISTD_H
| # include <unistd.h>
| #endif
| int
| main (void)
| {
| if (sizeof ((size_t)))
| 	    return 0;
|   ;
|   return 0;
| }
configure:14124: result: yes
configure:14136: checking for working alloca.h
configure:14154: /home/dott/emsdk/upstream/emscripten/emcc -o conftest -O3 -Wall -Wextra -ffast-math -D_REENTRANT -fsigned-char -Wdeclaration-after-statement  -DUSE_MEMORY_H   conftest.c  >&5
configure:14154: $? = 0
configure:14163: result: yes
configure:14171: checking for alloca
configure:14216: result: yes
configure:14283: checking for working memcmp
configure:14328: /home/dott/emsdk/upstream/emscripten/emcc -o conftest -O3 -Wall -Wextra -ffast-math -D_REENTRANT -fsigned-char -Wdeclaration-after-statement  -DUSE_MEMORY_H   conftest.c  >&5
configure:14328: $? = 0
configure:14328: ./conftest
configure:14328: $? = 0
configure:14339: result: yes
configure:14463: checking that generated files are newer than configure
configure:14469: result: done
configure:14508: creating ./config.status

## ---------------------- ##
## Running config.status. ##
## ---------------------- ##

This file was extended by libvorbis config.status 1.3.6, which was
generated by GNU Autoconf 2.70.  Invocation command line was

  CONFIG_FILES    = 
  CONFIG_HEADERS  = 
  CONFIG_LINKS    = 
  CONFIG_COMMANDS = 
  $ ./config.status 

on localhost

config.status:1140: creating Makefile
config.status:1140: creating m4/Makefile
config.status:1140: creating lib/Makefile
config.status:1140: creating lib/modes/Makefile
config.status:1140: creating lib/books/Makefile
config.status:1140: creating lib/books/coupled/Makefile
config.status:1140: creating lib/books/uncoupled/Makefile
config.status:1140: creating lib/books/floor/Makefile
config.status:1140: creating doc/Makefile
config.status:1140: creating doc/vorbisfile/Makefile
config.status:1140: creating doc/vorbisenc/Makefile
config.status:1140: creating doc/libvorbis/Makefile
config.status:1140: creating doc/Doxyfile
config.status:1140: creating include/Makefile
config.status:1140: creating include/vorbis/Makefile
config.status:1140: creating examples/Makefile
config.status:1140: creating test/Makefile
config.status:1140: creating vq/Makefile
config.status:1140: creating libvorbis.spec
config.status:1140: creating vorbis.pc
config.status:1140: creating vorbisenc.pc
config.status:1140: creating vorbisfile.pc
config.status:1140: creating vorbis-uninstalled.pc
config.status:1140: creating vorbisenc-uninstalled.pc
config.status:1140: creating vorbisfile-uninstalled.pc
config.status:1140: creating config.h
config.status:1354: executing depfiles commands
config.status:1431: cd lib       && sed -e '/# am--include-marker/d' Makefile         | make -f - am--depfiles
make[1]: Entering directory '/home/dott/ogv.js/build/wasm/libvorbis/lib'
make[1]: Leaving directory '/home/dott/ogv.js/build/wasm/libvorbis/lib'
config.status:1436: $? = 0
config.status:1431: cd examples       && sed -e '/# am--include-marker/d' Makefile         | make -f - am--depfiles
make[1]: Entering directory '/home/dott/ogv.js/build/wasm/libvorbis/examples'
make[1]: Leaving directory '/home/dott/ogv.js/build/wasm/libvorbis/examples'
config.status:1436: $? = 0
config.status:1431: cd test       && sed -e '/# am--include-marker/d' Makefile         | make -f - am--depfiles
make[1]: Entering directory '/home/dott/ogv.js/build/wasm/libvorbis/test'
make[1]: Leaving directory '/home/dott/ogv.js/build/wasm/libvorbis/test'
config.status:1436: $? = 0
config.status:1431: cd vq       && sed -e '/# am--include-marker/d' Makefile         | make -f - am--depfiles
make[1]: Entering directory '/home/dott/ogv.js/build/wasm/libvorbis/vq'
make[1]: Leaving directory '/home/dott/ogv.js/build/wasm/libvorbis/vq'
config.status:1436: $? = 0
config.status:1354: executing libtool commands

## ---------------- ##
## Cache variables. ##
## ---------------- ##

ac_cv_build=x86_64-pc-linux-gnu
ac_cv_c_compiler_gnu=yes
ac_cv_c_inline=inline
ac_cv_env_CC_set=set
ac_cv_env_CC_value=/home/dott/emsdk/upstream/emscripten/emcc
ac_cv_env_CFLAGS_set=
ac_cv_env_CFLAGS_value=
ac_cv_env_CPPFLAGS_set=
ac_cv_env_CPPFLAGS_value=
ac_cv_env_CPP_set=
ac_cv_env_CPP_value=
ac_cv_env_LDFLAGS_set=
ac_cv_env_LDFLAGS_value=
ac_cv_env_LIBS_set=
ac_cv_env_LIBS_value=
ac_cv_env_LT_SYS_LIBRARY_PATH_set=
ac_cv_env_LT_SYS_LIBRARY_PATH_value=
ac_cv_env_OGG_CFLAGS_set=
ac_cv_env_OGG_CFLAGS_value=
ac_cv_env_OGG_LIBS_set=
ac_cv_env_OGG_LIBS_value=
ac_cv_env_PKG_CONFIG_set=
ac_cv_env_PKG_CONFIG_value=
ac_cv_env_build_alias_set=
ac_cv_env_build_alias_value=
ac_cv_env_host_alias_set=
ac_cv_env_host_alias_value=
ac_cv_env_target_alias_set=
ac_cv_env_target_alias_value=
ac_cv_func_alloca_works=yes
ac_cv_func_memcmp_working=yes
ac_cv_func_oggpack_writealign=yes
ac_cv_header_dlfcn_h=yes
ac_cv_header_inttypes_h=yes
ac_cv_header_memory_h=yes
ac_cv_header_stdint_h=yes
ac_cv_header_stdio_h=yes
ac_cv_header_stdlib_h=yes
ac_cv_header_string_h=yes
ac_cv_header_strings_h=yes
ac_cv_header_sys_stat_h=yes
ac_cv_header_sys_types_h=yes
ac_cv_header_unistd_h=yes
ac_cv_host=x86_64-pc-linux-gnu
ac_cv_lib_m_cos=yes
ac_cv_lib_pthread_pthread_create=yes
ac_cv_objext=o
ac_cv_path_EGREP='/usr/bin/grep -E'
ac_cv_path_FGREP='/usr/bin/grep -F'
ac_cv_path_GREP=/usr/bin/grep
ac_cv_path_SED=/usr/bin/sed
ac_cv_path_ac_pt_PKG_CONFIG=/usr/bin/pkg-config
ac_cv_path_install='/usr/bin/install -c'
ac_cv_path_lt_DD=/usr/bin/dd
ac_cv_path_mkdir=/usr/bin/mkdir
ac_cv_prog_AWK=gawk
ac_cv_prog_CPP='/home/dott/emsdk/upstream/emscripten/emcc -E'
ac_cv_prog_ac_ct_CC=/home/dott/emsdk/upstream/emscripten/emcc
ac_cv_prog_ac_ct_DLLTOOL=dlltool
ac_cv_prog_ac_ct_OBJDUMP=objdump
ac_cv_prog_ac_ct_RANLIB=/home/dott/emsdk/upstream/emscripten/emranlib
ac_cv_prog_ac_ct_STRIP=strip
ac_cv_prog_cc_c11=
ac_cv_prog_cc_g=yes
ac_cv_prog_cc_stdc=
ac_cv_prog_make_make_set=yes
ac_cv_target=x86_64-pc-linux-gnu
ac_cv_type_size_t=yes
ac_cv_working_alloca_h=yes
am_cv_CC_dependencies_compiler_type=gcc3
am_cv_make_support_nested_variables=yes
am_cv_prog_cc_c_o=yes
lt_cv_ar_at_file=@
lt_cv_deplibs_check_method=pass_all
lt_cv_file_magic_cmd='$MAGIC_CMD'
lt_cv_file_magic_test_file=
lt_cv_ld_reload_flag=-r
lt_cv_nm_interface='BSD nm'
lt_cv_objdir=.libs
lt_cv_path_LD=/home/dott/emsdk/upstream/emscripten/emcc
lt_cv_path_NM=/home/dott/emsdk/upstream/bin/llvm-nm
lt_cv_path_mainfest_tool=no
lt_cv_prog_compiler_c_o=yes
lt_cv_prog_compiler_pic='-fPIC -DPIC'
lt_cv_prog_compiler_pic_works=yes
lt_cv_prog_compiler_rtti_exceptions=yes
lt_cv_prog_compiler_static_works=yes
lt_cv_prog_gnu_ld=yes
lt_cv_sharedlib_from_linklib_cmd='printf %s\n'
lt_cv_shlibpath_overrides_runpath=no
lt_cv_sys_global_symbol_pipe='sed -n -e '\''s/^.*[	 ]\([ABCDGIRSTW][ABCDGIRSTW]*\)[	 ][	 ]*\([_A-Za-z][_A-Za-z0-9]*\)$/\1 \2 \2/p'\'' | sed '\''/ __gnu_lto/d'\'''
lt_cv_sys_global_symbol_to_c_name_address='sed -n -e '\''s/^: \(.*\) .*$/  {"\1", (void *) 0},/p'\'' -e '\''s/^[ABCDGIRSTW][ABCDGIRSTW]* .* \(.*\)$/  {"\1", (void *) \&\1},/p'\'''
lt_cv_sys_global_symbol_to_c_name_address_lib_prefix='sed -n -e '\''s/^: \(.*\) .*$/  {"\1", (void *) 0},/p'\'' -e '\''s/^[ABCDGIRSTW][ABCDGIRSTW]* .* \(lib.*\)$/  {"\1", (void *) \&\1},/p'\'' -e '\''s/^[ABCDGIRSTW][ABCDGIRSTW]* .* \(.*\)$/  {"lib\1", (void *) \&\1},/p'\'''
lt_cv_sys_global_symbol_to_cdecl='sed -n -e '\''s/^T .* \(.*\)$/extern int \1();/p'\'' -e '\''s/^[ABCDGIRSTW][ABCDGIRSTW]* .* \(.*\)$/extern char \1;/p'\'''
lt_cv_sys_global_symbol_to_import=
lt_cv_sys_max_cmd_len=1572864
lt_cv_to_host_file_cmd=func_convert_file_noop
lt_cv_to_tool_file_cmd=func_convert_file_noop
lt_cv_truncate_bin='/usr/bin/dd bs=4096 count=1'

## ----------------- ##
## Output variables. ##
## ----------------- ##

ACLOCAL='${SHELL} '\''/home/dott/ogv.js/libvorbis/missing'\'' aclocal-1.16'
ACLOCAL_AMFLAGS='-I m4'
ALLOCA=''
AMDEPBACKSLASH='\'
AMDEP_FALSE='#'
AMDEP_TRUE=''
AMTAR='$${TAR-tar}'
AM_BACKSLASH='\'
AM_DEFAULT_V='$(AM_DEFAULT_VERBOSITY)'
AM_DEFAULT_VERBOSITY='0'
AM_V='$(V)'
AR='/home/dott/emsdk/upstream/emscripten/emar'
AS='as'
AUTOCONF='${SHELL} '\''/home/dott/ogv.js/libvorbis/missing'\'' autoconf'
AUTOHEADER='${SHELL} '\''/home/dott/ogv.js/libvorbis/missing'\'' autoheader'
AUTOMAKE='${SHELL} '\''/home/dott/ogv.js/libvorbis/missing'\'' automake-1.16'
AWK='gawk'
BUILD_DOCS_FALSE=''
BUILD_DOCS_TRUE='#'
BUILD_EXAMPLES_FALSE=''
BUILD_EXAMPLES_TRUE='#'
CC='/home/dott/emsdk/upstream/emscripten/emcc'
CCDEPMODE='depmode=gcc3'
CFLAGS='-O3 -Wall -Wextra -ffast-math -D_REENTRANT -fsigned-char -Wdeclaration-after-statement  -DUSE_MEMORY_H'
CPP='/home/dott/emsdk/upstream/emscripten/emcc -E'
CPPFLAGS=''
CYGPATH_W='echo'
DEBUG='-g -Wall -Wextra -D_REENTRANT -D__NO_MATH_INLINES -fsigned-char'
DEFS='-DHAVE_CONFIG_H'
DEPDIR='.deps'
DLLTOOL='dlltool'
DSYMUTIL=''
DUMPBIN=''
ECHO_C=''
ECHO_N='-n'
ECHO_T=''
EGREP='/usr/bin/grep -E'
EXEEXT=''
FGREP='/usr/bin/grep -F'
GREP='/usr/bin/grep'
HAVE_DOXYGEN='false'
HAVE_DOXYGEN_FALSE=''
HAVE_DOXYGEN_TRUE='#'
HTLATEX=''
INSTALL_DATA='${INSTALL} -m 644'
INSTALL_PROGRAM='${INSTALL}'
INSTALL_SCRIPT='${INSTALL}'
INSTALL_STRIP_PROGRAM='$(install_sh) -c -s'
LD='/home/dott/emsdk/upstream/emscripten/emcc'
LDFLAGS=''
LIBOBJS=''
LIBS=''
LIBTOOL='$(SHELL) $(top_builddir)/libtool'
LIBTOOL_DEPS='../../../libvorbis//ltmain.sh'
LIPO=''
LN_S='ln -s'
LTLIBOBJS=''
LT_SYS_LIBRARY_PATH=''
MAINT='#'
MAINTAINER_MODE_FALSE=''
MAINTAINER_MODE_TRUE='#'
MAKEINFO='${SHELL} '\''/home/dott/ogv.js/libvorbis/missing'\'' makeinfo'
MANIFEST_TOOL=':'
MKDIR_P='/usr/bin/mkdir -p'
NM='/home/dott/emsdk/upstream/bin/llvm-nm'
NMEDIT=''
OBJDUMP='objdump'
OBJEXT='o'
OGG_CFLAGS='-I/home/dott/ogv.js/build/wasm/root/include'
OGG_LIBS='-L/home/dott/ogv.js/build/wasm/root/lib -logg'
OTOOL64=''
OTOOL=''
PACKAGE='libvorbis'
PACKAGE_BUGREPORT='vorbis-dev@xiph.org'
PACKAGE_NAME='libvorbis'
PACKAGE_STRING='libvorbis 1.3.6'
PACKAGE_TARNAME='libvorbis'
PACKAGE_URL=''
PACKAGE_VERSION='1.3.6'
PATH_SEPARATOR=':'
PDFLATEX=''
PKG_CONFIG='/usr/bin/pkg-config'
PROFILE='-pg -g -O3 -ffast-math -D_REENTRANT -fsigned-char'
RANLIB='/home/dott/emsdk/upstream/emscripten/emranlib'
SED='/usr/bin/sed'
SET_MAKE=''
SHELL='/bin/sh'
STRIP='strip'
VERSION='1.3.6'
VE_LIB_AGE='0'
VE_LIB_CURRENT='2'
VE_LIB_REVISION='11'
VF_LIB_AGE='3'
VF_LIB_CURRENT='6'
VF_LIB_REVISION='7'
VORBIS_LIBS='-lm'
V_LIB_AGE='4'
V_LIB_CURRENT='4'
V_LIB_REVISION='8'
ac_ct_AR=''
ac_ct_CC='/home/dott/emsdk/upstream/emscripten/emcc'
ac_ct_DUMPBIN=''
am__EXEEXT_FALSE=''
am__EXEEXT_TRUE='#'
am__fastdepCC_FALSE='#'
am__fastdepCC_TRUE=''
am__include='include'
am__isrc=' -I$(srcdir)'
am__leading_dot='.'
am__nodep='_no'
am__quote=''
am__tar='$${TAR-tar} chof - "$$tardir"'
am__untar='$${TAR-tar} xf -'
bindir='${exec_prefix}/bin'
build='x86_64-pc-linux-gnu'
build_alias=''
build_cpu='x86_64'
build_os='linux-gnu'
build_vendor='pc'
datadir='${datarootdir}'
datarootdir='${prefix}/share'
docdir='${datarootdir}/doc/${PACKAGE_TARNAME}'
dvidir='${docdir}'
exec_prefix='${prefix}'
host='x86_64-pc-linux-gnu'
host_alias=''
host_cpu='x86_64'
host_os='linux-gnu'
host_vendor='pc'
htmldir='${docdir}'
includedir='${prefix}/include'
infodir='${datarootdir}/info'
install_sh='${SHELL} /home/dott/ogv.js/libvorbis/install-sh'
libdir='${exec_prefix}/lib'
libexecdir='${exec_prefix}/libexec'
localedir='${datarootdir}/locale'
localstatedir='${prefix}/var'
mandir='${datarootdir}/man'
mkdir_p='$(MKDIR_P)'
oldincludedir='/usr/include'
pdfdir='${docdir}'
prefix='/home/dott/ogv.js/build/wasm/root'
program_transform_name='s,x,x,'
psdir='${docdir}'
pthread_lib='-lpthread'
runstatedir='/run'
sbindir='${exec_prefix}/sbin'
sharedstatedir='${prefix}/com'
sysconfdir='${prefix}/etc'
target='x86_64-pc-linux-gnu'
target_alias=''
target_cpu='x86_64'
target_os='linux-gnu'
target_vendor='pc'

## ----------- ##
## confdefs.h. ##
## ----------- ##

/* confdefs.h */
#define PACKAGE_NAME "libvorbis"
#define PACKAGE_TARNAME "libvorbis"
#define PACKAGE_VERSION "1.3.6"
#define PACKAGE_STRING "libvorbis 1.3.6"
#define PACKAGE_BUGREPORT "vorbis-dev@xiph.org"
#define PACKAGE_URL ""
#define PACKAGE "libvorbis"
#define VERSION "1.3.6"
#define HAVE_STDIO_H 1
#define HAVE_STDLIB_H 1
#define HAVE_STRING_H 1
#define HAVE_INTTYPES_H 1
#define HAVE_STDINT_H 1
#define HAVE_STRINGS_H 1
#define HAVE_SYS_STAT_H 1
#define HAVE_SYS_TYPES_H 1
#define HAVE_UNISTD_H 1
#define STDC_HEADERS 1
#define HAVE_DLFCN_H 1
#define LT_OBJDIR ".libs/"
#define HAVE_ALLOCA_H 1
#define HAVE_ALLOCA 1

configure: exit 0
