This file contains any messages produced by compilers while
running configure, to aid debugging if configure makes a mistake.

It was created by liboggz configure 1.1.1, which was
generated by GNU Autoconf 2.70.  Invocation command line was

  $ ../../../liboggz/configure --prefix=/home/dott/ogv.js/build/wasm/root --disable-write --disable-shared

## --------- ##
## Platform. ##
## --------- ##

hostname = localhost
uname -m = x86_64
uname -r = 5.15.62-desktop-1.mga8
uname -s = Linux
uname -v = #1 SMP Sun Aug 21 16:48:29 UTC 2022

/usr/bin/uname -p = x86_64
/bin/uname -X     = unknown

/bin/arch              = x86_64
/usr/bin/arch -k       = unknown
/usr/convex/getsysinfo = unknown
/usr/bin/hostinfo      = unknown
/bin/machine           = unknown
/usr/bin/oslevel       = unknown
/bin/universe          = unknown

PATH: /home/dott/emsdk/upstream/emscripten/cache/sysroot/bin/
PATH: /home/dott/emsdk/
PATH: /home/dott/emsdk/upstream/emscripten/
PATH: /home/dott/emsdk/node/14.18.2_64bit/bin/
PATH: /home/dott/.vscode-server/bin/e4503b30fc78200f846c62cf8091b76ff5547662/bin/remote-cli/
PATH: /usr/local/lib/nodejs/bin/
PATH: /home/dott/.cargo/bin/
PATH: /usr/local/bin/
PATH: /usr/bin/
PATH: /usr/local/games/
PATH: /usr/games/
PATH: /usr/local/sbin/
PATH: /usr/sbin/
PATH: /usr/lib64/qt5/bin/
PATH: /home/dott/.local/bin/
PATH: /home/dott/bin/


## ----------- ##
## Core tests. ##
## ----------- ##

configure:2761: looking for aux files: ltmain.sh compile missing install-sh config.guess config.sub
configure:2774:  trying ../../../liboggz/
configure:2803:   ../../../liboggz/ltmain.sh found
configure:2803:   ../../../liboggz/compile found
configure:2803:   ../../../liboggz/missing found
configure:2785:   ../../../liboggz/install-sh found
configure:2803:   ../../../liboggz/config.guess found
configure:2803:   ../../../liboggz/config.sub found
configure:2923: checking build system type
configure:2938: result: x86_64-pc-linux-gnu
configure:2958: checking host system type
configure:2972: result: x86_64-pc-linux-gnu
configure:2992: checking target system type
configure:3006: result: x86_64-pc-linux-gnu
configure:3050: checking for a BSD-compatible install
configure:3123: result: /usr/bin/install -c
configure:3134: checking whether build environment is sane
configure:3189: result: yes
configure:3348: checking for a race-free mkdir -p
configure:3392: result: /usr/bin/mkdir -p
configure:3399: checking for gawk
configure:3420: found /usr/bin/gawk
configure:3431: result: gawk
configure:3442: checking whether make sets $(MAKE)
configure:3465: result: yes
configure:3495: checking whether make supports nested variables
configure:3513: result: yes
configure:3636: checking whether to enable maintainer-specific portions of Makefiles
configure:3646: result: yes
configure:3743: checking for gcc
configure:3775: result: /home/dott/emsdk/upstream/emscripten/emcc
configure:4128: checking for C compiler version
configure:4137: /home/dott/emsdk/upstream/emscripten/emcc --version >&5
emcc (Emscripten gcc/clang-like replacement + linker emulating GNU ld) 3.1.20 (5d878c99921ec247d34fb26a20b5a13d60d69e93)
Copyright (C) 2014 the Emscripten authors (see AUTHORS.txt)
This is free and open source software under the MIT license.
There is NO warranty; not even for MERCHANTABILITY or FITNESS FOR A PARTICULAR PURPOSE.

configure:4148: $? = 0
configure:4137: /home/dott/emsdk/upstream/emscripten/emcc -v >&5
emcc (Emscripten gcc/clang-like replacement + linker emulating GNU ld) 3.1.20 (5d878c99921ec247d34fb26a20b5a13d60d69e93)
clang version 16.0.0 (https://github.com/llvm/llvm-project 75767a0f9a926641edbef08e31ec2148ff45da67)
Target: wasm32-unknown-emscripten
Thread model: posix
InstalledDir: /home/dott/emsdk/upstream/bin
configure:4148: $? = 0
configure:4137: /home/dott/emsdk/upstream/emscripten/emcc -V >&5
emcc: error: no input files
configure:4148: $? = 1
configure:4137: /home/dott/emsdk/upstream/emscripten/emcc -qversion >&5
emcc: error: no input files
configure:4148: $? = 1
configure:4137: /home/dott/emsdk/upstream/emscripten/emcc -version >&5
emcc: error: no input files
configure:4148: $? = 1
configure:4168: checking whether the C compiler works
configure:4190: /home/dott/emsdk/upstream/emscripten/emcc    conftest.c  >&5
configure:4194: $? = 0
configure:4244: result: yes
configure:4247: checking for C compiler default output file name
configure:4249: result: a.out
configure:4255: checking for suffix of executables
configure:4262: /home/dott/emsdk/upstream/emscripten/emcc -o conftest    conftest.c  >&5
configure:4266: $? = 0
configure:4289: result: 
configure:4311: checking whether we are cross compiling
configure:4319: /home/dott/emsdk/upstream/emscripten/emcc -o conftest    conftest.c  >&5
configure:4323: $? = 0
configure:4330: ./conftest
configure:4334: $? = 0
configure:4349: result: no
configure:4354: checking for suffix of object files
configure:4377: /home/dott/emsdk/upstream/emscripten/emcc -c   conftest.c >&5
configure:4381: $? = 0
configure:4403: result: o
configure:4407: checking whether the compiler supports GNU C
configure:4427: /home/dott/emsdk/upstream/emscripten/emcc -c   conftest.c >&5
configure:4427: $? = 0
configure:4437: result: yes
configure:4448: checking whether /home/dott/emsdk/upstream/emscripten/emcc accepts -g
configure:4469: /home/dott/emsdk/upstream/emscripten/emcc -c -g  conftest.c >&5
configure:4469: $? = 0
configure:4513: result: yes
configure:4533: checking for /home/dott/emsdk/upstream/emscripten/emcc option to enable C11 features
configure:4548: /home/dott/emsdk/upstream/emscripten/emcc  -c -g -O2  conftest.c >&5
conftest.c:25:14: warning: a function definition without a prototype is deprecated in all versions of C and is not supported in C2x [-Wdeprecated-non-prototype]
static char *e (p, i)
             ^
1 warning generated.
configure:4548: $? = 0
configure:4566: result: none needed
configure:4682: checking whether /home/dott/emsdk/upstream/emscripten/emcc understands -c and -o together
configure:4705: /home/dott/emsdk/upstream/emscripten/emcc -c conftest.c -o conftest2.o
configure:4708: $? = 0
configure:4705: /home/dott/emsdk/upstream/emscripten/emcc -c conftest.c -o conftest2.o
configure:4708: $? = 0
configure:4720: result: yes
configure:4740: checking whether make supports the include directive
configure:4755: make -f confmf.GNU && cat confinc.out
make[1]: Entering directory '/home/dott/ogv.js/build/wasm/liboggz'
make[1]: Leaving directory '/home/dott/ogv.js/build/wasm/liboggz'
this is the am__doit target
configure:4758: $? = 0
configure:4777: result: yes (GNU style)
configure:4803: checking dependency style of /home/dott/emsdk/upstream/emscripten/emcc
configure:4915: result: gcc3
configure:4935: checking how to run the C preprocessor
configure:4961: /home/dott/emsdk/upstream/emscripten/emcc -E  conftest.c
configure:4961: $? = 0
configure:4976: /home/dott/emsdk/upstream/emscripten/emcc -E  conftest.c
conftest.c:11:10: fatal error: 'ac_nonexistent.h' file not found
#include <ac_nonexistent.h>
         ^~~~~~~~~~~~~~~~~~
1 error generated.
emcc: error: '/home/dott/emsdk/upstream/bin/clang -target wasm32-unknown-emscripten -fignore-exceptions -fvisibility=default -mllvm -combiner-global-alias-analysis=false -mllvm -enable-emscripten-sjlj -mllvm -disable-lsr -DEMSCRIPTEN -D__EMSCRIPTEN_major__=3 -D__EMSCRIPTEN_minor__=1 -D__EMSCRIPTEN_tiny__=20 -Werror=implicit-function-declaration -I/home/dott/emsdk/upstream/emscripten/cache/sysroot/include/SDL --sysroot=/home/dott/emsdk/upstream/emscripten/cache/sysroot -Xclang -iwithsysroot/include/compat -E conftest.c' failed (returned 1)
configure:4976: $? = 1
configure: failed program was:
| /* confdefs.h */
| #define PACKAGE_NAME "liboggz"
| #define PACKAGE_TARNAME "liboggz"
| #define PACKAGE_VERSION "1.1.1"
| #define PACKAGE_STRING "liboggz 1.1.1"
| #define PACKAGE_BUGREPORT "ogg-dev@xiph.org"
| #define PACKAGE_URL ""
| #define PACKAGE "liboggz"
| #define VERSION "1.1.1"
| /* end confdefs.h.  */
| #include <ac_nonexistent.h>
configure:5003: result: /home/dott/emsdk/upstream/emscripten/emcc -E
configure:5017: /home/dott/emsdk/upstream/emscripten/emcc -E  conftest.c
configure:5017: $? = 0
configure:5032: /home/dott/emsdk/upstream/emscripten/emcc -E  conftest.c
conftest.c:11:10: fatal error: 'ac_nonexistent.h' file not found
#include <ac_nonexistent.h>
         ^~~~~~~~~~~~~~~~~~
1 error generated.
emcc: error: '/home/dott/emsdk/upstream/bin/clang -target wasm32-unknown-emscripten -fignore-exceptions -fvisibility=default -mllvm -combiner-global-alias-analysis=false -mllvm -enable-emscripten-sjlj -mllvm -disable-lsr -DEMSCRIPTEN -D__EMSCRIPTEN_major__=3 -D__EMSCRIPTEN_minor__=1 -D__EMSCRIPTEN_tiny__=20 -Werror=implicit-function-declaration -I/home/dott/emsdk/upstream/emscripten/cache/sysroot/include/SDL --sysroot=/home/dott/emsdk/upstream/emscripten/cache/sysroot -Xclang -iwithsysroot/include/compat -E conftest.c' failed (returned 1)
configure:5032: $? = 1
configure: failed program was:
| /* confdefs.h */
| #define PACKAGE_NAME "liboggz"
| #define PACKAGE_TARNAME "liboggz"
| #define PACKAGE_VERSION "1.1.1"
| #define PACKAGE_STRING "liboggz 1.1.1"
| #define PACKAGE_BUGREPORT "ogg-dev@xiph.org"
| #define PACKAGE_URL ""
| #define PACKAGE "liboggz"
| #define VERSION "1.1.1"
| /* end confdefs.h.  */
| #include <ac_nonexistent.h>
configure:5063: checking whether ln -s works
configure:5067: result: yes
configure:5074: checking whether make sets $(MAKE)
configure:5097: result: yes
configure:5153: checking how to print strings
configure:5180: result: printf
configure:5201: checking for a sed that does not truncate output
configure:5271: result: /usr/bin/sed
configure:5289: checking for grep that handles long lines and -e
configure:5353: result: /usr/bin/grep
configure:5358: checking for egrep
configure:5426: result: /usr/bin/grep -E
configure:5431: checking for fgrep
configure:5499: result: /usr/bin/grep -F
configure:5535: checking for ld used by /home/dott/emsdk/upstream/emscripten/emcc
emcc: error: no input files
configure:5603: result: /home/dott/emsdk/upstream/emscripten/emcc
configure:5610: checking if the linker (/home/dott/emsdk/upstream/emscripten/emcc) is GNU ld
configure:5626: result: yes
configure:5638: checking for BSD- or MS-compatible name lister (nm)
configure:5693: result: /home/dott/emsdk/upstream/bin/llvm-nm
configure:5833: checking the name lister (/home/dott/emsdk/upstream/bin/llvm-nm) interface
configure:5841: /home/dott/emsdk/upstream/emscripten/emcc -c -g -O2  conftest.c >&5
configure:5844: /home/dott/emsdk/upstream/bin/llvm-nm "conftest.o"
configure:5847: output
00000000 d .debug_abbrev
00000000 d .debug_line
00000000 d .debug_str
00000000 D some_variable
configure:5854: result: BSD nm
configure:5858: checking the maximum length of command line arguments
configure:5990: result: 1572864
configure:6038: checking how to convert x86_64-pc-linux-gnu file names to x86_64-pc-linux-gnu format
configure:6079: result: func_convert_file_noop
configure:6086: checking how to convert x86_64-pc-linux-gnu file names to toolchain format
configure:6107: result: func_convert_file_noop
configure:6114: checking for /home/dott/emsdk/upstream/emscripten/emcc option to reload object files
configure:6122: result: -r
configure:6201: checking for objdump
configure:6222: found /usr/bin/objdump
configure:6233: result: objdump
configure:6265: checking how to recognize dependent libraries
configure:6466: result: pass_all
configure:6556: checking for dlltool
configure:6591: result: no
configure:6621: checking how to associate runtime and link libraries
configure:6649: result: printf %s\n
configure:6784: checking for archiver @FILE support
configure:6802: /home/dott/emsdk/upstream/emscripten/emcc -c -g -O2  conftest.c >&5
configure:6802: $? = 0
configure:6806: /home/dott/emsdk/upstream/emscripten/emar cru libconftest.a @conftest.lst >&5
configure:6809: $? = 0
configure:6814: /home/dott/emsdk/upstream/emscripten/emar cru libconftest.a @conftest.lst >&5
/home/dott/emsdk/upstream/bin/llvm-ar: error: conftest.o: No such file or directory
configure:6817: $? = 1
configure:6829: result: @
configure:6892: checking for strip
configure:6913: found /usr/bin/strip
configure:6924: result: strip
configure:7001: checking for ranlib
configure:7033: result: /home/dott/emsdk/upstream/emscripten/emranlib
configure:7135: checking command to parse /home/dott/emsdk/upstream/bin/llvm-nm output from /home/dott/emsdk/upstream/emscripten/emcc object
configure:7289: /home/dott/emsdk/upstream/emscripten/emcc -c -g -O2  conftest.c >&5
configure:7292: $? = 0
configure:7296: /home/dott/emsdk/upstream/bin/llvm-nm conftest.o \| sed -n -e 's/^.*[ ]\([ABCDGIRSTW][ABCDGIRSTW]*\)[ ][ ]*\([_A-Za-z][_A-Za-z0-9]*\)$/\1 \2 \2/p' | sed '/ __gnu_lto/d' \> conftest.nm
configure:7299: $? = 0
configure:7365: /home/dott/emsdk/upstream/emscripten/emcc -o conftest -g -O2   conftest.c conftstm.o >&5
emcc: warning: running limited binaryen optimizations because DWARF info requested (or indirectly required) [-Wlimited-postlink-optimizations]
configure:7368: $? = 0
configure:7406: result: ok
configure:7453: checking for sysroot
configure:7484: result: no
configure:7491: checking for a working dd
configure:7535: result: /usr/bin/dd
configure:7539: checking how to truncate binary pipes
configure:7555: result: /usr/bin/dd bs=4096 count=1
configure:7692: /home/dott/emsdk/upstream/emscripten/emcc -c -g -O2  conftest.c >&5
configure:7695: $? = 0
configure:7892: checking for mt
configure:7927: result: no
configure:7947: checking if : is a manifest tool
configure:7954: : '-?'
configure:7962: result: no
configure:8692: checking for stdio.h
configure:8692: /home/dott/emsdk/upstream/emscripten/emcc -c -g -O2  conftest.c >&5
configure:8692: $? = 0
configure:8692: result: yes
configure:8692: checking for stdlib.h
configure:8692: /home/dott/emsdk/upstream/emscripten/emcc -c -g -O2  conftest.c >&5
configure:8692: $? = 0
configure:8692: result: yes
configure:8692: checking for string.h
configure:8692: /home/dott/emsdk/upstream/emscripten/emcc -c -g -O2  conftest.c >&5
configure:8692: $? = 0
configure:8692: result: yes
configure:8692: checking for inttypes.h
configure:8692: /home/dott/emsdk/upstream/emscripten/emcc -c -g -O2  conftest.c >&5
configure:8692: $? = 0
configure:8692: result: yes
configure:8692: checking for stdint.h
configure:8692: /home/dott/emsdk/upstream/emscripten/emcc -c -g -O2  conftest.c >&5
configure:8692: $? = 0
configure:8692: result: yes
configure:8692: checking for strings.h
configure:8692: /home/dott/emsdk/upstream/emscripten/emcc -c -g -O2  conftest.c >&5
configure:8692: $? = 0
configure:8692: result: yes
configure:8692: checking for sys/stat.h
configure:8692: /home/dott/emsdk/upstream/emscripten/emcc -c -g -O2  conftest.c >&5
configure:8692: $? = 0
configure:8692: result: yes
configure:8692: checking for sys/types.h
configure:8692: /home/dott/emsdk/upstream/emscripten/emcc -c -g -O2  conftest.c >&5
configure:8692: $? = 0
configure:8692: result: yes
configure:8692: checking for unistd.h
configure:8692: /home/dott/emsdk/upstream/emscripten/emcc -c -g -O2  conftest.c >&5
configure:8692: $? = 0
configure:8692: result: yes
configure:8717: checking for dlfcn.h
configure:8717: /home/dott/emsdk/upstream/emscripten/emcc -c -g -O2  conftest.c >&5
configure:8717: $? = 0
configure:8717: result: yes
configure:8976: checking for objdir
configure:8992: result: .libs
configure:9252: checking if /home/dott/emsdk/upstream/emscripten/emcc supports -fno-rtti -fno-exceptions
configure:9271: /home/dott/emsdk/upstream/emscripten/emcc -c -g -O2  -fno-rtti -fno-exceptions conftest.c >&5
configure:9275: $? = 0
configure:9288: result: yes
configure:9646: checking for /home/dott/emsdk/upstream/emscripten/emcc option to produce PIC
configure:9654: result: -fPIC -DPIC
configure:9662: checking if /home/dott/emsdk/upstream/emscripten/emcc PIC flag -fPIC -DPIC works
configure:9681: /home/dott/emsdk/upstream/emscripten/emcc -c -g -O2  -fPIC -DPIC -DPIC conftest.c >&5
configure:9685: $? = 0
configure:9698: result: yes
configure:9727: checking if /home/dott/emsdk/upstream/emscripten/emcc static flag -static works
emcc: warning: running limited binaryen optimizations because DWARF info requested (or indirectly required) [-Wlimited-postlink-optimizations]
configure:9756: result: yes
configure:9771: checking if /home/dott/emsdk/upstream/emscripten/emcc supports -c -o file.o
configure:9793: /home/dott/emsdk/upstream/emscripten/emcc -c -g -O2  -o out/conftest2.o conftest.c >&5
configure:9797: $? = 0
configure:9819: result: yes
configure:9827: checking if /home/dott/emsdk/upstream/emscripten/emcc supports -c -o file.o
configure:9875: result: yes
configure:9908: checking whether the /home/dott/emsdk/upstream/emscripten/emcc linker (/home/dott/emsdk/upstream/emscripten/emcc) supports shared libraries
configure:11174: result: yes
configure:11415: checking dynamic linker characteristics
configure:11997: /home/dott/emsdk/upstream/emscripten/emcc -o conftest -g -O2   -Wl,-rpath -Wl,/foo conftest.c  >&5
emcc: warning: ignoring unsupported linker flag: `-rpath` [-Wlinkflags]
emcc: warning: running limited binaryen optimizations because DWARF info requested (or indirectly required) [-Wlimited-postlink-optimizations]
configure:11997: $? = 0
configure:12239: result: GNU/Linux ld.so
configure:12361: checking how to hardcode library paths into programs
configure:12386: result: immediate
configure:12938: checking whether stripping libraries is possible
configure:12943: result: yes
configure:12978: checking if libtool supports shared libraries
configure:12980: result: yes
configure:12983: checking whether to build shared libraries
configure:13008: result: no
configure:13011: checking whether to build static libraries
configure:13015: result: yes
configure:13053: checking for an ANSI C-conforming const
configure:13120: /home/dott/emsdk/upstream/emscripten/emcc -c -g -O2  conftest.c >&5
configure:13120: $? = 0
configure:13128: result: yes
configure:13136: checking whether byte ordering is bigendian
configure:13152: /home/dott/emsdk/upstream/emscripten/emcc -c -g -O2  conftest.c >&5
conftest.c:24:9: error: unknown type name 'not'
               not a universal capable compiler
               ^
conftest.c:24:14: error: expected ';' after top level declarator
               not a universal capable compiler
                    ^
                    ;
2 errors generated.
emcc: error: '/home/dott/emsdk/upstream/bin/clang -target wasm32-unknown-emscripten -fignore-exceptions -fvisibility=default -mllvm -combiner-global-alias-analysis=false -mllvm -enable-emscripten-sjlj -mllvm -disable-lsr -DEMSCRIPTEN -D__EMSCRIPTEN_major__=3 -D__EMSCRIPTEN_minor__=1 -D__EMSCRIPTEN_tiny__=20 -Werror=implicit-function-declaration -I/home/dott/emsdk/upstream/emscripten/cache/sysroot/include/SDL --sysroot=/home/dott/emsdk/upstream/emscripten/cache/sysroot -Xclang -iwithsysroot/include/compat -c -g3 -O2 conftest.c -o conftest.o' failed (returned 1)
configure:13152: $? = 1
configure: failed program was:
| /* confdefs.h */
| #define PACKAGE_NAME "liboggz"
| #define PACKAGE_TARNAME "liboggz"
| #define PACKAGE_VERSION "1.1.1"
| #define PACKAGE_STRING "liboggz 1.1.1"
| #define PACKAGE_BUGREPORT "ogg-dev@xiph.org"
| #define PACKAGE_URL ""
| #define PACKAGE "liboggz"
| #define VERSION "1.1.1"
| #define HAVE_STDIO_H 1
| #define HAVE_STDLIB_H 1
| #define HAVE_STRING_H 1
| #define HAVE_INTTYPES_H 1
| #define HAVE_STDINT_H 1
| #define HAVE_STRINGS_H 1
| #define HAVE_SYS_STAT_H 1
| #define HAVE_SYS_TYPES_H 1
| #define HAVE_UNISTD_H 1
| #define STDC_HEADERS 1
| #define HAVE_DLFCN_H 1
| #define LT_OBJDIR ".libs/"
| /* end confdefs.h.  */
| #ifndef __APPLE_CC__
| 	       not a universal capable compiler
| 	     #endif
| 	     typedef int dummy;
| 
configure:13198: /home/dott/emsdk/upstream/emscripten/emcc -c -g -O2  conftest.c >&5
configure:13198: $? = 0
configure:13217: /home/dott/emsdk/upstream/emscripten/emcc -c -g -O2  conftest.c >&5
conftest.c:30:4: error: use of undeclared identifier 'not'
                 not big endian
                 ^
1 error generated.
emcc: error: '/home/dott/emsdk/upstream/bin/clang -target wasm32-unknown-emscripten -fignore-exceptions -fvisibility=default -mllvm -combiner-global-alias-analysis=false -mllvm -enable-emscripten-sjlj -mllvm -disable-lsr -DEMSCRIPTEN -D__EMSCRIPTEN_major__=3 -D__EMSCRIPTEN_minor__=1 -D__EMSCRIPTEN_tiny__=20 -Werror=implicit-function-declaration -I/home/dott/emsdk/upstream/emscripten/cache/sysroot/include/SDL --sysroot=/home/dott/emsdk/upstream/emscripten/cache/sysroot -Xclang -iwithsysroot/include/compat -c -g3 -O2 conftest.c -o conftest.o' failed (returned 1)
configure:13217: $? = 1
configure: failed program was:
| /* confdefs.h */
| #define PACKAGE_NAME "liboggz"
| #define PACKAGE_TARNAME "liboggz"
| #define PACKAGE_VERSION "1.1.1"
| #define PACKAGE_STRING "liboggz 1.1.1"
| #define PACKAGE_BUGREPORT "ogg-dev@xiph.org"
| #define PACKAGE_URL ""
| #define PACKAGE "liboggz"
| #define VERSION "1.1.1"
| #define HAVE_STDIO_H 1
| #define HAVE_STDLIB_H 1
| #define HAVE_STRING_H 1
| #define HAVE_INTTYPES_H 1
| #define HAVE_STDINT_H 1
| #define HAVE_STRINGS_H 1
| #define HAVE_SYS_STAT_H 1
| #define HAVE_SYS_TYPES_H 1
| #define HAVE_UNISTD_H 1
| #define STDC_HEADERS 1
| #define HAVE_DLFCN_H 1
| #define LT_OBJDIR ".libs/"
| /* end confdefs.h.  */
| #include <sys/types.h>
| 		#include <sys/param.h>
| 
| int
| main (void)
| {
| #if BYTE_ORDER != BIG_ENDIAN
| 		 not big endian
| 		#endif
| 
|   ;
|   return 0;
| }
configure:13351: result: no
configure:13377: checking for egrep
configure:13445: result: /usr/bin/grep -E
configure:13451: checking for fcntl.h
configure:13451: /home/dott/emsdk/upstream/emscripten/emcc -c -g -O2  conftest.c >&5
configure:13451: $? = 0
configure:13451: result: yes
configure:13457: checking for inttypes.h
configure:13457: result: yes
configure:13463: checking for stdlib.h
configure:13463: result: yes
configure:13469: checking for string.h
configure:13469: result: yes
configure:13475: checking for sys/types.h
configure:13475: result: yes
configure:13481: checking for unistd.h
configure:13481: result: yes
configure:13490: checking for off_t
configure:13490: /home/dott/emsdk/upstream/emscripten/emcc -c -g -O2  conftest.c >&5
configure:13490: $? = 0
configure:13490: /home/dott/emsdk/upstream/emscripten/emcc -c -g -O2  conftest.c >&5
conftest.c:60:20: error: expected expression
if (sizeof ((off_t)))
                   ^
1 error generated.
emcc: error: '/home/dott/emsdk/upstream/bin/clang -target wasm32-unknown-emscripten -fignore-exceptions -fvisibility=default -mllvm -combiner-global-alias-analysis=false -mllvm -enable-emscripten-sjlj -mllvm -disable-lsr -DEMSCRIPTEN -D__EMSCRIPTEN_major__=3 -D__EMSCRIPTEN_minor__=1 -D__EMSCRIPTEN_tiny__=20 -Werror=implicit-function-declaration -I/home/dott/emsdk/upstream/emscripten/cache/sysroot/include/SDL --sysroot=/home/dott/emsdk/upstream/emscripten/cache/sysroot -Xclang -iwithsysroot/include/compat -c -g3 -O2 conftest.c -o conftest.o' failed (returned 1)
configure:13490: $? = 1
configure: failed program was:
| /* confdefs.h */
| #define PACKAGE_NAME "liboggz"
| #define PACKAGE_TARNAME "liboggz"
| #define PACKAGE_VERSION "1.1.1"
| #define PACKAGE_STRING "liboggz 1.1.1"
| #define PACKAGE_BUGREPORT "ogg-dev@xiph.org"
| #define PACKAGE_URL ""
| #define PACKAGE "liboggz"
| #define VERSION "1.1.1"
| #define HAVE_STDIO_H 1
| #define HAVE_STDLIB_H 1
| #define HAVE_STRING_H 1
| #define HAVE_INTTYPES_H 1
| #define HAVE_STDINT_H 1
| #define HAVE_STRINGS_H 1
| #define HAVE_SYS_STAT_H 1
| #define HAVE_SYS_TYPES_H 1
| #define HAVE_UNISTD_H 1
| #define STDC_HEADERS 1
| #define HAVE_DLFCN_H 1
| #define LT_OBJDIR ".libs/"
| #define HAVE_FCNTL_H 1
| #define HAVE_INTTYPES_H 1
| #define HAVE_STDLIB_H 1
| #define HAVE_STRING_H 1
| #define HAVE_SYS_TYPES_H 1
| #define HAVE_UNISTD_H 1
| /* end confdefs.h.  */
| #include <stddef.h>
| #ifdef HAVE_STDIO_H
| # include <stdio.h>
| #endif
| #ifdef HAVE_STDLIB_H
| # include <stdlib.h>
| #endif
| #ifdef HAVE_STRING_H
| # include <string.h>
| #endif
| #ifdef HAVE_INTTYPES_H
| # include <inttypes.h>
| #endif
| #ifdef HAVE_STDINT_H
| # include <stdint.h>
| #endif
| #ifdef HAVE_STRINGS_H
| # include <strings.h>
| #endif
| #ifdef HAVE_SYS_TYPES_H
| # include <sys/types.h>
| #endif
| #ifdef HAVE_SYS_STAT_H
| # include <sys/stat.h>
| #endif
| #ifdef HAVE_UNISTD_H
| # include <unistd.h>
| #endif
| int
| main (void)
| {
| if (sizeof ((off_t)))
| 	    return 0;
|   ;
|   return 0;
| }
configure:13490: result: yes
configure:13500: checking for size_t
configure:13500: /home/dott/emsdk/upstream/emscripten/emcc -c -g -O2  conftest.c >&5
configure:13500: $? = 0
configure:13500: /home/dott/emsdk/upstream/emscripten/emcc -c -g -O2  conftest.c >&5
conftest.c:60:21: error: expected expression
if (sizeof ((size_t)))
                    ^
1 error generated.
emcc: error: '/home/dott/emsdk/upstream/bin/clang -target wasm32-unknown-emscripten -fignore-exceptions -fvisibility=default -mllvm -combiner-global-alias-analysis=false -mllvm -enable-emscripten-sjlj -mllvm -disable-lsr -DEMSCRIPTEN -D__EMSCRIPTEN_major__=3 -D__EMSCRIPTEN_minor__=1 -D__EMSCRIPTEN_tiny__=20 -Werror=implicit-function-declaration -I/home/dott/emsdk/upstream/emscripten/cache/sysroot/include/SDL --sysroot=/home/dott/emsdk/upstream/emscripten/cache/sysroot -Xclang -iwithsysroot/include/compat -c -g3 -O2 conftest.c -o conftest.o' failed (returned 1)
configure:13500: $? = 1
configure: failed program was:
| /* confdefs.h */
| #define PACKAGE_NAME "liboggz"
| #define PACKAGE_TARNAME "liboggz"
| #define PACKAGE_VERSION "1.1.1"
| #define PACKAGE_STRING "liboggz 1.1.1"
| #define PACKAGE_BUGREPORT "ogg-dev@xiph.org"
| #define PACKAGE_URL ""
| #define PACKAGE "liboggz"
| #define VERSION "1.1.1"
| #define HAVE_STDIO_H 1
| #define HAVE_STDLIB_H 1
| #define HAVE_STRING_H 1
| #define HAVE_INTTYPES_H 1
| #define HAVE_STDINT_H 1
| #define HAVE_STRINGS_H 1
| #define HAVE_SYS_STAT_H 1
| #define HAVE_SYS_TYPES_H 1
| #define HAVE_UNISTD_H 1
| #define STDC_HEADERS 1
| #define HAVE_DLFCN_H 1
| #define LT_OBJDIR ".libs/"
| #define HAVE_FCNTL_H 1
| #define HAVE_INTTYPES_H 1
| #define HAVE_STDLIB_H 1
| #define HAVE_STRING_H 1
| #define HAVE_SYS_TYPES_H 1
| #define HAVE_UNISTD_H 1
| /* end confdefs.h.  */
| #include <stddef.h>
| #ifdef HAVE_STDIO_H
| # include <stdio.h>
| #endif
| #ifdef HAVE_STDLIB_H
| # include <stdlib.h>
| #endif
| #ifdef HAVE_STRING_H
| # include <string.h>
| #endif
| #ifdef HAVE_INTTYPES_H
| # include <inttypes.h>
| #endif
| #ifdef HAVE_STDINT_H
| # include <stdint.h>
| #endif
| #ifdef HAVE_STRINGS_H
| # include <strings.h>
| #endif
| #ifdef HAVE_SYS_TYPES_H
| # include <sys/types.h>
| #endif
| #ifdef HAVE_SYS_STAT_H
| # include <sys/stat.h>
| #endif
| #ifdef HAVE_UNISTD_H
| # include <unistd.h>
| #endif
| int
| main (void)
| {
| if (sizeof ((size_t)))
| 	    return 0;
|   ;
|   return 0;
| }
configure:13500: result: yes
configure:13511: checking if /home/dott/emsdk/upstream/emscripten/emcc allows signed enums
configure:13532: /home/dott/emsdk/upstream/emscripten/emcc -c -g -O2 -Wall -Wextra -Werror  conftest.c >&5
conftest.c:35:16: error: function definition is not allowed here
               {
               ^
1 error generated.
emcc: error: '/home/dott/emsdk/upstream/bin/clang -target wasm32-unknown-emscripten -fignore-exceptions -fvisibility=default -mllvm -combiner-global-alias-analysis=false -mllvm -enable-emscripten-sjlj -mllvm -disable-lsr -DEMSCRIPTEN -D__EMSCRIPTEN_major__=3 -D__EMSCRIPTEN_minor__=1 -D__EMSCRIPTEN_tiny__=20 -Werror=implicit-function-declaration -I/home/dott/emsdk/upstream/emscripten/cache/sysroot/include/SDL --sysroot=/home/dott/emsdk/upstream/emscripten/cache/sysroot -Xclang -iwithsysroot/include/compat -c -g3 -O2 -Wall -Wextra -Werror conftest.c -o conftest.o' failed (returned 1)
configure:13532: $? = 1
configure: failed program was:
| /* confdefs.h */
| #define PACKAGE_NAME "liboggz"
| #define PACKAGE_TARNAME "liboggz"
| #define PACKAGE_VERSION "1.1.1"
| #define PACKAGE_STRING "liboggz 1.1.1"
| #define PACKAGE_BUGREPORT "ogg-dev@xiph.org"
| #define PACKAGE_URL ""
| #define PACKAGE "liboggz"
| #define VERSION "1.1.1"
| #define HAVE_STDIO_H 1
| #define HAVE_STDLIB_H 1
| #define HAVE_STRING_H 1
| #define HAVE_INTTYPES_H 1
| #define HAVE_STDINT_H 1
| #define HAVE_STRINGS_H 1
| #define HAVE_SYS_STAT_H 1
| #define HAVE_SYS_TYPES_H 1
| #define HAVE_UNISTD_H 1
| #define STDC_HEADERS 1
| #define HAVE_DLFCN_H 1
| #define LT_OBJDIR ".libs/"
| #define HAVE_FCNTL_H 1
| #define HAVE_INTTYPES_H 1
| #define HAVE_STDLIB_H 1
| #define HAVE_STRING_H 1
| #define HAVE_SYS_TYPES_H 1
| #define HAVE_UNISTD_H 1
| /* end confdefs.h.  */
| 
| int
| main (void)
| {
| 
|                void t (void)
|                {
|                  enum {A, B} a=A;
|                  if (a < 0) {}
|                }
|   ;
|   return 0;
| }
configure:13540: result: no
configure:13547: checking for memmove
configure:13547: /home/dott/emsdk/upstream/emscripten/emcc -o conftest -g -O2   conftest.c  >&5
conftest.c:45:6: warning: incompatible redeclaration of library function 'memmove' [-Wincompatible-library-redeclaration]
char memmove ();
     ^
conftest.c:45:6: note: 'memmove' is a builtin with type 'void *(void *, const void *, unsigned long)'
1 warning generated.
wasm-ld: warning: function signature mismatch: memmove
>>> defined as () -> i32 in /tmp/emscripten_temp_f02kvpc1/conftest_0.o
>>> defined as (i32, i32, i32) -> i32 in /home/dott/emsdk/upstream/emscripten/cache/sysroot/lib/wasm32-emscripten/libc.a(emscripten_memmove.o)
emcc: warning: running limited binaryen optimizations because DWARF info requested (or indirectly required) [-Wlimited-postlink-optimizations]
configure:13547: $? = 0
configure:13547: result: yes
configure:13558: checking for pkg-config
configure:13579: found /usr/bin/pkg-config
configure:13590: result: yes
configure:13602: checking for doxygen
configure:13635: result: false
configure:13652: WARNING: *** doxygen not found, docs will not be built
configure:13659: checking for man2html
configure:13692: result: false
configure:13785: checking for getopt in -lgetopt
configure:13808: /home/dott/emsdk/upstream/emscripten/emcc -o conftest -g -O2   conftest.c -lgetopt   >&5
wasm-ld: error: unable to find library -lgetopt
emcc: error: '/home/dott/emsdk/upstream/bin/wasm-ld -o conftest.wasm /tmp/emscripten_temp_6kidn9ia/conftest_0.o -lgetopt -L/home/dott/emsdk/upstream/emscripten/cache/sysroot/lib/wasm32-emscripten -lGL -lal -lhtml5 -lstubs -lc -ldlmalloc -lcompiler_rt -lc++-noexcept -lc++abi-noexcept -lsockets -mllvm -combiner-global-alias-analysis=false -mllvm -enable-emscripten-sjlj -mllvm -disable-lsr --import-undefined --export-if-defined=main --export-if-defined=__start_em_asm --export-if-defined=__stop_em_asm --export-if-defined=__start_em_js --export-if-defined=__stop_em_js --export-if-defined=__main_argc_argv --export-if-defined=fflush --export=stackSave --export=stackRestore --export=stackAlloc --export=__wasm_call_ctors --export=__errno_location --export=__get_temp_ret --export=__set_temp_ret --export=__funcs_on_exit --export-table -z stack-size=5242880 --initial-memory=16777216 --no-entry --max-memory=16777216 --global-base=1024' failed (returned 1)
configure:13808: $? = 1
configure: failed program was:
| /* confdefs.h */
| #define PACKAGE_NAME "liboggz"
| #define PACKAGE_TARNAME "liboggz"
| #define PACKAGE_VERSION "1.1.1"
| #define PACKAGE_STRING "liboggz 1.1.1"
| #define PACKAGE_BUGREPORT "ogg-dev@xiph.org"
| #define PACKAGE_URL ""
| #define PACKAGE "liboggz"
| #define VERSION "1.1.1"
| #define HAVE_STDIO_H 1
| #define HAVE_STDLIB_H 1
| #define HAVE_STRING_H 1
| #define HAVE_INTTYPES_H 1
| #define HAVE_STDINT_H 1
| #define HAVE_STRINGS_H 1
| #define HAVE_SYS_STAT_H 1
| #define HAVE_SYS_TYPES_H 1
| #define HAVE_UNISTD_H 1
| #define STDC_HEADERS 1
| #define HAVE_DLFCN_H 1
| #define LT_OBJDIR ".libs/"
| #define HAVE_FCNTL_H 1
| #define HAVE_INTTYPES_H 1
| #define HAVE_STDLIB_H 1
| #define HAVE_STRING_H 1
| #define HAVE_SYS_TYPES_H 1
| #define HAVE_UNISTD_H 1
| #define HAVE_MEMMOVE 1
| /* end confdefs.h.  */
| 
| /* Override any GCC internal prototype to avoid an error.
|    Use char because int might match the return type of a GCC
|    builtin and then its argument prototype would still apply.  */
| char getopt ();
| int
| main (void)
| {
| return getopt ();
|   ;
|   return 0;
| }
configure:13818: result: no
configure:13832: checking for getopt_long
configure:13832: /home/dott/emsdk/upstream/emscripten/emcc -o conftest -g -O2   conftest.c  >&5
wasm-ld: warning: function signature mismatch: getopt_long
>>> defined as () -> i32 in /tmp/emscripten_temp_j9y6nvf6/conftest_0.o
>>> defined as (i32, i32, i32, i32, i32) -> i32 in /home/dott/emsdk/upstream/emscripten/cache/sysroot/lib/wasm32-emscripten/libc.a(getopt_long.o)
emcc: warning: running limited binaryen optimizations because DWARF info requested (or indirectly required) [-Wlimited-postlink-optimizations]
configure:13832: $? = 0
configure:13832: result: yes
configure:13996: checking for pkg-config
configure:14019: found /usr/bin/pkg-config
configure:14031: result: /usr/bin/pkg-config
configure:14056: checking pkg-config is at least version 0.9.0
configure:14059: result: yes
configure:14069: checking for OGG
configure:14076: $PKG_CONFIG --exists --print-errors "ogg >= 1.0"
Package ogg was not found in the pkg-config search path.
Perhaps you should add the directory containing `ogg.pc'
to the PKG_CONFIG_PATH environment variable
Package 'ogg', required by 'virtual:world', not found
configure:14079: $? = 1
configure:14093: $PKG_CONFIG --exists --print-errors "ogg >= 1.0"
Package ogg was not found in the pkg-config search path.
Perhaps you should add the directory containing `ogg.pc'
to the PKG_CONFIG_PATH environment variable
Package 'ogg', required by 'virtual:world', not found
configure:14096: $? = 1
configure:14110: result: no
Package 'ogg', required by 'virtual:world', not found
configure:14201: checking for Ogg
configure:14237: /home/dott/emsdk/upstream/emscripten/emcc -o conftest -g -O2 -I/home/dott/ogv.js/build/wasm/root/include   conftest.c  -L/home/dott/ogv.js/build/wasm/root/lib -logg >&5
emcc: warning: running limited binaryen optimizations because DWARF info requested (or indirectly required) [-Wlimited-postlink-optimizations]
configure:14237: $? = 0
configure:14237: ./conftest
configure:14237: $? = 0
configure:14256: result: yes
configure:14366: checking if ogg_page_bos() takes a const argument
configure:14384: /home/dott/emsdk/upstream/emscripten/emcc -c -g -O2 -Wall -Werror -I/home/dott/ogv.js/build/wasm/root/include  conftest.c >&5
conftest.c:37:28: error: function definition is not allowed here
int f(const ogg_page * cog){return ogg_page_bos(cog);}
                           ^
1 error generated.
emcc: error: '/home/dott/emsdk/upstream/bin/clang -target wasm32-unknown-emscripten -fignore-exceptions -fvisibility=default -mllvm -combiner-global-alias-analysis=false -mllvm -enable-emscripten-sjlj -mllvm -disable-lsr -DEMSCRIPTEN -D__EMSCRIPTEN_major__=3 -D__EMSCRIPTEN_minor__=1 -D__EMSCRIPTEN_tiny__=20 -Werror=implicit-function-declaration -I/home/dott/emsdk/upstream/emscripten/cache/sysroot/include/SDL --sysroot=/home/dott/emsdk/upstream/emscripten/cache/sysroot -Xclang -iwithsysroot/include/compat -c -g3 -O2 -Wall -Werror -I/home/dott/ogv.js/build/wasm/root/include conftest.c -o conftest.o' failed (returned 1)
configure:14384: $? = 1
configure: failed program was:
| /* confdefs.h */
| #define PACKAGE_NAME "liboggz"
| #define PACKAGE_TARNAME "liboggz"
| #define PACKAGE_VERSION "1.1.1"
| #define PACKAGE_STRING "liboggz 1.1.1"
| #define PACKAGE_BUGREPORT "ogg-dev@xiph.org"
| #define PACKAGE_URL ""
| #define PACKAGE "liboggz"
| #define VERSION "1.1.1"
| #define HAVE_STDIO_H 1
| #define HAVE_STDLIB_H 1
| #define HAVE_STRING_H 1
| #define HAVE_INTTYPES_H 1
| #define HAVE_STDINT_H 1
| #define HAVE_STRINGS_H 1
| #define HAVE_SYS_STAT_H 1
| #define HAVE_SYS_TYPES_H 1
| #define HAVE_UNISTD_H 1
| #define STDC_HEADERS 1
| #define HAVE_DLFCN_H 1
| #define LT_OBJDIR ".libs/"
| #define HAVE_FCNTL_H 1
| #define HAVE_INTTYPES_H 1
| #define HAVE_STDLIB_H 1
| #define HAVE_STRING_H 1
| #define HAVE_SYS_TYPES_H 1
| #define HAVE_UNISTD_H 1
| #define HAVE_MEMMOVE 1
| #define HAVE_GETOPT_LONG /**/
| #define OGGZ_CONFIG_READ 1
| #define OGGZ_CONFIG_WRITE 0
| /* end confdefs.h.  */
| #include <ogg/ogg.h>
| int
| main (void)
| {
| int f(const ogg_page * cog){return ogg_page_bos(cog);}
|   ;
|   return 0;
| }
configure:14392: result: no
configure:14408: checking size of off_t
configure:14414: /home/dott/emsdk/upstream/emscripten/emcc -o conftest -g -O2   conftest.c  >&5
emcc: warning: running limited binaryen optimizations because DWARF info requested (or indirectly required) [-Wlimited-postlink-optimizations]
configure:14414: $? = 0
configure:14414: ./conftest
configure:14414: $? = 0
configure:14429: result: 8
configure:14930: checking for ssize_t
configure:14930: /home/dott/emsdk/upstream/emscripten/emcc -c -g -O2  conftest.c >&5
configure:14930: $? = 0
configure:14930: /home/dott/emsdk/upstream/emscripten/emcc -c -g -O2  conftest.c >&5
conftest.c:67:22: error: expected expression
if (sizeof ((ssize_t)))
                     ^
1 error generated.
emcc: error: '/home/dott/emsdk/upstream/bin/clang -target wasm32-unknown-emscripten -fignore-exceptions -fvisibility=default -mllvm -combiner-global-alias-analysis=false -mllvm -enable-emscripten-sjlj -mllvm -disable-lsr -DEMSCRIPTEN -D__EMSCRIPTEN_major__=3 -D__EMSCRIPTEN_minor__=1 -D__EMSCRIPTEN_tiny__=20 -Werror=implicit-function-declaration -I/home/dott/emsdk/upstream/emscripten/cache/sysroot/include/SDL --sysroot=/home/dott/emsdk/upstream/emscripten/cache/sysroot -Xclang -iwithsysroot/include/compat -c -g3 -O2 conftest.c -o conftest.o' failed (returned 1)
configure:14930: $? = 1
configure: failed program was:
| /* confdefs.h */
| #define PACKAGE_NAME "liboggz"
| #define PACKAGE_TARNAME "liboggz"
| #define PACKAGE_VERSION "1.1.1"
| #define PACKAGE_STRING "liboggz 1.1.1"
| #define PACKAGE_BUGREPORT "ogg-dev@xiph.org"
| #define PACKAGE_URL ""
| #define PACKAGE "liboggz"
| #define VERSION "1.1.1"
| #define HAVE_STDIO_H 1
| #define HAVE_STDLIB_H 1
| #define HAVE_STRING_H 1
| #define HAVE_INTTYPES_H 1
| #define HAVE_STDINT_H 1
| #define HAVE_STRINGS_H 1
| #define HAVE_SYS_STAT_H 1
| #define HAVE_SYS_TYPES_H 1
| #define HAVE_UNISTD_H 1
| #define STDC_HEADERS 1
| #define HAVE_DLFCN_H 1
| #define LT_OBJDIR ".libs/"
| #define HAVE_FCNTL_H 1
| #define HAVE_INTTYPES_H 1
| #define HAVE_STDLIB_H 1
| #define HAVE_STRING_H 1
| #define HAVE_SYS_TYPES_H 1
| #define HAVE_UNISTD_H 1
| #define HAVE_MEMMOVE 1
| #define HAVE_GETOPT_LONG /**/
| #define OGGZ_CONFIG_READ 1
| #define OGGZ_CONFIG_WRITE 0
| #define SIZEOF_OFF_T 8
| #define SIZEOF_OGGZ_OFF_T 8
| #define OGGZ_OFF_MAX 0x7FFFFFFFFFFFFFFFLL
| /* end confdefs.h.  */
| #include <stddef.h>
| #ifdef HAVE_STDIO_H
| # include <stdio.h>
| #endif
| #ifdef HAVE_STDLIB_H
| # include <stdlib.h>
| #endif
| #ifdef HAVE_STRING_H
| # include <string.h>
| #endif
| #ifdef HAVE_INTTYPES_H
| # include <inttypes.h>
| #endif
| #ifdef HAVE_STDINT_H
| # include <stdint.h>
| #endif
| #ifdef HAVE_STRINGS_H
| # include <strings.h>
| #endif
| #ifdef HAVE_SYS_TYPES_H
| # include <sys/types.h>
| #endif
| #ifdef HAVE_SYS_STAT_H
| # include <sys/stat.h>
| #endif
| #ifdef HAVE_UNISTD_H
| # include <unistd.h>
| #endif
| int
| main (void)
| {
| if (sizeof ((ssize_t)))
| 	    return 0;
|   ;
|   return 0;
| }
configure:14930: result: yes
configure:14943: checking size of ssize_t
configure:14949: /home/dott/emsdk/upstream/emscripten/emcc -o conftest -g -O2   conftest.c  >&5
emcc: warning: running limited binaryen optimizations because DWARF info requested (or indirectly required) [-Wlimited-postlink-optimizations]
configure:14949: $? = 0
configure:14949: ./conftest
configure:14949: $? = 0
configure:14964: result: 4
configure:14974: checking for timezone
configure:14990: /home/dott/emsdk/upstream/emscripten/emcc -c -g -O2  conftest.c >&5
configure:14990: $? = 0
configure:14992: result: ok
configure:15367: checking that generated files are newer than configure
configure:15373: result: done
configure:15421: creating ./config.status

## ---------------------- ##
## Running config.status. ##
## ---------------------- ##

This file was extended by liboggz config.status 1.1.1, which was
generated by GNU Autoconf 2.70.  Invocation command line was

  CONFIG_FILES    = 
  CONFIG_HEADERS  = 
  CONFIG_LINKS    = 
  CONFIG_COMMANDS = 
  $ ./config.status 

on localhost

config.status:1148: creating Makefile
config.status:1148: creating doc/Makefile
config.status:1148: creating doc/Doxyfile
config.status:1148: creating include/Makefile
config.status:1148: creating include/oggz/Makefile
config.status:1148: creating include/oggz/oggz_off_t_generated.h
config.status:1148: creating src/Makefile
config.status:1148: creating src/liboggz/Version_script
config.status:1148: creating src/liboggz/Makefile
config.status:1148: creating src/tools/Makefile
config.status:1148: creating src/tools/oggz-diff
config.status:1148: creating src/tools/oggz-chop/Makefile
config.status:1148: creating src/tests/Makefile
config.status:1148: creating src/examples/Makefile
config.status:1148: creating apache/oggz-chop.conf
config.status:1148: creating oggz.pc
config.status:1148: creating oggz-uninstalled.pc
config.status:1148: creating config.h
config.status:1362: executing depfiles commands
config.status:1439: cd src/liboggz       && sed -e '/# am--include-marker/d' Makefile         | make -f - am--depfiles
make[1]: Entering directory '/home/dott/ogv.js/build/wasm/liboggz/src/liboggz'
make[1]: Leaving directory '/home/dott/ogv.js/build/wasm/liboggz/src/liboggz'
config.status:1444: $? = 0
config.status:1439: cd src/tools       && sed -e '/# am--include-marker/d' Makefile         | make -f - am--depfiles
make[1]: Entering directory '/home/dott/ogv.js/build/wasm/liboggz/src/tools'
make[1]: Leaving directory '/home/dott/ogv.js/build/wasm/liboggz/src/tools'
config.status:1444: $? = 0
config.status:1439: cd src/tools/oggz-chop       && sed -e '/# am--include-marker/d' Makefile         | make -f - am--depfiles
make[1]: Entering directory '/home/dott/ogv.js/build/wasm/liboggz/src/tools/oggz-chop'
make[1]: Leaving directory '/home/dott/ogv.js/build/wasm/liboggz/src/tools/oggz-chop'
config.status:1444: $? = 0
config.status:1439: cd src/tests       && sed -e '/# am--include-marker/d' Makefile         | make -f - am--depfiles
make[1]: Entering directory '/home/dott/ogv.js/build/wasm/liboggz/src/tests'
make[1]: Leaving directory '/home/dott/ogv.js/build/wasm/liboggz/src/tests'
config.status:1444: $? = 0
config.status:1439: cd src/examples       && sed -e '/# am--include-marker/d' Makefile         | make -f - am--depfiles
make[1]: Entering directory '/home/dott/ogv.js/build/wasm/liboggz/src/examples'
make[1]: Leaving directory '/home/dott/ogv.js/build/wasm/liboggz/src/examples'
config.status:1444: $? = 0
config.status:1362: executing libtool commands
configure:17580: result:
------------------------------------------------------------------------
  liboggz 1.1.1:  Automatic configuration OK.

  General configuration:

    Experimental code: ........... no
    Reading support: ............. yes
    Writing support: ............. no

  Tools:

    oggz-dump oggz-info oggz-scan oggz-codecs
    

  Installation paths:

    liboggz: ..................... /home/dott/ogv.js/build/wasm/root/lib
    Tools: ....................... /home/dott/ogv.js/build/wasm/root/bin
    C header files: .............. /home/dott/ogv.js/build/wasm/root/include/oggz
    Documentation: ............... /home/dott/ogv.js/build/wasm/root/share/doc/liboggz

  Building:

    Type 'make' to compile liboggz.

    Type 'make install' to install liboggz.

    Type 'make check' to test liboggz using the unit and functional tests
    contained in the src/tests directory.
    (Valgrind testing not enabled)

  Example programs will be built but not installed.
------------------------------------------------------------------------


## ---------------- ##
## Cache variables. ##
## ---------------- ##

ac_cv_build=x86_64-pc-linux-gnu
ac_cv_c_bigendian=no
ac_cv_c_compiler_gnu=yes
ac_cv_c_const=yes
ac_cv_env_CC_set=set
ac_cv_env_CC_value=/home/dott/emsdk/upstream/emscripten/emcc
ac_cv_env_CFLAGS_set=
ac_cv_env_CFLAGS_value=
ac_cv_env_CPPFLAGS_set=
ac_cv_env_CPPFLAGS_value=
ac_cv_env_CPP_set=
ac_cv_env_CPP_value=
ac_cv_env_LDFLAGS_set=
ac_cv_env_LDFLAGS_value=
ac_cv_env_LIBS_set=
ac_cv_env_LIBS_value=
ac_cv_env_LT_SYS_LIBRARY_PATH_set=
ac_cv_env_LT_SYS_LIBRARY_PATH_value=
ac_cv_env_OGG_CFLAGS_set=
ac_cv_env_OGG_CFLAGS_value=
ac_cv_env_OGG_LIBS_set=
ac_cv_env_OGG_LIBS_value=
ac_cv_env_PKG_CONFIG_LIBDIR_set=set
ac_cv_env_PKG_CONFIG_LIBDIR_value=/home/dott/emsdk/upstream/emscripten/cache/sysroot/local/lib/pkgconfig:/home/dott/emsdk/upstream/emscripten/cache/sysroot/lib/pkgconfig
ac_cv_env_PKG_CONFIG_PATH_set=set
ac_cv_env_PKG_CONFIG_PATH_value=
ac_cv_env_PKG_CONFIG_set=
ac_cv_env_PKG_CONFIG_value=
ac_cv_env_build_alias_set=
ac_cv_env_build_alias_value=
ac_cv_env_host_alias_set=
ac_cv_env_host_alias_value=
ac_cv_env_target_alias_set=
ac_cv_env_target_alias_value=
ac_cv_func_getopt_long=yes
ac_cv_func_memmove=yes
ac_cv_header_dlfcn_h=yes
ac_cv_header_fcntl_h=yes
ac_cv_header_inttypes_h=yes
ac_cv_header_stdint_h=yes
ac_cv_header_stdio_h=yes
ac_cv_header_stdlib_h=yes
ac_cv_header_string_h=yes
ac_cv_header_strings_h=yes
ac_cv_header_sys_stat_h=yes
ac_cv_header_sys_types_h=yes
ac_cv_header_unistd_h=yes
ac_cv_host=x86_64-pc-linux-gnu
ac_cv_lib_getopt_getopt=no
ac_cv_objext=o
ac_cv_path_EGREP='/usr/bin/grep -E'
ac_cv_path_FGREP='/usr/bin/grep -F'
ac_cv_path_GREP=/usr/bin/grep
ac_cv_path_SED=/usr/bin/sed
ac_cv_path_ac_pt_PKG_CONFIG=/usr/bin/pkg-config
ac_cv_path_install='/usr/bin/install -c'
ac_cv_path_lt_DD=/usr/bin/dd
ac_cv_path_mkdir=/usr/bin/mkdir
ac_cv_prog_AWK=gawk
ac_cv_prog_CPP='/home/dott/emsdk/upstream/emscripten/emcc -E'
ac_cv_prog_HAVE_DOXYGEN=false
ac_cv_prog_HAVE_MAN2HTML=false
ac_cv_prog_HAVE_PKG_CONFIG=yes
ac_cv_prog_ac_ct_CC=/home/dott/emsdk/upstream/emscripten/emcc
ac_cv_prog_ac_ct_OBJDUMP=objdump
ac_cv_prog_ac_ct_RANLIB=/home/dott/emsdk/upstream/emscripten/emranlib
ac_cv_prog_ac_ct_STRIP=strip
ac_cv_prog_cc_c11=
ac_cv_prog_cc_g=yes
ac_cv_prog_cc_stdc=
ac_cv_prog_make_make_set=yes
ac_cv_sizeof_off_t=8
ac_cv_sizeof_ssize_t=4
ac_cv_target=x86_64-pc-linux-gnu
ac_cv_type_off_t=yes
ac_cv_type_size_t=yes
ac_cv_type_ssize_t=yes
am_cv_CC_dependencies_compiler_type=gcc3
am_cv_make_support_nested_variables=yes
am_cv_prog_cc_c_o=yes
lt_cv_ar_at_file=@
lt_cv_deplibs_check_method=pass_all
lt_cv_file_magic_cmd='$MAGIC_CMD'
lt_cv_file_magic_test_file=
lt_cv_ld_reload_flag=-r
lt_cv_nm_interface='BSD nm'
lt_cv_objdir=.libs
lt_cv_path_LD=/home/dott/emsdk/upstream/emscripten/emcc
lt_cv_path_NM=/home/dott/emsdk/upstream/bin/llvm-nm
lt_cv_path_mainfest_tool=no
lt_cv_prog_compiler_c_o=yes
lt_cv_prog_compiler_pic='-fPIC -DPIC'
lt_cv_prog_compiler_pic_works=yes
lt_cv_prog_compiler_rtti_exceptions=yes
lt_cv_prog_compiler_static_works=yes
lt_cv_prog_gnu_ld=yes
lt_cv_sharedlib_from_linklib_cmd='printf %s\n'
lt_cv_shlibpath_overrides_runpath=no
lt_cv_sys_global_symbol_pipe='sed -n -e '\''s/^.*[	 ]\([ABCDGIRSTW][ABCDGIRSTW]*\)[	 ][	 ]*\([_A-Za-z][_A-Za-z0-9]*\)$/\1 \2 \2/p'\'' | sed '\''/ __gnu_lto/d'\'''
lt_cv_sys_global_symbol_to_c_name_address='sed -n -e '\''s/^: \(.*\) .*$/  {"\1", (void *) 0},/p'\'' -e '\''s/^[ABCDGIRSTW][ABCDGIRSTW]* .* \(.*\)$/  {"\1", (void *) \&\1},/p'\'''
lt_cv_sys_global_symbol_to_c_name_address_lib_prefix='sed -n -e '\''s/^: \(.*\) .*$/  {"\1", (void *) 0},/p'\'' -e '\''s/^[ABCDGIRSTW][ABCDGIRSTW]* .* \(lib.*\)$/  {"\1", (void *) \&\1},/p'\'' -e '\''s/^[ABCDGIRSTW][ABCDGIRSTW]* .* \(.*\)$/  {"lib\1", (void *) \&\1},/p'\'''
lt_cv_sys_global_symbol_to_cdecl='sed -n -e '\''s/^T .* \(.*\)$/extern int \1();/p'\'' -e '\''s/^[ABCDGIRSTW][ABCDGIRSTW]* .* \(.*\)$/extern char \1;/p'\'''
lt_cv_sys_global_symbol_to_import=
lt_cv_sys_max_cmd_len=1572864
lt_cv_to_host_file_cmd=func_convert_file_noop
lt_cv_to_tool_file_cmd=func_convert_file_noop
lt_cv_truncate_bin='/usr/bin/dd bs=4096 count=1'

## ----------------- ##
## Output variables. ##
## ----------------- ##

ACLOCAL='${SHELL} '\''/home/dott/ogv.js/liboggz/missing'\'' aclocal-1.16'
ACLOCAL_AMFLAGS='-I m4'
AMDEPBACKSLASH='\'
AMDEP_FALSE='#'
AMDEP_TRUE=''
AMTAR='$${TAR-tar}'
AM_BACKSLASH='\'
AM_DEFAULT_V='$(AM_DEFAULT_VERBOSITY)'
AM_DEFAULT_VERBOSITY='1'
AM_V='$(V)'
AR='/home/dott/emsdk/upstream/emscripten/emar'
AUTOCONF='${SHELL} '\''/home/dott/ogv.js/liboggz/missing'\'' autoconf'
AUTOHEADER='${SHELL} '\''/home/dott/ogv.js/liboggz/missing'\'' autoheader'
AUTOMAKE='${SHELL} '\''/home/dott/ogv.js/liboggz/missing'\'' automake-1.16'
AWK='gawk'
BINDIR='/home/dott/ogv.js/build/wasm/root/bin'
CC='/home/dott/emsdk/upstream/emscripten/emcc'
CCDEPMODE='depmode=gcc3'
CFLAGS='-g -O2 -Wall -Wextra -g -std=gnu99 -Wdeclaration-after-statement -Wno-unused'
CPP='/home/dott/emsdk/upstream/emscripten/emcc -E'
CPPFLAGS=''
CYGPATH_W='echo'
DEFS='-DHAVE_CONFIG_H'
DEPDIR='.deps'
DLLTOOL='false'
DOCDIR='/home/dott/ogv.js/build/wasm/root/share/doc/liboggz'
DSYMUTIL=''
DUMPBIN=''
ECHO_C=''
ECHO_N='-n'
ECHO_T=''
EGREP='/usr/bin/grep -E'
EXEEXT=''
FGREP='/usr/bin/grep -F'
GETCONF=''
GETOPT_LIBS=''
GREP='/usr/bin/grep'
HAVE_DOXYGEN='false'
HAVE_DOXYGEN_FALSE=''
HAVE_DOXYGEN_TRUE='#'
HAVE_MAN2HTML='false'
HAVE_MAN2HTML_FALSE=''
HAVE_MAN2HTML_TRUE='#'
HAVE_OGG_FALSE='#'
HAVE_OGG_TRUE=''
HAVE_PKG_CONFIG='yes'
HAVE_VALGRIND=''
INCLUDEDIR='/home/dott/ogv.js/build/wasm/root/include'
INSTALL_DATA='${INSTALL} -m 644'
INSTALL_PROGRAM='${INSTALL}'
INSTALL_SCRIPT='${INSTALL}'
INSTALL_STRIP_PROGRAM='$(install_sh) -c -s'
LD='/home/dott/emsdk/upstream/emscripten/emcc'
LDFLAGS=''
LIBDIR='/home/dott/ogv.js/build/wasm/root/lib'
LIBOBJS=''
LIBS=''
LIBTOOL='$(SHELL) $(top_builddir)/libtool'
LIPO=''
LN_S='ln -s'
LTLIBOBJS=''
LT_SYS_LIBRARY_PATH=''
MAINT=''
MAINTAINER_MODE_FALSE='#'
MAINTAINER_MODE_TRUE=''
MAKEINFO='${SHELL} '\''/home/dott/ogv.js/liboggz/missing'\'' makeinfo'
MANIFEST_TOOL=':'
MKDIR_P='/usr/bin/mkdir -p'
NM='/home/dott/emsdk/upstream/bin/llvm-nm'
NMEDIT=''
OBJDUMP='objdump'
OBJEXT='o'
OGGZ_CONFIG_READ_FALSE='#'
OGGZ_CONFIG_READ_TRUE=''
OGGZ_CONFIG_WRITE_FALSE=''
OGGZ_CONFIG_WRITE_TRUE='#'
OGGZ_OFF_MAX='0x7FFFFFFFFFFFFFFFLL'
OGG_CFLAGS='-I/home/dott/ogv.js/build/wasm/root/include'
OGG_LIBS='-L/home/dott/ogv.js/build/wasm/root/lib -logg'
OTOOL64=''
OTOOL=''
PACKAGE='liboggz'
PACKAGE_BUGREPORT='ogg-dev@xiph.org'
PACKAGE_NAME='liboggz'
PACKAGE_STRING='liboggz 1.1.1'
PACKAGE_TARNAME='liboggz'
PACKAGE_URL=''
PACKAGE_VERSION='1.1.1'
PATH_SEPARATOR=':'
PKG_CONFIG='/usr/bin/pkg-config'
PKG_CONFIG_LIBDIR='/home/dott/emsdk/upstream/emscripten/cache/sysroot/local/lib/pkgconfig:/home/dott/emsdk/upstream/emscripten/cache/sysroot/lib/pkgconfig'
PKG_CONFIG_PATH=''
PRI_OGGZ_OFF_T='ll'
RANLIB='/home/dott/emsdk/upstream/emscripten/emranlib'
SED='/usr/bin/sed'
SET_MAKE=''
SHARED_VERSION_INFO='8:0:6'
SHELL='/bin/sh'
SHLIB_VERSION_ARG='-Wl,--version-script=Version_script'
SIZEOF_OGGZ_OFF_T='8'
STRIP='strip'
TYPEOF_OGGZ_OFF_T='off_t'
VALGRIND_ENVIRONMENT=''
VERSION='1.1.1'
ac_ct_AR=''
ac_ct_CC='/home/dott/emsdk/upstream/emscripten/emcc'
ac_ct_DUMPBIN=''
am__EXEEXT_FALSE=''
am__EXEEXT_TRUE='#'
am__fastdepCC_FALSE='#'
am__fastdepCC_TRUE=''
am__include='include'
am__isrc=' -I$(srcdir)'
am__leading_dot='.'
am__nodep='_no'
am__quote=''
am__tar='$${TAR-tar} chof - "$$tardir"'
am__untar='$${TAR-tar} xf -'
bindir='${exec_prefix}/bin'
build='x86_64-pc-linux-gnu'
build_alias=''
build_cpu='x86_64'
build_os='linux-gnu'
build_vendor='pc'
datadir='${datarootdir}'
datarootdir='${prefix}/share'
docdir='${datarootdir}/doc/${PACKAGE_TARNAME}'
dvidir='${docdir}'
exec_prefix='${prefix}'
host='x86_64-pc-linux-gnu'
host_alias=''
host_cpu='x86_64'
host_os='linux-gnu'
host_vendor='pc'
htmldir='${docdir}'
includedir='${prefix}/include'
infodir='${datarootdir}/info'
install_sh='${SHELL} /home/dott/ogv.js/liboggz/install-sh'
libdir='${exec_prefix}/lib'
libexecdir='${exec_prefix}/libexec'
localedir='${datarootdir}/locale'
localstatedir='${prefix}/var'
mandir='${datarootdir}/man'
mkdir_p='$(MKDIR_P)'
oldincludedir='/usr/include'
pdfdir='${docdir}'
prefix='/home/dott/ogv.js/build/wasm/root'
program_transform_name='s,x,x,'
psdir='${docdir}'
runstatedir='/run'
sbindir='${exec_prefix}/sbin'
sharedstatedir='${prefix}/com'
sysconfdir='${prefix}/etc'
target='x86_64-pc-linux-gnu'
target_alias=''
target_cpu='x86_64'
target_os='linux-gnu'
target_vendor='pc'

## ----------- ##
## confdefs.h. ##
## ----------- ##

/* confdefs.h */
#define PACKAGE_NAME "liboggz"
#define PACKAGE_TARNAME "liboggz"
#define PACKAGE_VERSION "1.1.1"
#define PACKAGE_STRING "liboggz 1.1.1"
#define PACKAGE_BUGREPORT "ogg-dev@xiph.org"
#define PACKAGE_URL ""
#define PACKAGE "liboggz"
#define VERSION "1.1.1"
#define HAVE_STDIO_H 1
#define HAVE_STDLIB_H 1
#define HAVE_STRING_H 1
#define HAVE_INTTYPES_H 1
#define HAVE_STDINT_H 1
#define HAVE_STRINGS_H 1
#define HAVE_SYS_STAT_H 1
#define HAVE_SYS_TYPES_H 1
#define HAVE_UNISTD_H 1
#define STDC_HEADERS 1
#define HAVE_DLFCN_H 1
#define LT_OBJDIR ".libs/"
#define HAVE_FCNTL_H 1
#define HAVE_INTTYPES_H 1
#define HAVE_STDLIB_H 1
#define HAVE_STRING_H 1
#define HAVE_SYS_TYPES_H 1
#define HAVE_UNISTD_H 1
#define HAVE_MEMMOVE 1
#define HAVE_GETOPT_LONG /**/
#define OGGZ_CONFIG_READ 1
#define OGGZ_CONFIG_WRITE 0
#define SIZEOF_OFF_T 8
#define SIZEOF_OGGZ_OFF_T 8
#define OGGZ_OFF_MAX 0x7FFFFFFFFFFFFFFFLL
#define HAVE_SSIZE_T 1
#define SIZEOF_SSIZE_T 4

configure: exit 0
