This file contains any messages produced by compilers while
running configure, to aid debugging if configure makes a mistake.

It was created by libtheora configure 1.2.0alpha1+svn, which was
generated by GNU Autoconf 2.70.  Invocation command line was

  $ ../../../libtheora/configure --disable-oggtest --prefix=/home/dott/ogv.js/build/wasm/root --with-ogg=/home/dott/ogv.js/build/wasm/root --disable-asm --disable-examples --disable-encode --disable-shared

## --------- ##
## Platform. ##
## --------- ##

hostname = localhost
uname -m = x86_64
uname -r = 5.15.62-desktop-1.mga8
uname -s = Linux
uname -v = #1 SMP Sun Aug 21 16:48:29 UTC 2022

/usr/bin/uname -p = x86_64
/bin/uname -X     = unknown

/bin/arch              = x86_64
/usr/bin/arch -k       = unknown
/usr/convex/getsysinfo = unknown
/usr/bin/hostinfo      = unknown
/bin/machine           = unknown
/usr/bin/oslevel       = unknown
/bin/universe          = unknown

PATH: /home/dott/emsdk/upstream/emscripten/cache/sysroot/bin/
PATH: /home/dott/emsdk/
PATH: /home/dott/emsdk/upstream/emscripten/
PATH: /home/dott/emsdk/node/14.18.2_64bit/bin/
PATH: /home/dott/.vscode-server/bin/e4503b30fc78200f846c62cf8091b76ff5547662/bin/remote-cli/
PATH: /usr/local/lib/nodejs/bin/
PATH: /home/dott/.cargo/bin/
PATH: /usr/local/bin/
PATH: /usr/bin/
PATH: /usr/local/games/
PATH: /usr/games/
PATH: /usr/local/sbin/
PATH: /usr/sbin/
PATH: /usr/lib64/qt5/bin/
PATH: /home/dott/.local/bin/
PATH: /home/dott/bin/


## ----------- ##
## Core tests. ##
## ----------- ##

configure:2577: looking for aux files: ltmain.sh compile missing install-sh config.guess config.sub
configure:2590:  trying ../../../libtheora/
configure:2619:   ../../../libtheora/ltmain.sh found
configure:2619:   ../../../libtheora/compile found
configure:2619:   ../../../libtheora/missing found
configure:2601:   ../../../libtheora/install-sh found
configure:2619:   ../../../libtheora/config.guess found
configure:2619:   ../../../libtheora/config.sub found
configure:2738: checking build system type
configure:2753: result: x86_64-pc-linux-gnu
configure:2773: checking host system type
configure:2787: result: x86_64-pc-linux-gnu
configure:2826: checking for a BSD-compatible install
configure:2899: result: /usr/bin/install -c
configure:2910: checking whether build environment is sane
configure:2965: result: yes
configure:3124: checking for a race-free mkdir -p
configure:3168: result: /usr/bin/mkdir -p
configure:3175: checking for gawk
configure:3196: found /usr/bin/gawk
configure:3207: result: gawk
configure:3218: checking whether make sets $(MAKE)
configure:3241: result: yes
configure:3271: checking whether make supports nested variables
configure:3289: result: yes
configure:3412: checking whether to enable maintainer-specific portions of Makefiles
configure:3422: result: yes
configure:3450: checking whether make supports nested variables
configure:3468: result: yes
configure:3518: checking whether make supports the include directive
configure:3533: make -f confmf.GNU && cat confinc.out
make[1]: Entering directory '/home/dott/ogv.js/build/wasm/libtheora'
make[1]: Leaving directory '/home/dott/ogv.js/build/wasm/libtheora'
this is the am__doit target
configure:3536: $? = 0
configure:3555: result: yes (GNU style)
configure:3631: checking for gcc
configure:3663: result: /home/dott/emsdk/upstream/emscripten/emcc
configure:4016: checking for C compiler version
configure:4025: /home/dott/emsdk/upstream/emscripten/emcc --version >&5
emcc (Emscripten gcc/clang-like replacement + linker emulating GNU ld) 3.1.20 (5d878c99921ec247d34fb26a20b5a13d60d69e93)
Copyright (C) 2014 the Emscripten authors (see AUTHORS.txt)
This is free and open source software under the MIT license.
There is NO warranty; not even for MERCHANTABILITY or FITNESS FOR A PARTICULAR PURPOSE.

configure:4036: $? = 0
configure:4025: /home/dott/emsdk/upstream/emscripten/emcc -v >&5
emcc (Emscripten gcc/clang-like replacement + linker emulating GNU ld) 3.1.20 (5d878c99921ec247d34fb26a20b5a13d60d69e93)
clang version 16.0.0 (https://github.com/llvm/llvm-project 75767a0f9a926641edbef08e31ec2148ff45da67)
Target: wasm32-unknown-emscripten
Thread model: posix
InstalledDir: /home/dott/emsdk/upstream/bin
configure:4036: $? = 0
configure:4025: /home/dott/emsdk/upstream/emscripten/emcc -V >&5
emcc: error: no input files
configure:4036: $? = 1
configure:4025: /home/dott/emsdk/upstream/emscripten/emcc -qversion >&5
emcc: error: no input files
configure:4036: $? = 1
configure:4025: /home/dott/emsdk/upstream/emscripten/emcc -version >&5
emcc: error: no input files
configure:4036: $? = 1
configure:4056: checking whether the C compiler works
configure:4078: /home/dott/emsdk/upstream/emscripten/emcc    conftest.c  >&5
configure:4082: $? = 0
configure:4132: result: yes
configure:4135: checking for C compiler default output file name
configure:4137: result: a.out
configure:4143: checking for suffix of executables
configure:4150: /home/dott/emsdk/upstream/emscripten/emcc -o conftest    conftest.c  >&5
configure:4154: $? = 0
configure:4177: result: 
configure:4199: checking whether we are cross compiling
configure:4207: /home/dott/emsdk/upstream/emscripten/emcc -o conftest    conftest.c  >&5
configure:4211: $? = 0
configure:4218: ./conftest
configure:4222: $? = 0
configure:4237: result: no
configure:4242: checking for suffix of object files
configure:4265: /home/dott/emsdk/upstream/emscripten/emcc -c   conftest.c >&5
configure:4269: $? = 0
configure:4291: result: o
configure:4295: checking whether the compiler supports GNU C
configure:4315: /home/dott/emsdk/upstream/emscripten/emcc -c   conftest.c >&5
configure:4315: $? = 0
configure:4325: result: yes
configure:4336: checking whether /home/dott/emsdk/upstream/emscripten/emcc accepts -g
configure:4357: /home/dott/emsdk/upstream/emscripten/emcc -c -g  conftest.c >&5
configure:4357: $? = 0
configure:4401: result: yes
configure:4421: checking for /home/dott/emsdk/upstream/emscripten/emcc option to enable C11 features
configure:4436: /home/dott/emsdk/upstream/emscripten/emcc  -c -g -O2  conftest.c >&5
conftest.c:25:14: warning: a function definition without a prototype is deprecated in all versions of C and is not supported in C2x [-Wdeprecated-non-prototype]
static char *e (p, i)
             ^
1 warning generated.
configure:4436: $? = 0
configure:4454: result: none needed
configure:4570: checking whether /home/dott/emsdk/upstream/emscripten/emcc understands -c and -o together
configure:4593: /home/dott/emsdk/upstream/emscripten/emcc -c conftest.c -o conftest2.o
configure:4596: $? = 0
configure:4593: /home/dott/emsdk/upstream/emscripten/emcc -c conftest.c -o conftest2.o
configure:4596: $? = 0
configure:4608: result: yes
configure:4627: checking dependency style of /home/dott/emsdk/upstream/emscripten/emcc
configure:4739: result: gcc3
configure:4763: checking dependency style of /home/dott/emsdk/upstream/emscripten/emcc
configure:4873: result: gcc3
configure:4943: checking for gcc
configure:4975: result: /home/dott/emsdk/upstream/emscripten/emcc
configure:5328: checking for C compiler version
configure:5337: /home/dott/emsdk/upstream/emscripten/emcc --version >&5
emcc (Emscripten gcc/clang-like replacement + linker emulating GNU ld) 3.1.20 (5d878c99921ec247d34fb26a20b5a13d60d69e93)
Copyright (C) 2014 the Emscripten authors (see AUTHORS.txt)
This is free and open source software under the MIT license.
There is NO warranty; not even for MERCHANTABILITY or FITNESS FOR A PARTICULAR PURPOSE.

configure:5348: $? = 0
configure:5337: /home/dott/emsdk/upstream/emscripten/emcc -v >&5
emcc (Emscripten gcc/clang-like replacement + linker emulating GNU ld) 3.1.20 (5d878c99921ec247d34fb26a20b5a13d60d69e93)
clang version 16.0.0 (https://github.com/llvm/llvm-project 75767a0f9a926641edbef08e31ec2148ff45da67)
Target: wasm32-unknown-emscripten
Thread model: posix
InstalledDir: /home/dott/emsdk/upstream/bin
configure:5348: $? = 0
configure:5337: /home/dott/emsdk/upstream/emscripten/emcc -V >&5
emcc: error: no input files
configure:5348: $? = 1
configure:5337: /home/dott/emsdk/upstream/emscripten/emcc -qversion >&5
emcc: error: no input files
configure:5348: $? = 1
configure:5337: /home/dott/emsdk/upstream/emscripten/emcc -version >&5
emcc: error: no input files
configure:5348: $? = 1
configure:5352: checking whether the compiler supports GNU C
configure:5382: result: yes
configure:5393: checking whether /home/dott/emsdk/upstream/emscripten/emcc accepts -g
configure:5458: result: yes
configure:5478: checking for /home/dott/emsdk/upstream/emscripten/emcc option to enable C11 features
configure:5511: result: none needed
configure:5627: checking whether /home/dott/emsdk/upstream/emscripten/emcc understands -c and -o together
configure:5665: result: yes
configure:5684: checking dependency style of /home/dott/emsdk/upstream/emscripten/emcc
configure:5796: result: gcc3
configure:5816: checking how to run the C preprocessor
configure:5842: /home/dott/emsdk/upstream/emscripten/emcc -E  conftest.c
configure:5842: $? = 0
configure:5857: /home/dott/emsdk/upstream/emscripten/emcc -E  conftest.c
conftest.c:11:10: fatal error: 'ac_nonexistent.h' file not found
#include <ac_nonexistent.h>
         ^~~~~~~~~~~~~~~~~~
1 error generated.
emcc: error: '/home/dott/emsdk/upstream/bin/clang -target wasm32-unknown-emscripten -fignore-exceptions -fvisibility=default -mllvm -combiner-global-alias-analysis=false -mllvm -enable-emscripten-sjlj -mllvm -disable-lsr -DEMSCRIPTEN -D__EMSCRIPTEN_major__=3 -D__EMSCRIPTEN_minor__=1 -D__EMSCRIPTEN_tiny__=20 -Werror=implicit-function-declaration -I/home/dott/emsdk/upstream/emscripten/cache/sysroot/include/SDL --sysroot=/home/dott/emsdk/upstream/emscripten/cache/sysroot -Xclang -iwithsysroot/include/compat -E conftest.c' failed (returned 1)
configure:5857: $? = 1
configure: failed program was:
| /* confdefs.h */
| #define PACKAGE_NAME "libtheora"
| #define PACKAGE_TARNAME "libtheora"
| #define PACKAGE_VERSION "1.2.0alpha1+svn"
| #define PACKAGE_STRING "libtheora 1.2.0alpha1+svn"
| #define PACKAGE_BUGREPORT "theora-dev@xiph.org"
| #define PACKAGE_URL ""
| #define PACKAGE "libtheora"
| #define VERSION "1.2.0alpha1+svn"
| /* end confdefs.h.  */
| #include <ac_nonexistent.h>
configure:5884: result: /home/dott/emsdk/upstream/emscripten/emcc -E
configure:5898: /home/dott/emsdk/upstream/emscripten/emcc -E  conftest.c
configure:5898: $? = 0
configure:5913: /home/dott/emsdk/upstream/emscripten/emcc -E  conftest.c
conftest.c:11:10: fatal error: 'ac_nonexistent.h' file not found
#include <ac_nonexistent.h>
         ^~~~~~~~~~~~~~~~~~
1 error generated.
emcc: error: '/home/dott/emsdk/upstream/bin/clang -target wasm32-unknown-emscripten -fignore-exceptions -fvisibility=default -mllvm -combiner-global-alias-analysis=false -mllvm -enable-emscripten-sjlj -mllvm -disable-lsr -DEMSCRIPTEN -D__EMSCRIPTEN_major__=3 -D__EMSCRIPTEN_minor__=1 -D__EMSCRIPTEN_tiny__=20 -Werror=implicit-function-declaration -I/home/dott/emsdk/upstream/emscripten/cache/sysroot/include/SDL --sysroot=/home/dott/emsdk/upstream/emscripten/cache/sysroot -Xclang -iwithsysroot/include/compat -E conftest.c' failed (returned 1)
configure:5913: $? = 1
configure: failed program was:
| /* confdefs.h */
| #define PACKAGE_NAME "libtheora"
| #define PACKAGE_TARNAME "libtheora"
| #define PACKAGE_VERSION "1.2.0alpha1+svn"
| #define PACKAGE_STRING "libtheora 1.2.0alpha1+svn"
| #define PACKAGE_BUGREPORT "theora-dev@xiph.org"
| #define PACKAGE_URL ""
| #define PACKAGE "libtheora"
| #define VERSION "1.2.0alpha1+svn"
| /* end confdefs.h.  */
| #include <ac_nonexistent.h>
configure:6326: checking how to print strings
configure:6353: result: printf
configure:6374: checking for a sed that does not truncate output
configure:6444: result: /usr/bin/sed
configure:6462: checking for grep that handles long lines and -e
configure:6526: result: /usr/bin/grep
configure:6531: checking for egrep
configure:6599: result: /usr/bin/grep -E
configure:6604: checking for fgrep
configure:6672: result: /usr/bin/grep -F
configure:6708: checking for ld used by /home/dott/emsdk/upstream/emscripten/emcc
emcc: error: no input files
configure:6776: result: /home/dott/emsdk/upstream/emscripten/emcc
configure:6783: checking if the linker (/home/dott/emsdk/upstream/emscripten/emcc) is GNU ld
configure:6799: result: yes
configure:6811: checking for BSD- or MS-compatible name lister (nm)
configure:6866: result: /home/dott/emsdk/upstream/bin/llvm-nm
configure:7006: checking the name lister (/home/dott/emsdk/upstream/bin/llvm-nm) interface
configure:7014: /home/dott/emsdk/upstream/emscripten/emcc -c -g -O2  conftest.c >&5
configure:7017: /home/dott/emsdk/upstream/bin/llvm-nm "conftest.o"
configure:7020: output
00000000 d .debug_abbrev
00000000 d .debug_line
00000000 d .debug_str
00000000 D some_variable
configure:7027: result: BSD nm
configure:7030: checking whether ln -s works
configure:7034: result: yes
configure:7042: checking the maximum length of command line arguments
configure:7174: result: 1572864
configure:7222: checking how to convert x86_64-pc-linux-gnu file names to x86_64-pc-linux-gnu format
configure:7263: result: func_convert_file_noop
configure:7270: checking how to convert x86_64-pc-linux-gnu file names to toolchain format
configure:7291: result: func_convert_file_noop
configure:7298: checking for /home/dott/emsdk/upstream/emscripten/emcc option to reload object files
configure:7306: result: -r
configure:7385: checking for objdump
configure:7417: result: objdump
configure:7446: checking how to recognize dependent libraries
configure:7647: result: pass_all
configure:7737: checking for dlltool
configure:7769: result: dlltool
configure:7799: checking how to associate runtime and link libraries
configure:7827: result: printf %s\n
configure:7962: checking for archiver @FILE support
configure:7980: /home/dott/emsdk/upstream/emscripten/emcc -c -g -O2  conftest.c >&5
configure:7980: $? = 0
configure:7984: /home/dott/emsdk/upstream/emscripten/emar cru libconftest.a @conftest.lst >&5
configure:7987: $? = 0
configure:7992: /home/dott/emsdk/upstream/emscripten/emar cru libconftest.a @conftest.lst >&5
/home/dott/emsdk/upstream/bin/llvm-ar: error: conftest.o: No such file or directory
configure:7995: $? = 1
configure:8007: result: @
configure:8070: checking for strip
configure:8091: found /usr/bin/strip
configure:8102: result: strip
configure:8179: checking for ranlib
configure:8211: result: /home/dott/emsdk/upstream/emscripten/emranlib
configure:8313: checking command to parse /home/dott/emsdk/upstream/bin/llvm-nm output from /home/dott/emsdk/upstream/emscripten/emcc object
configure:8467: /home/dott/emsdk/upstream/emscripten/emcc -c -g -O2  conftest.c >&5
configure:8470: $? = 0
configure:8474: /home/dott/emsdk/upstream/bin/llvm-nm conftest.o \| sed -n -e 's/^.*[ ]\([ABCDGIRSTW][ABCDGIRSTW]*\)[ ][ ]*\([_A-Za-z][_A-Za-z0-9]*\)$/\1 \2 \2/p' | sed '/ __gnu_lto/d' \> conftest.nm
configure:8477: $? = 0
configure:8543: /home/dott/emsdk/upstream/emscripten/emcc -o conftest -g -O2   conftest.c conftstm.o >&5
emcc: warning: running limited binaryen optimizations because DWARF info requested (or indirectly required) [-Wlimited-postlink-optimizations]
configure:8546: $? = 0
configure:8584: result: ok
configure:8631: checking for sysroot
configure:8662: result: no
configure:8669: checking for a working dd
configure:8713: result: /usr/bin/dd
configure:8717: checking how to truncate binary pipes
configure:8733: result: /usr/bin/dd bs=4096 count=1
configure:8870: /home/dott/emsdk/upstream/emscripten/emcc -c -g -O2  conftest.c >&5
configure:8873: $? = 0
configure:9070: checking for mt
configure:9105: result: no
configure:9125: checking if : is a manifest tool
configure:9132: : '-?'
configure:9140: result: no
configure:9870: checking for stdio.h
configure:9870: /home/dott/emsdk/upstream/emscripten/emcc -c -g -O2  conftest.c >&5
configure:9870: $? = 0
configure:9870: result: yes
configure:9870: checking for stdlib.h
configure:9870: /home/dott/emsdk/upstream/emscripten/emcc -c -g -O2  conftest.c >&5
configure:9870: $? = 0
configure:9870: result: yes
configure:9870: checking for string.h
configure:9870: /home/dott/emsdk/upstream/emscripten/emcc -c -g -O2  conftest.c >&5
configure:9870: $? = 0
configure:9870: result: yes
configure:9870: checking for inttypes.h
configure:9870: /home/dott/emsdk/upstream/emscripten/emcc -c -g -O2  conftest.c >&5
configure:9870: $? = 0
configure:9870: result: yes
configure:9870: checking for stdint.h
configure:9870: /home/dott/emsdk/upstream/emscripten/emcc -c -g -O2  conftest.c >&5
configure:9870: $? = 0
configure:9870: result: yes
configure:9870: checking for strings.h
configure:9870: /home/dott/emsdk/upstream/emscripten/emcc -c -g -O2  conftest.c >&5
configure:9870: $? = 0
configure:9870: result: yes
configure:9870: checking for sys/stat.h
configure:9870: /home/dott/emsdk/upstream/emscripten/emcc -c -g -O2  conftest.c >&5
configure:9870: $? = 0
configure:9870: result: yes
configure:9870: checking for sys/types.h
configure:9870: /home/dott/emsdk/upstream/emscripten/emcc -c -g -O2  conftest.c >&5
configure:9870: $? = 0
configure:9870: result: yes
configure:9870: checking for unistd.h
configure:9870: /home/dott/emsdk/upstream/emscripten/emcc -c -g -O2  conftest.c >&5
configure:9870: $? = 0
configure:9870: result: yes
configure:9895: checking for dlfcn.h
configure:9895: /home/dott/emsdk/upstream/emscripten/emcc -c -g -O2  conftest.c >&5
configure:9895: $? = 0
configure:9895: result: yes
configure:10152: checking for objdir
configure:10168: result: .libs
configure:10432: checking if /home/dott/emsdk/upstream/emscripten/emcc supports -fno-rtti -fno-exceptions
configure:10451: /home/dott/emsdk/upstream/emscripten/emcc -c -g -O2  -fno-rtti -fno-exceptions conftest.c >&5
configure:10455: $? = 0
configure:10468: result: yes
configure:10826: checking for /home/dott/emsdk/upstream/emscripten/emcc option to produce PIC
configure:10834: result: -fPIC -DPIC
configure:10842: checking if /home/dott/emsdk/upstream/emscripten/emcc PIC flag -fPIC -DPIC works
configure:10861: /home/dott/emsdk/upstream/emscripten/emcc -c -g -O2  -fPIC -DPIC -DPIC conftest.c >&5
configure:10865: $? = 0
configure:10878: result: yes
configure:10907: checking if /home/dott/emsdk/upstream/emscripten/emcc static flag -static works
emcc: warning: running limited binaryen optimizations because DWARF info requested (or indirectly required) [-Wlimited-postlink-optimizations]
configure:10936: result: yes
configure:10951: checking if /home/dott/emsdk/upstream/emscripten/emcc supports -c -o file.o
configure:10973: /home/dott/emsdk/upstream/emscripten/emcc -c -g -O2  -o out/conftest2.o conftest.c >&5
configure:10977: $? = 0
configure:10999: result: yes
configure:11007: checking if /home/dott/emsdk/upstream/emscripten/emcc supports -c -o file.o
configure:11055: result: yes
configure:11088: checking whether the /home/dott/emsdk/upstream/emscripten/emcc linker (/home/dott/emsdk/upstream/emscripten/emcc) supports shared libraries
configure:12354: result: yes
configure:12595: checking dynamic linker characteristics
configure:13177: /home/dott/emsdk/upstream/emscripten/emcc -o conftest -g -O2   -Wl,-rpath -Wl,/foo conftest.c  >&5
emcc: warning: ignoring unsupported linker flag: `-rpath` [-Wlinkflags]
emcc: warning: running limited binaryen optimizations because DWARF info requested (or indirectly required) [-Wlimited-postlink-optimizations]
configure:13177: $? = 0
configure:13419: result: GNU/Linux ld.so
configure:13541: checking how to hardcode library paths into programs
configure:13566: result: immediate
configure:14118: checking whether stripping libraries is possible
configure:14123: result: yes
configure:14158: checking if libtool supports shared libraries
configure:14160: result: yes
configure:14163: checking whether to build shared libraries
configure:14188: result: no
configure:14191: checking whether to build static libraries
configure:14195: result: yes
configure:14247: checking for doxygen
configure:14280: result: false
configure:14304: WARNING: *** doxygen not found, API documentation will not be built
configure:14327: checking for pdflatex
configure:14362: result: no
configure:14369: checking for bibtex
configure:14404: result: no
configure:14411: checking for fig2dev
configure:14446: result: no
configure:14497: WARNING: *** Format Specification will not built.
configure:15036: checking for ld used by /home/dott/emsdk/upstream/emscripten/emcc
emcc: error: no input files
configure:15104: result: /home/dott/emsdk/upstream/emscripten/emcc
configure:15111: checking if the linker (/home/dott/emsdk/upstream/emscripten/emcc) is GNU ld
configure:15127: result: yes
configure:15137: checking how to control symbol export
configure:15158: result: --version-script
configure:15197: checking for pkg-config
configure:15218: found /usr/bin/pkg-config
configure:15229: result: yes
configure:15293: checking for pkg-config
configure:15316: found /usr/bin/pkg-config
configure:15328: result: /usr/bin/pkg-config
configure:15353: checking pkg-config is at least version 0.9.0
configure:15356: result: yes
configure:15367: checking for OGG
configure:15375: $PKG_CONFIG --exists --print-errors "ogg >= 1.1"
Package ogg was not found in the pkg-config search path.
Perhaps you should add the directory containing `ogg.pc'
to the PKG_CONFIG_PATH environment variable
Package 'ogg', required by 'virtual:world', not found
configure:15378: $? = 1
configure:15393: $PKG_CONFIG --exists --print-errors "ogg >= 1.1"
Package ogg was not found in the pkg-config search path.
Perhaps you should add the directory containing `ogg.pc'
to the PKG_CONFIG_PATH environment variable
Package 'ogg', required by 'virtual:world', not found
configure:15396: $? = 1
Package 'ogg', required by 'virtual:world', not found
configure:15424: result: no
configure:15499: checking for Ogg
configure:15558: result: yes
configure:15637: checking for VORBIS
configure:15645: $PKG_CONFIG --exists --print-errors "vorbis >= 1.0.1"
Package vorbis was not found in the pkg-config search path.
Perhaps you should add the directory containing `vorbis.pc'
to the PKG_CONFIG_PATH environment variable
Package 'vorbis', required by 'virtual:world', not found
configure:15648: $? = 1
configure:15663: $PKG_CONFIG --exists --print-errors "vorbis >= 1.0.1"
Package vorbis was not found in the pkg-config search path.
Perhaps you should add the directory containing `vorbis.pc'
to the PKG_CONFIG_PATH environment variable
Package 'vorbis', required by 'virtual:world', not found
configure:15666: $? = 1
Package 'vorbis', required by 'virtual:world', not found
configure:15694: result: no
configure:15768: checking for Vorbis
configure:15811: /home/dott/emsdk/upstream/emscripten/emcc -o conftest -Wall -Wno-parentheses -O3 -fomit-frame-pointer -finline-functions -funroll-loops -g -O2  -I/home/dott/ogv.js/build/wasm/root/include   conftest.c  -L${exec_prefix}/lib -lvorbis -lm -lvorbisenc -L/home/dott/ogv.js/build/wasm/root/lib -logg >&5
emcc: warning: running limited binaryen optimizations because DWARF info requested (or indirectly required) [-Wlimited-postlink-optimizations]
configure:15811: $? = 0
configure:15811: ./conftest
configure:15811: $? = 0
configure:15826: result: yes
configure:15892: checking for SDL
configure:15900: $PKG_CONFIG --exists --print-errors "sdl"
configure:15903: $? = 0
configure:15918: $PKG_CONFIG --exists --print-errors "sdl"
configure:15921: $? = 0
configure:15963: result: yes
configure:15973: checking for sys/soundcard.h
configure:15973: /home/dott/emsdk/upstream/emscripten/emcc -c -Wall -Wno-parentheses -O3 -fomit-frame-pointer -finline-functions -funroll-loops -g -O2  conftest.c >&5
In file included from conftest.c:51:
In file included from /home/dott/emsdk/upstream/emscripten/cache/sysroot/include/sys/soundcard.h:1:
/home/dott/emsdk/upstream/emscripten/cache/sysroot/include/bits/soundcard.h:1:10: fatal error: 'linux/soundcard.h' file not found
#include <linux/soundcard.h>
         ^~~~~~~~~~~~~~~~~~~
1 error generated.
emcc: error: '/home/dott/emsdk/upstream/bin/clang -target wasm32-unknown-emscripten -fignore-exceptions -fvisibility=default -mllvm -combiner-global-alias-analysis=false -mllvm -enable-emscripten-sjlj -mllvm -disable-lsr -DEMSCRIPTEN -D__EMSCRIPTEN_major__=3 -D__EMSCRIPTEN_minor__=1 -D__EMSCRIPTEN_tiny__=20 -Werror=implicit-function-declaration -I/home/dott/emsdk/upstream/emscripten/cache/sysroot/include/SDL --sysroot=/home/dott/emsdk/upstream/emscripten/cache/sysroot -Xclang -iwithsysroot/include/compat -c -Wall -Wno-parentheses -O3 -fomit-frame-pointer -finline-functions -funroll-loops -g3 -O2 conftest.c -o conftest.o' failed (returned 1)
configure:15973: $? = 1
configure: failed program was:
| /* confdefs.h */
| #define PACKAGE_NAME "libtheora"
| #define PACKAGE_TARNAME "libtheora"
| #define PACKAGE_VERSION "1.2.0alpha1+svn"
| #define PACKAGE_STRING "libtheora 1.2.0alpha1+svn"
| #define PACKAGE_BUGREPORT "theora-dev@xiph.org"
| #define PACKAGE_URL ""
| #define PACKAGE "libtheora"
| #define VERSION "1.2.0alpha1+svn"
| #define HAVE_STDIO_H 1
| #define HAVE_STDLIB_H 1
| #define HAVE_STRING_H 1
| #define HAVE_INTTYPES_H 1
| #define HAVE_STDINT_H 1
| #define HAVE_STRINGS_H 1
| #define HAVE_SYS_STAT_H 1
| #define HAVE_SYS_TYPES_H 1
| #define HAVE_UNISTD_H 1
| #define STDC_HEADERS 1
| #define HAVE_DLFCN_H 1
| #define LT_OBJDIR ".libs/"
| /* end confdefs.h.  */
| #include <stddef.h>
| #ifdef HAVE_STDIO_H
| # include <stdio.h>
| #endif
| #ifdef HAVE_STDLIB_H
| # include <stdlib.h>
| #endif
| #ifdef HAVE_STRING_H
| # include <string.h>
| #endif
| #ifdef HAVE_INTTYPES_H
| # include <inttypes.h>
| #endif
| #ifdef HAVE_STDINT_H
| # include <stdint.h>
| #endif
| #ifdef HAVE_STRINGS_H
| # include <strings.h>
| #endif
| #ifdef HAVE_SYS_TYPES_H
| # include <sys/types.h>
| #endif
| #ifdef HAVE_SYS_STAT_H
| # include <sys/stat.h>
| #endif
| #ifdef HAVE_UNISTD_H
| # include <unistd.h>
| #endif
| #include <sys/soundcard.h>
configure:15973: result: no
configure:15973: checking for soundcard.h
configure:15973: /home/dott/emsdk/upstream/emscripten/emcc -c -Wall -Wno-parentheses -O3 -fomit-frame-pointer -finline-functions -funroll-loops -g -O2  conftest.c >&5
conftest.c:51:10: fatal error: 'soundcard.h' file not found
#include <soundcard.h>
         ^~~~~~~~~~~~~
1 error generated.
emcc: error: '/home/dott/emsdk/upstream/bin/clang -target wasm32-unknown-emscripten -fignore-exceptions -fvisibility=default -mllvm -combiner-global-alias-analysis=false -mllvm -enable-emscripten-sjlj -mllvm -disable-lsr -DEMSCRIPTEN -D__EMSCRIPTEN_major__=3 -D__EMSCRIPTEN_minor__=1 -D__EMSCRIPTEN_tiny__=20 -Werror=implicit-function-declaration -I/home/dott/emsdk/upstream/emscripten/cache/sysroot/include/SDL --sysroot=/home/dott/emsdk/upstream/emscripten/cache/sysroot -Xclang -iwithsysroot/include/compat -c -Wall -Wno-parentheses -O3 -fomit-frame-pointer -finline-functions -funroll-loops -g3 -O2 conftest.c -o conftest.o' failed (returned 1)
configure:15973: $? = 1
configure: failed program was:
| /* confdefs.h */
| #define PACKAGE_NAME "libtheora"
| #define PACKAGE_TARNAME "libtheora"
| #define PACKAGE_VERSION "1.2.0alpha1+svn"
| #define PACKAGE_STRING "libtheora 1.2.0alpha1+svn"
| #define PACKAGE_BUGREPORT "theora-dev@xiph.org"
| #define PACKAGE_URL ""
| #define PACKAGE "libtheora"
| #define VERSION "1.2.0alpha1+svn"
| #define HAVE_STDIO_H 1
| #define HAVE_STDLIB_H 1
| #define HAVE_STRING_H 1
| #define HAVE_INTTYPES_H 1
| #define HAVE_STDINT_H 1
| #define HAVE_STRINGS_H 1
| #define HAVE_SYS_STAT_H 1
| #define HAVE_SYS_TYPES_H 1
| #define HAVE_UNISTD_H 1
| #define STDC_HEADERS 1
| #define HAVE_DLFCN_H 1
| #define LT_OBJDIR ".libs/"
| /* end confdefs.h.  */
| #include <stddef.h>
| #ifdef HAVE_STDIO_H
| # include <stdio.h>
| #endif
| #ifdef HAVE_STDLIB_H
| # include <stdlib.h>
| #endif
| #ifdef HAVE_STRING_H
| # include <string.h>
| #endif
| #ifdef HAVE_INTTYPES_H
| # include <inttypes.h>
| #endif
| #ifdef HAVE_STDINT_H
| # include <stdint.h>
| #endif
| #ifdef HAVE_STRINGS_H
| # include <strings.h>
| #endif
| #ifdef HAVE_SYS_TYPES_H
| # include <sys/types.h>
| #endif
| #ifdef HAVE_SYS_STAT_H
| # include <sys/stat.h>
| #endif
| #ifdef HAVE_UNISTD_H
| # include <unistd.h>
| #endif
| #include <soundcard.h>
configure:15973: result: no
configure:15973: checking for machine/soundcard.h
configure:15973: /home/dott/emsdk/upstream/emscripten/emcc -c -Wall -Wno-parentheses -O3 -fomit-frame-pointer -finline-functions -funroll-loops -g -O2  conftest.c >&5
conftest.c:51:10: fatal error: 'machine/soundcard.h' file not found
#include <machine/soundcard.h>
         ^~~~~~~~~~~~~~~~~~~~~
1 error generated.
emcc: error: '/home/dott/emsdk/upstream/bin/clang -target wasm32-unknown-emscripten -fignore-exceptions -fvisibility=default -mllvm -combiner-global-alias-analysis=false -mllvm -enable-emscripten-sjlj -mllvm -disable-lsr -DEMSCRIPTEN -D__EMSCRIPTEN_major__=3 -D__EMSCRIPTEN_minor__=1 -D__EMSCRIPTEN_tiny__=20 -Werror=implicit-function-declaration -I/home/dott/emsdk/upstream/emscripten/cache/sysroot/include/SDL --sysroot=/home/dott/emsdk/upstream/emscripten/cache/sysroot -Xclang -iwithsysroot/include/compat -c -Wall -Wno-parentheses -O3 -fomit-frame-pointer -finline-functions -funroll-loops -g3 -O2 conftest.c -o conftest.o' failed (returned 1)
configure:15973: $? = 1
configure: failed program was:
| /* confdefs.h */
| #define PACKAGE_NAME "libtheora"
| #define PACKAGE_TARNAME "libtheora"
| #define PACKAGE_VERSION "1.2.0alpha1+svn"
| #define PACKAGE_STRING "libtheora 1.2.0alpha1+svn"
| #define PACKAGE_BUGREPORT "theora-dev@xiph.org"
| #define PACKAGE_URL ""
| #define PACKAGE "libtheora"
| #define VERSION "1.2.0alpha1+svn"
| #define HAVE_STDIO_H 1
| #define HAVE_STDLIB_H 1
| #define HAVE_STRING_H 1
| #define HAVE_INTTYPES_H 1
| #define HAVE_STDINT_H 1
| #define HAVE_STRINGS_H 1
| #define HAVE_SYS_STAT_H 1
| #define HAVE_SYS_TYPES_H 1
| #define HAVE_UNISTD_H 1
| #define STDC_HEADERS 1
| #define HAVE_DLFCN_H 1
| #define LT_OBJDIR ".libs/"
| /* end confdefs.h.  */
| #include <stddef.h>
| #ifdef HAVE_STDIO_H
| # include <stdio.h>
| #endif
| #ifdef HAVE_STDLIB_H
| # include <stdlib.h>
| #endif
| #ifdef HAVE_STRING_H
| # include <string.h>
| #endif
| #ifdef HAVE_INTTYPES_H
| # include <inttypes.h>
| #endif
| #ifdef HAVE_STDINT_H
| # include <stdint.h>
| #endif
| #ifdef HAVE_STRINGS_H
| # include <strings.h>
| #endif
| #ifdef HAVE_SYS_TYPES_H
| # include <sys/types.h>
| #endif
| #ifdef HAVE_SYS_STAT_H
| # include <sys/stat.h>
| #endif
| #ifdef HAVE_UNISTD_H
| # include <unistd.h>
| #endif
| #include <machine/soundcard.h>
configure:15973: result: no
configure:15987: WARNING: OSS audio support not found -- not compiling player_example
configure:16004: checking for PNG
configure:16012: $PKG_CONFIG --exists --print-errors "libpng"
Package libpng was not found in the pkg-config search path.
Perhaps you should add the directory containing `libpng.pc'
to the PKG_CONFIG_PATH environment variable
Package 'libpng', required by 'virtual:world', not found
configure:16015: $? = 1
configure:16030: $PKG_CONFIG --exists --print-errors "libpng"
Package libpng was not found in the pkg-config search path.
Perhaps you should add the directory containing `libpng.pc'
to the PKG_CONFIG_PATH environment variable
Package 'libpng', required by 'virtual:world', not found
configure:16033: $? = 1
Package 'libpng', required by 'virtual:world', not found
configure:16061: result: no
configure:16080: checking for TIFFReadRGBAImage in -ltiff
configure:16103: /home/dott/emsdk/upstream/emscripten/emcc -o conftest -Wall -Wno-parentheses -O3 -fomit-frame-pointer -finline-functions -funroll-loops -g -O2   conftest.c -ltiff   >&5
wasm-ld: error: unable to find library -ltiff
emcc: error: '/home/dott/emsdk/upstream/bin/wasm-ld -o conftest.wasm /tmp/emscripten_temp_mto3eopb/conftest_0.o -ltiff -L/home/dott/emsdk/upstream/emscripten/cache/sysroot/lib/wasm32-emscripten -lGL -lal -lhtml5 -lstubs -lc -ldlmalloc -lcompiler_rt -lc++-noexcept -lc++abi-noexcept -lsockets -mllvm -combiner-global-alias-analysis=false -mllvm -enable-emscripten-sjlj -mllvm -disable-lsr --import-undefined --export-if-defined=main --export-if-defined=__start_em_asm --export-if-defined=__stop_em_asm --export-if-defined=__start_em_js --export-if-defined=__stop_em_js --export-if-defined=__main_argc_argv --export-if-defined=fflush --export=stackSave --export=stackRestore --export=stackAlloc --export=__wasm_call_ctors --export=__errno_location --export=__get_temp_ret --export=__set_temp_ret --export=__funcs_on_exit --export-table -z stack-size=5242880 --initial-memory=16777216 --no-entry --max-memory=16777216 --global-base=1024' failed (returned 1)
configure:16103: $? = 1
configure: failed program was:
| /* confdefs.h */
| #define PACKAGE_NAME "libtheora"
| #define PACKAGE_TARNAME "libtheora"
| #define PACKAGE_VERSION "1.2.0alpha1+svn"
| #define PACKAGE_STRING "libtheora 1.2.0alpha1+svn"
| #define PACKAGE_BUGREPORT "theora-dev@xiph.org"
| #define PACKAGE_URL ""
| #define PACKAGE "libtheora"
| #define VERSION "1.2.0alpha1+svn"
| #define HAVE_STDIO_H 1
| #define HAVE_STDLIB_H 1
| #define HAVE_STRING_H 1
| #define HAVE_INTTYPES_H 1
| #define HAVE_STDINT_H 1
| #define HAVE_STRINGS_H 1
| #define HAVE_SYS_STAT_H 1
| #define HAVE_SYS_TYPES_H 1
| #define HAVE_UNISTD_H 1
| #define STDC_HEADERS 1
| #define HAVE_DLFCN_H 1
| #define LT_OBJDIR ".libs/"
| /* end confdefs.h.  */
| 
| /* Override any GCC internal prototype to avoid an error.
|    Use char because int might match the return type of a GCC
|    builtin and then its argument prototype would still apply.  */
| char TIFFReadRGBAImage ();
| int
| main (void)
| {
| return TIFFReadRGBAImage ();
|   ;
|   return 0;
| }
configure:16113: result: no
configure:16287: checking for ftime in -lcompat
configure:16310: /home/dott/emsdk/upstream/emscripten/emcc -o conftest -Wall -Wno-parentheses -O3 -fomit-frame-pointer -finline-functions -funroll-loops -g -O2   conftest.c -lcompat   >&5
wasm-ld: error: unable to find library -lcompat
emcc: error: '/home/dott/emsdk/upstream/bin/wasm-ld -o conftest.wasm /tmp/emscripten_temp_qqbt44lu/conftest_0.o -lcompat -L/home/dott/emsdk/upstream/emscripten/cache/sysroot/lib/wasm32-emscripten -lGL -lal -lhtml5 -lstubs -lc -ldlmalloc -lcompiler_rt -lc++-noexcept -lc++abi-noexcept -lsockets -mllvm -combiner-global-alias-analysis=false -mllvm -enable-emscripten-sjlj -mllvm -disable-lsr --import-undefined --export-if-defined=main --export-if-defined=__start_em_asm --export-if-defined=__stop_em_asm --export-if-defined=__start_em_js --export-if-defined=__stop_em_js --export-if-defined=__main_argc_argv --export-if-defined=fflush --export=stackSave --export=stackRestore --export=stackAlloc --export=__wasm_call_ctors --export=__errno_location --export=__get_temp_ret --export=__set_temp_ret --export=__funcs_on_exit --export-table -z stack-size=5242880 --initial-memory=16777216 --no-entry --max-memory=16777216 --global-base=1024' failed (returned 1)
configure:16310: $? = 1
configure: failed program was:
| /* confdefs.h */
| #define PACKAGE_NAME "libtheora"
| #define PACKAGE_TARNAME "libtheora"
| #define PACKAGE_VERSION "1.2.0alpha1+svn"
| #define PACKAGE_STRING "libtheora 1.2.0alpha1+svn"
| #define PACKAGE_BUGREPORT "theora-dev@xiph.org"
| #define PACKAGE_URL ""
| #define PACKAGE "libtheora"
| #define VERSION "1.2.0alpha1+svn"
| #define HAVE_STDIO_H 1
| #define HAVE_STDLIB_H 1
| #define HAVE_STRING_H 1
| #define HAVE_INTTYPES_H 1
| #define HAVE_STDINT_H 1
| #define HAVE_STRINGS_H 1
| #define HAVE_SYS_STAT_H 1
| #define HAVE_SYS_TYPES_H 1
| #define HAVE_UNISTD_H 1
| #define STDC_HEADERS 1
| #define HAVE_DLFCN_H 1
| #define LT_OBJDIR ".libs/"
| #define THEORA_DISABLE_ENCODE /**/
| /* end confdefs.h.  */
| 
| /* Override any GCC internal prototype to avoid an error.
|    Use char because int might match the return type of a GCC
|    builtin and then its argument prototype would still apply.  */
| char ftime ();
| int
| main (void)
| {
| return ftime ();
|   ;
|   return 0;
| }
configure:16320: result: no
configure:16329: checking for getopt_long
configure:16329: /home/dott/emsdk/upstream/emscripten/emcc -o conftest -Wall -Wno-parentheses -O3 -fomit-frame-pointer -finline-functions -funroll-loops -g -O2   conftest.c  >&5
wasm-ld: warning: function signature mismatch: getopt_long
>>> defined as () -> i32 in /tmp/emscripten_temp_y0moh1r4/conftest_0.o
>>> defined as (i32, i32, i32, i32, i32) -> i32 in /home/dott/emsdk/upstream/emscripten/cache/sysroot/lib/wasm32-emscripten/libc.a(getopt_long.o)
emcc: warning: running limited binaryen optimizations because DWARF info requested (or indirectly required) [-Wlimited-postlink-optimizations]
configure:16329: $? = 0
configure:16329: result: yes
configure:16460: checking that generated files are newer than configure
configure:16466: result: done
configure:16533: creating ./config.status

## ---------------------- ##
## Running config.status. ##
## ---------------------- ##

This file was extended by libtheora config.status 1.2.0alpha1+svn, which was
generated by GNU Autoconf 2.70.  Invocation command line was

  CONFIG_FILES    = 
  CONFIG_HEADERS  = 
  CONFIG_LINKS    = 
  CONFIG_COMMANDS = 
  $ ./config.status 

on localhost

config.status:1170: creating Makefile
config.status:1170: creating lib/Makefile
config.status:1170: creating lib/arm/armopts.s
config.status:1170: creating include/Makefile
config.status:1170: creating include/theora/Makefile
config.status:1170: creating examples/Makefile
config.status:1170: creating doc/Makefile
config.status:1170: creating doc/Doxyfile
config.status:1170: creating doc/spec/Makefile
config.status:1170: creating tests/Makefile
config.status:1170: creating m4/Makefile
config.status:1170: creating libtheora.spec
config.status:1170: creating theora.pc
config.status:1170: creating theora-uninstalled.pc
config.status:1170: creating theoradec.pc
config.status:1170: creating theoradec-uninstalled.pc
config.status:1170: creating theoraenc.pc
config.status:1170: creating theoraenc-uninstalled.pc
config.status:1170: creating config.h
config.status:1384: executing depfiles commands
config.status:1461: cd lib       && sed -e '/# am--include-marker/d' Makefile         | make -f - am--depfiles
make[1]: Entering directory '/home/dott/ogv.js/build/wasm/libtheora/lib'
/tmp/GmIFT7wX:1375: warning: ignoring prerequisites on suffix rule definition
make[1]: Leaving directory '/home/dott/ogv.js/build/wasm/libtheora/lib'
config.status:1466: $? = 0
config.status:1461: cd examples       && sed -e '/# am--include-marker/d' Makefile         | make -f - am--depfiles
make[1]: Entering directory '/home/dott/ogv.js/build/wasm/libtheora/examples'
make[1]: Leaving directory '/home/dott/ogv.js/build/wasm/libtheora/examples'
config.status:1466: $? = 0
config.status:1461: cd doc/spec       && sed -e '/# am--include-marker/d' Makefile         | make -f - am--depfiles
make[1]: Entering directory '/home/dott/ogv.js/build/wasm/libtheora/doc/spec'
make[1]: Leaving directory '/home/dott/ogv.js/build/wasm/libtheora/doc/spec'
config.status:1466: $? = 0
config.status:1461: cd tests       && sed -e '/# am--include-marker/d' Makefile         | make -f - am--depfiles
make[1]: Entering directory '/home/dott/ogv.js/build/wasm/libtheora/tests'
make[1]: Leaving directory '/home/dott/ogv.js/build/wasm/libtheora/tests'
config.status:1466: $? = 0
config.status:1384: executing libtool commands
configure:18822: result:
------------------------------------------------------------------------
  libtheora 1.2.0alpha1+svn:  Automatic configuration OK.

  General configuration:

    Encoding support: ........... no
    Assembly optimization: ...... disabled
    Debugging telemetry: ........ no
    Build example code: ......... no
    API Documentation: .......... no
    Format Documentation: ....... no

  Installation paths:

    libtheora: ................... /home/dott/ogv.js/build/wasm/root/lib
    C header files: .............. /home/dott/ogv.js/build/wasm/root/include/theora
    Documentation: ............... /home/dott/ogv.js/build/wasm/root/share/doc/libtheora

  Building:

    Type 'make' to compile libtheora.

    Type 'make install' to install libtheora.

    Type 'make check' to run test suite (Valgrind testing not enabled)

  Example programs will be built but not installed.
------------------------------------------------------------------------


## ---------------- ##
## Cache variables. ##
## ---------------- ##

ac_cv_build=x86_64-pc-linux-gnu
ac_cv_c_compiler_gnu=yes
ac_cv_env_CAIRO_CFLAGS_set=
ac_cv_env_CAIRO_CFLAGS_value=
ac_cv_env_CAIRO_LIBS_set=
ac_cv_env_CAIRO_LIBS_value=
ac_cv_env_CCASFLAGS_set=
ac_cv_env_CCASFLAGS_value=
ac_cv_env_CCAS_set=
ac_cv_env_CCAS_value=
ac_cv_env_CC_set=set
ac_cv_env_CC_value=/home/dott/emsdk/upstream/emscripten/emcc
ac_cv_env_CFLAGS_set=
ac_cv_env_CFLAGS_value=
ac_cv_env_CPPFLAGS_set=
ac_cv_env_CPPFLAGS_value=
ac_cv_env_CPP_set=
ac_cv_env_CPP_value=
ac_cv_env_LDFLAGS_set=
ac_cv_env_LDFLAGS_value=
ac_cv_env_LIBS_set=
ac_cv_env_LIBS_value=
ac_cv_env_LT_SYS_LIBRARY_PATH_set=
ac_cv_env_LT_SYS_LIBRARY_PATH_value=
ac_cv_env_OGG_CFLAGS_set=
ac_cv_env_OGG_CFLAGS_value=
ac_cv_env_OGG_LIBS_set=
ac_cv_env_OGG_LIBS_value=
ac_cv_env_PKG_CONFIG_set=
ac_cv_env_PKG_CONFIG_value=
ac_cv_env_PNG_CFLAGS_set=
ac_cv_env_PNG_CFLAGS_value=
ac_cv_env_PNG_LIBS_set=
ac_cv_env_PNG_LIBS_value=
ac_cv_env_SDL_CFLAGS_set=
ac_cv_env_SDL_CFLAGS_value=
ac_cv_env_SDL_LIBS_set=
ac_cv_env_SDL_LIBS_value=
ac_cv_env_VORBIS_CFLAGS_set=
ac_cv_env_VORBIS_CFLAGS_value=
ac_cv_env_VORBIS_LIBS_set=
ac_cv_env_VORBIS_LIBS_value=
ac_cv_env_build_alias_set=
ac_cv_env_build_alias_value=
ac_cv_env_host_alias_set=
ac_cv_env_host_alias_value=
ac_cv_env_target_alias_set=
ac_cv_env_target_alias_value=
ac_cv_func_getopt_long=yes
ac_cv_header_dlfcn_h=yes
ac_cv_header_inttypes_h=yes
ac_cv_header_machine_soundcard_h=no
ac_cv_header_soundcard_h=no
ac_cv_header_stdint_h=yes
ac_cv_header_stdio_h=yes
ac_cv_header_stdlib_h=yes
ac_cv_header_string_h=yes
ac_cv_header_strings_h=yes
ac_cv_header_sys_soundcard_h=no
ac_cv_header_sys_stat_h=yes
ac_cv_header_sys_types_h=yes
ac_cv_header_unistd_h=yes
ac_cv_host=x86_64-pc-linux-gnu
ac_cv_lib_compat_ftime=no
ac_cv_lib_tiff_TIFFReadRGBAImage=no
ac_cv_objext=o
ac_cv_path_EGREP='/usr/bin/grep -E'
ac_cv_path_FGREP='/usr/bin/grep -F'
ac_cv_path_GREP=/usr/bin/grep
ac_cv_path_SED=/usr/bin/sed
ac_cv_path_ac_pt_PKG_CONFIG=/usr/bin/pkg-config
ac_cv_path_install='/usr/bin/install -c'
ac_cv_path_lt_DD=/usr/bin/dd
ac_cv_path_mkdir=/usr/bin/mkdir
ac_cv_prog_AWK=gawk
ac_cv_prog_CPP='/home/dott/emsdk/upstream/emscripten/emcc -E'
ac_cv_prog_HAVE_DOXYGEN=false
ac_cv_prog_HAVE_PKG_CONFIG=yes
ac_cv_prog_ac_ct_CC=/home/dott/emsdk/upstream/emscripten/emcc
ac_cv_prog_ac_ct_DLLTOOL=dlltool
ac_cv_prog_ac_ct_OBJDUMP=objdump
ac_cv_prog_ac_ct_RANLIB=/home/dott/emsdk/upstream/emscripten/emranlib
ac_cv_prog_ac_ct_STRIP=strip
ac_cv_prog_cc_c11=
ac_cv_prog_cc_g=yes
ac_cv_prog_cc_stdc=
ac_cv_prog_make_make_set=yes
am_cv_CCAS_dependencies_compiler_type=gcc3
am_cv_CC_dependencies_compiler_type=gcc3
am_cv_make_support_nested_variables=yes
am_cv_prog_cc_c_o=yes
lt_cv_ar_at_file=@
lt_cv_deplibs_check_method=pass_all
lt_cv_file_magic_cmd='$MAGIC_CMD'
lt_cv_file_magic_test_file=
lt_cv_ld_reload_flag=-r
lt_cv_nm_interface='BSD nm'
lt_cv_objdir=.libs
lt_cv_path_LD=/home/dott/emsdk/upstream/emscripten/emcc
lt_cv_path_NM=/home/dott/emsdk/upstream/bin/llvm-nm
lt_cv_path_mainfest_tool=no
lt_cv_prog_compiler_c_o=yes
lt_cv_prog_compiler_pic='-fPIC -DPIC'
lt_cv_prog_compiler_pic_works=yes
lt_cv_prog_compiler_rtti_exceptions=yes
lt_cv_prog_compiler_static_works=yes
lt_cv_prog_gnu_ld=yes
lt_cv_sharedlib_from_linklib_cmd='printf %s\n'
lt_cv_shlibpath_overrides_runpath=no
lt_cv_sys_global_symbol_pipe='sed -n -e '\''s/^.*[	 ]\([ABCDGIRSTW][ABCDGIRSTW]*\)[	 ][	 ]*\([_A-Za-z][_A-Za-z0-9]*\)$/\1 \2 \2/p'\'' | sed '\''/ __gnu_lto/d'\'''
lt_cv_sys_global_symbol_to_c_name_address='sed -n -e '\''s/^: \(.*\) .*$/  {"\1", (void *) 0},/p'\'' -e '\''s/^[ABCDGIRSTW][ABCDGIRSTW]* .* \(.*\)$/  {"\1", (void *) \&\1},/p'\'''
lt_cv_sys_global_symbol_to_c_name_address_lib_prefix='sed -n -e '\''s/^: \(.*\) .*$/  {"\1", (void *) 0},/p'\'' -e '\''s/^[ABCDGIRSTW][ABCDGIRSTW]* .* \(lib.*\)$/  {"\1", (void *) \&\1},/p'\'' -e '\''s/^[ABCDGIRSTW][ABCDGIRSTW]* .* \(.*\)$/  {"lib\1", (void *) \&\1},/p'\'''
lt_cv_sys_global_symbol_to_cdecl='sed -n -e '\''s/^T .* \(.*\)$/extern int \1();/p'\'' -e '\''s/^[ABCDGIRSTW][ABCDGIRSTW]* .* \(.*\)$/extern char \1;/p'\'''
lt_cv_sys_global_symbol_to_import=
lt_cv_sys_max_cmd_len=1572864
lt_cv_to_host_file_cmd=func_convert_file_noop
lt_cv_to_tool_file_cmd=func_convert_file_noop
lt_cv_truncate_bin='/usr/bin/dd bs=4096 count=1'
pkg_cv_SDL_CFLAGS='-D_GNU_SOURCE=1 -D_REENTRANT '
pkg_cv_SDL_LIBS=

## ----------------- ##
## Output variables. ##
## ----------------- ##

ACLOCAL='${SHELL} '\''/home/dott/ogv.js/libtheora/missing'\'' aclocal-1.16'
AMDEPBACKSLASH='\'
AMDEP_FALSE='#'
AMDEP_TRUE=''
AMTAR='$${TAR-tar}'
AM_BACKSLASH='\'
AM_DEFAULT_V='$(AM_DEFAULT_VERBOSITY)'
AM_DEFAULT_VERBOSITY='0'
AM_V='$(V)'
AR='/home/dott/emsdk/upstream/emscripten/emar'
AS='as'
AUTOCONF='${SHELL} '\''/home/dott/ogv.js/libtheora/missing'\'' autoconf'
AUTOHEADER='${SHELL} '\''/home/dott/ogv.js/libtheora/missing'\'' autoheader'
AUTOMAKE='${SHELL} '\''/home/dott/ogv.js/libtheora/missing'\'' automake-1.16'
AWK='gawk'
BINDIR='/home/dott/ogv.js/build/wasm/root/bin'
BUILDABLE_EXAMPLES=''
BUILD_SPEC_FALSE=''
BUILD_SPEC_TRUE='#'
CAIRO_CFLAGS=''
CAIRO_LIBS=''
CC='/home/dott/emsdk/upstream/emscripten/emcc'
CCAS='/home/dott/emsdk/upstream/emscripten/emcc'
CCASDEPMODE='depmode=gcc3'
CCASFLAGS='-g -O2'
CCDEPMODE='depmode=gcc3'
CFLAGS='-Wall -Wno-parentheses -O3 -fomit-frame-pointer -finline-functions -funroll-loops -g -O2'
COMPAT_LIBS=''
CPP='/home/dott/emsdk/upstream/emscripten/emcc -E'
CPPFLAGS=''
CPU_arm_FALSE=''
CPU_arm_TRUE='#'
CPU_c64x_FALSE=''
CPU_c64x_TRUE='#'
CPU_x86_32_FALSE=''
CPU_x86_32_TRUE='#'
CPU_x86_64_FALSE=''
CPU_x86_64_TRUE='#'
CYGPATH_W='echo'
DEBUG='-g -Wall -Wno-parentheses -DDEBUG -D__NO_MATH_INLINES'
DEFS='-DHAVE_CONFIG_H'
DEPDIR='.deps'
DLLTOOL='dlltool'
DOCDIR='/home/dott/ogv.js/build/wasm/root/share/doc/libtheora'
DSYMUTIL=''
DUMPBIN=''
ECHO_C=''
ECHO_N='-n'
ECHO_T=''
EGREP='/usr/bin/grep -E'
EXEEXT=''
FGREP='/usr/bin/grep -F'
GETOPT_OBJS=''
GREP='/usr/bin/grep'
HAVE_ARM_ASM_EDSP=''
HAVE_ARM_ASM_MEDIA=''
HAVE_ARM_ASM_NEON=''
HAVE_BIBTEX=''
HAVE_DOXYGEN='false'
HAVE_DOXYGEN_FALSE=''
HAVE_DOXYGEN_TRUE='#'
HAVE_PDFLATEX=''
HAVE_PERL=''
HAVE_PKG_CONFIG='yes'
HAVE_TIFF='no'
HAVE_TRANSFIG=''
HAVE_VALGRIND=''
INCLUDEDIR='/home/dott/ogv.js/build/wasm/root/include'
INSTALL_DATA='${INSTALL} -m 644'
INSTALL_PROGRAM='${INSTALL}'
INSTALL_SCRIPT='${INSTALL}'
INSTALL_STRIP_PROGRAM='$(install_sh) -c -s'
LD='/home/dott/emsdk/upstream/emscripten/emcc'
LDFLAGS=''
LIBDIR='/home/dott/ogv.js/build/wasm/root/lib'
LIBOBJS=''
LIBS=''
LIBTOOL='$(SHELL) $(top_builddir)/libtool'
LIPO=''
LN_S='ln -s'
LTLIBOBJS=''
LT_SYS_LIBRARY_PATH=''
MAINT=''
MAINTAINER_MODE_FALSE='#'
MAINTAINER_MODE_TRUE=''
MAKEINFO='${SHELL} '\''/home/dott/ogv.js/libtheora/missing'\'' makeinfo'
MANIFEST_TOOL=':'
MKDIR_P='/usr/bin/mkdir -p'
NM='/home/dott/emsdk/upstream/bin/llvm-nm'
NMEDIT=''
OBJDUMP='objdump'
OBJEXT='o'
OGG_CFLAGS='-I/home/dott/ogv.js/build/wasm/root/include'
OGG_LIBS='-L/home/dott/ogv.js/build/wasm/root/lib -logg'
OSS_LIBS=''
OTOOL64=''
OTOOL=''
PACKAGE='libtheora'
PACKAGE_BUGREPORT='theora-dev@xiph.org'
PACKAGE_NAME='libtheora'
PACKAGE_STRING='libtheora 1.2.0alpha1+svn'
PACKAGE_TARNAME='libtheora'
PACKAGE_URL=''
PACKAGE_VERSION='1.2.0alpha1+svn'
PATH_SEPARATOR=':'
PKG_CONFIG='/usr/bin/pkg-config'
PNG_CFLAGS=''
PNG_LIBS=''
PROFILE='-Wall -Wno-parentheses -pg -g -O3 -fno-inline-functions -DDEBUG'
RANLIB='/home/dott/emsdk/upstream/emscripten/emranlib'
SDL_CFLAGS='-D_GNU_SOURCE=1 -D_REENTRANT '
SDL_LIBS=''
SED='/usr/bin/sed'
SET_MAKE=''
SHELL='/bin/sh'
STRIP='strip'
THDEC_LIB_AGE='1'
THDEC_LIB_CURRENT='2'
THDEC_LIB_REVISION='5'
THENC_LIB_AGE='2'
THENC_LIB_CURRENT='3'
THENC_LIB_REVISION='0'
THEORADEC_LDFLAGS=' -Wl,--version-script=$(srcdir)/Version_script-dec'
THEORAENC_LDFLAGS=' -Wl,--version-script=$(srcdir)/Version_script-enc'
THEORA_DISABLE_ENCODE_FALSE='#'
THEORA_DISABLE_ENCODE_TRUE=''
THEORA_ENABLE_EXAMPLES_FALSE=''
THEORA_ENABLE_EXAMPLES_TRUE='#'
THEORA_LDFLAGS=' -Wl,--version-script=$(srcdir)/Version_script'
TH_LIB_AGE='4'
TH_LIB_CURRENT='4'
TH_LIB_REVISION='0'
TIFF_CFLAGS=''
TIFF_LIBS=''
VALGRIND_ENVIRONMENT=''
VERSION='1.2.0alpha1+svn'
VORBISENC_LIBS='-lvorbisenc'
VORBISFILE_LIBS='-lvorbisfile'
VORBIS_CFLAGS=''
VORBIS_LIBS='-L${exec_prefix}/lib -lvorbis -lm'
ac_ct_AR=''
ac_ct_CC='/home/dott/emsdk/upstream/emscripten/emcc'
ac_ct_DUMPBIN=''
am__EXEEXT_FALSE=''
am__EXEEXT_TRUE='#'
am__fastdepCCAS_FALSE='#'
am__fastdepCCAS_TRUE=''
am__fastdepCC_FALSE='#'
am__fastdepCC_TRUE=''
am__include='include'
am__isrc=' -I$(srcdir)'
am__leading_dot='.'
am__nodep='_no'
am__quote=''
am__tar='$${TAR-tar} chof - "$$tardir"'
am__untar='$${TAR-tar} xf -'
bindir='${exec_prefix}/bin'
build='x86_64-pc-linux-gnu'
build_alias=''
build_cpu='x86_64'
build_os='linux-gnu'
build_vendor='pc'
datadir='${datarootdir}'
datarootdir='${prefix}/share'
docdir='${datarootdir}/doc/${PACKAGE_TARNAME}'
dvidir='${docdir}'
exec_prefix='${prefix}'
host='x86_64-pc-linux-gnu'
host_alias=''
host_cpu='x86_64'
host_os='linux-gnu'
host_vendor='pc'
htmldir='${docdir}'
includedir='${prefix}/include'
infodir='${datarootdir}/info'
install_sh='${SHELL} /home/dott/ogv.js/libtheora/install-sh'
libdir='${exec_prefix}/lib'
libexecdir='${exec_prefix}/libexec'
localedir='${datarootdir}/locale'
localstatedir='${prefix}/var'
mandir='${datarootdir}/man'
mkdir_p='$(MKDIR_P)'
oldincludedir='/usr/include'
pdfdir='${docdir}'
prefix='/home/dott/ogv.js/build/wasm/root'
program_transform_name='s,x,x,'
psdir='${docdir}'
runstatedir='/run'
sbindir='${exec_prefix}/sbin'
sharedstatedir='${prefix}/com'
sysconfdir='${prefix}/etc'
target_alias=''

## ----------- ##
## confdefs.h. ##
## ----------- ##

/* confdefs.h */
#define PACKAGE_NAME "libtheora"
#define PACKAGE_TARNAME "libtheora"
#define PACKAGE_VERSION "1.2.0alpha1+svn"
#define PACKAGE_STRING "libtheora 1.2.0alpha1+svn"
#define PACKAGE_BUGREPORT "theora-dev@xiph.org"
#define PACKAGE_URL ""
#define PACKAGE "libtheora"
#define VERSION "1.2.0alpha1+svn"
#define HAVE_STDIO_H 1
#define HAVE_STDLIB_H 1
#define HAVE_STRING_H 1
#define HAVE_INTTYPES_H 1
#define HAVE_STDINT_H 1
#define HAVE_STRINGS_H 1
#define HAVE_SYS_STAT_H 1
#define HAVE_SYS_TYPES_H 1
#define HAVE_UNISTD_H 1
#define STDC_HEADERS 1
#define HAVE_DLFCN_H 1
#define LT_OBJDIR ".libs/"
#define THEORA_DISABLE_ENCODE /**/

configure: exit 0
