# ../../../libvpx/configure --prefix=/home/dott/ogv.js/build/wasm/root --target=generic-gnu --extra-cflags=-DWASM -I/home/dott/emsdk/upstream/emscripten/system/lib/libcxxabi/include/ --disable-multithread --enable-vp9-decoder --disable-vp8-encoder --disable-vp9-encoder --disable-shared --disable-docs --disable-examples --disable-tools --disable-unit-tests
  enabling vp8_decoder
Configuring for target 'generic-gnu'
  enabling generic
check_cxxflags -DNDEBUG
check_cxx -Werror -DNDEBUG
BEGIN /tmp/vpx-conf-343442-19981.cc
     1	int x;
END /tmp/vpx-conf-343442-19981.cc
/home/dott/emsdk/upstream/emscripten/em++ -Werror -DNDEBUG -c -o /tmp/vpx-conf-343442-19981.o /tmp/vpx-conf-343442-19981.cc
check_cflags -DNDEBUG
check_cc -Werror -DNDEBUG
BEGIN /tmp/vpx-conf-343442-19981.c
     1	int x;
END /tmp/vpx-conf-343442-19981.c
/home/dott/emsdk/upstream/emscripten/emcc -Werror -DNDEBUG -c -o /tmp/vpx-conf-343442-19981.o /tmp/vpx-conf-343442-19981.c
check_cxxflags -O3
check_cxx -Werror -O3
BEGIN /tmp/vpx-conf-343442-19981.cc
     1	int x;
END /tmp/vpx-conf-343442-19981.cc
/home/dott/emsdk/upstream/emscripten/em++ -DNDEBUG -Werror -O3 -c -o /tmp/vpx-conf-343442-19981.o /tmp/vpx-conf-343442-19981.cc
check_cflags -O3
check_cc -Werror -O3
BEGIN /tmp/vpx-conf-343442-19981.c
     1	int x;
END /tmp/vpx-conf-343442-19981.c
/home/dott/emsdk/upstream/emscripten/emcc -DNDEBUG -Werror -O3 -c -o /tmp/vpx-conf-343442-19981.o /tmp/vpx-conf-343442-19981.c
check_cc
BEGIN /tmp/vpx-conf-343442-19981.c
     1	unsigned int e = 'O'<<24 | '2'<<16 | 'B'<<8 | 'E';
END /tmp/vpx-conf-343442-19981.c
/home/dott/emsdk/upstream/emscripten/emcc -DNDEBUG -O3 -c -o /tmp/vpx-conf-343442-19981.o /tmp/vpx-conf-343442-19981.c
check_cc
BEGIN /tmp/vpx-conf-343442-19981.c
     1	static inline function() {}
END /tmp/vpx-conf-343442-19981.c
/home/dott/emsdk/upstream/emscripten/emcc -DNDEBUG -O3 -c -o /tmp/vpx-conf-343442-19981.o /tmp/vpx-conf-343442-19981.c
/tmp/vpx-conf-343442-19981.c:1:15: error: type specifier missing, defaults to 'int'; ISO C99 and later do not support implicit int [-Wimplicit-int]
static inline function() {}
~~~~~~~~~~~~~ ^
int
1 error generated.
emcc: error: '/home/dott/emsdk/upstream/bin/clang -target wasm32-unknown-emscripten -fignore-exceptions -fvisibility=default -mllvm -combiner-global-alias-analysis=false -mllvm -enable-emscripten-sjlj -mllvm -disable-lsr -DEMSCRIPTEN -D__EMSCRIPTEN_major__=3 -D__EMSCRIPTEN_minor__=1 -D__EMSCRIPTEN_tiny__=20 -Werror=implicit-function-declaration -I/home/dott/emsdk/upstream/emscripten/cache/sysroot/include/SDL --sysroot=/home/dott/emsdk/upstream/emscripten/cache/sysroot -Xclang -iwithsysroot/include/compat -DNDEBUG -O3 -c /tmp/vpx-conf-343442-19981.c -o /tmp/vpx-conf-343442-19981.o' failed (returned 1)
check_cxxflags -Wall
check_cxx -Werror -Wall
BEGIN /tmp/vpx-conf-343442-19981.cc
     1	int x;
END /tmp/vpx-conf-343442-19981.cc
/home/dott/emsdk/upstream/emscripten/em++ -DNDEBUG -O3 -Werror -Wall -c -o /tmp/vpx-conf-343442-19981.o /tmp/vpx-conf-343442-19981.cc
check_cflags -Wall
check_cc -Werror -Wall
BEGIN /tmp/vpx-conf-343442-19981.c
     1	int x;
END /tmp/vpx-conf-343442-19981.c
/home/dott/emsdk/upstream/emscripten/emcc -DNDEBUG -O3 -Werror -Wall -c -o /tmp/vpx-conf-343442-19981.o /tmp/vpx-conf-343442-19981.c
check_cxxflags -Wdeclaration-after-statement
check_cxx -Werror -Wdeclaration-after-statement
BEGIN /tmp/vpx-conf-343442-19981.cc
     1	int x;
END /tmp/vpx-conf-343442-19981.cc
/home/dott/emsdk/upstream/emscripten/em++ -DNDEBUG -O3 -Wall -Werror -Wdeclaration-after-statement -c -o /tmp/vpx-conf-343442-19981.o /tmp/vpx-conf-343442-19981.cc
check_cflags -Wdeclaration-after-statement
check_cc -Werror -Wdeclaration-after-statement
BEGIN /tmp/vpx-conf-343442-19981.c
     1	int x;
END /tmp/vpx-conf-343442-19981.c
/home/dott/emsdk/upstream/emscripten/emcc -DNDEBUG -O3 -Wall -Werror -Wdeclaration-after-statement -c -o /tmp/vpx-conf-343442-19981.o /tmp/vpx-conf-343442-19981.c
check_cxxflags -Wdisabled-optimization
check_cxx -Werror -Wdisabled-optimization
BEGIN /tmp/vpx-conf-343442-19981.cc
     1	int x;
END /tmp/vpx-conf-343442-19981.cc
/home/dott/emsdk/upstream/emscripten/em++ -DNDEBUG -O3 -Wall -Wdeclaration-after-statement -Werror -Wdisabled-optimization -c -o /tmp/vpx-conf-343442-19981.o /tmp/vpx-conf-343442-19981.cc
check_cflags -Wdisabled-optimization
check_cc -Werror -Wdisabled-optimization
BEGIN /tmp/vpx-conf-343442-19981.c
     1	int x;
END /tmp/vpx-conf-343442-19981.c
/home/dott/emsdk/upstream/emscripten/emcc -DNDEBUG -O3 -Wall -Wdeclaration-after-statement -Werror -Wdisabled-optimization -c -o /tmp/vpx-conf-343442-19981.o /tmp/vpx-conf-343442-19981.c
check_cxxflags -Wfloat-conversion
check_cxx -Werror -Wfloat-conversion
BEGIN /tmp/vpx-conf-343442-19981.cc
     1	int x;
END /tmp/vpx-conf-343442-19981.cc
/home/dott/emsdk/upstream/emscripten/em++ -DNDEBUG -O3 -Wall -Wdeclaration-after-statement -Wdisabled-optimization -Werror -Wfloat-conversion -c -o /tmp/vpx-conf-343442-19981.o /tmp/vpx-conf-343442-19981.cc
check_cflags -Wfloat-conversion
check_cc -Werror -Wfloat-conversion
BEGIN /tmp/vpx-conf-343442-19981.c
     1	int x;
END /tmp/vpx-conf-343442-19981.c
/home/dott/emsdk/upstream/emscripten/emcc -DNDEBUG -O3 -Wall -Wdeclaration-after-statement -Wdisabled-optimization -Werror -Wfloat-conversion -c -o /tmp/vpx-conf-343442-19981.o /tmp/vpx-conf-343442-19981.c
check_cxxflags -Wparentheses-equality
check_cxx -Werror -Wparentheses-equality
BEGIN /tmp/vpx-conf-343442-19981.cc
     1	int x;
END /tmp/vpx-conf-343442-19981.cc
/home/dott/emsdk/upstream/emscripten/em++ -DNDEBUG -O3 -Wall -Wdeclaration-after-statement -Wdisabled-optimization -Wfloat-conversion -Werror -Wparentheses-equality -c -o /tmp/vpx-conf-343442-19981.o /tmp/vpx-conf-343442-19981.cc
check_cflags -Wparentheses-equality
check_cc -Werror -Wparentheses-equality
BEGIN /tmp/vpx-conf-343442-19981.c
     1	int x;
END /tmp/vpx-conf-343442-19981.c
/home/dott/emsdk/upstream/emscripten/emcc -DNDEBUG -O3 -Wall -Wdeclaration-after-statement -Wdisabled-optimization -Wfloat-conversion -Werror -Wparentheses-equality -c -o /tmp/vpx-conf-343442-19981.o /tmp/vpx-conf-343442-19981.c
check_cxxflags -Wpointer-arith
check_cxx -Werror -Wpointer-arith
BEGIN /tmp/vpx-conf-343442-19981.cc
     1	int x;
END /tmp/vpx-conf-343442-19981.cc
/home/dott/emsdk/upstream/emscripten/em++ -DNDEBUG -O3 -Wall -Wdeclaration-after-statement -Wdisabled-optimization -Wfloat-conversion -Wparentheses-equality -Werror -Wpointer-arith -c -o /tmp/vpx-conf-343442-19981.o /tmp/vpx-conf-343442-19981.cc
check_cflags -Wpointer-arith
check_cc -Werror -Wpointer-arith
BEGIN /tmp/vpx-conf-343442-19981.c
     1	int x;
END /tmp/vpx-conf-343442-19981.c
/home/dott/emsdk/upstream/emscripten/emcc -DNDEBUG -O3 -Wall -Wdeclaration-after-statement -Wdisabled-optimization -Wfloat-conversion -Wparentheses-equality -Werror -Wpointer-arith -c -o /tmp/vpx-conf-343442-19981.o /tmp/vpx-conf-343442-19981.c
check_cxxflags -Wtype-limits
check_cxx -Werror -Wtype-limits
BEGIN /tmp/vpx-conf-343442-19981.cc
     1	int x;
END /tmp/vpx-conf-343442-19981.cc
/home/dott/emsdk/upstream/emscripten/em++ -DNDEBUG -O3 -Wall -Wdeclaration-after-statement -Wdisabled-optimization -Wfloat-conversion -Wparentheses-equality -Wpointer-arith -Werror -Wtype-limits -c -o /tmp/vpx-conf-343442-19981.o /tmp/vpx-conf-343442-19981.cc
check_cflags -Wtype-limits
check_cc -Werror -Wtype-limits
BEGIN /tmp/vpx-conf-343442-19981.c
     1	int x;
END /tmp/vpx-conf-343442-19981.c
/home/dott/emsdk/upstream/emscripten/emcc -DNDEBUG -O3 -Wall -Wdeclaration-after-statement -Wdisabled-optimization -Wfloat-conversion -Wparentheses-equality -Wpointer-arith -Werror -Wtype-limits -c -o /tmp/vpx-conf-343442-19981.o /tmp/vpx-conf-343442-19981.c
check_cxxflags -Wcast-qual
check_cxx -Werror -Wcast-qual
BEGIN /tmp/vpx-conf-343442-19981.cc
     1	int x;
END /tmp/vpx-conf-343442-19981.cc
/home/dott/emsdk/upstream/emscripten/em++ -DNDEBUG -O3 -Wall -Wdeclaration-after-statement -Wdisabled-optimization -Wfloat-conversion -Wparentheses-equality -Wpointer-arith -Wtype-limits -Werror -Wcast-qual -c -o /tmp/vpx-conf-343442-19981.o /tmp/vpx-conf-343442-19981.cc
check_cflags -Wcast-qual
check_cc -Werror -Wcast-qual
BEGIN /tmp/vpx-conf-343442-19981.c
     1	int x;
END /tmp/vpx-conf-343442-19981.c
/home/dott/emsdk/upstream/emscripten/emcc -DNDEBUG -O3 -Wall -Wdeclaration-after-statement -Wdisabled-optimization -Wfloat-conversion -Wparentheses-equality -Wpointer-arith -Wtype-limits -Werror -Wcast-qual -c -o /tmp/vpx-conf-343442-19981.o /tmp/vpx-conf-343442-19981.c
check_cxxflags -Wvla
check_cxx -Werror -Wvla
BEGIN /tmp/vpx-conf-343442-19981.cc
     1	int x;
END /tmp/vpx-conf-343442-19981.cc
/home/dott/emsdk/upstream/emscripten/em++ -DNDEBUG -O3 -Wall -Wdeclaration-after-statement -Wdisabled-optimization -Wfloat-conversion -Wparentheses-equality -Wpointer-arith -Wtype-limits -Wcast-qual -Werror -Wvla -c -o /tmp/vpx-conf-343442-19981.o /tmp/vpx-conf-343442-19981.cc
check_cflags -Wvla
check_cc -Werror -Wvla
BEGIN /tmp/vpx-conf-343442-19981.c
     1	int x;
END /tmp/vpx-conf-343442-19981.c
/home/dott/emsdk/upstream/emscripten/emcc -DNDEBUG -O3 -Wall -Wdeclaration-after-statement -Wdisabled-optimization -Wfloat-conversion -Wparentheses-equality -Wpointer-arith -Wtype-limits -Wcast-qual -Werror -Wvla -c -o /tmp/vpx-conf-343442-19981.o /tmp/vpx-conf-343442-19981.c
check_cxxflags -Wimplicit-function-declaration
check_cxx -Werror -Wimplicit-function-declaration
BEGIN /tmp/vpx-conf-343442-19981.cc
     1	int x;
END /tmp/vpx-conf-343442-19981.cc
/home/dott/emsdk/upstream/emscripten/em++ -DNDEBUG -O3 -Wall -Wdeclaration-after-statement -Wdisabled-optimization -Wfloat-conversion -Wparentheses-equality -Wpointer-arith -Wtype-limits -Wcast-qual -Wvla -Werror -Wimplicit-function-declaration -c -o /tmp/vpx-conf-343442-19981.o /tmp/vpx-conf-343442-19981.cc
check_cflags -Wimplicit-function-declaration
check_cc -Werror -Wimplicit-function-declaration
BEGIN /tmp/vpx-conf-343442-19981.c
     1	int x;
END /tmp/vpx-conf-343442-19981.c
/home/dott/emsdk/upstream/emscripten/emcc -DNDEBUG -O3 -Wall -Wdeclaration-after-statement -Wdisabled-optimization -Wfloat-conversion -Wparentheses-equality -Wpointer-arith -Wtype-limits -Wcast-qual -Wvla -Werror -Wimplicit-function-declaration -c -o /tmp/vpx-conf-343442-19981.o /tmp/vpx-conf-343442-19981.c
check_cxxflags -Wmissing-declarations
check_cxx -Werror -Wmissing-declarations
BEGIN /tmp/vpx-conf-343442-19981.cc
     1	int x;
END /tmp/vpx-conf-343442-19981.cc
/home/dott/emsdk/upstream/emscripten/em++ -DNDEBUG -O3 -Wall -Wdeclaration-after-statement -Wdisabled-optimization -Wfloat-conversion -Wparentheses-equality -Wpointer-arith -Wtype-limits -Wcast-qual -Wvla -Wimplicit-function-declaration -Werror -Wmissing-declarations -c -o /tmp/vpx-conf-343442-19981.o /tmp/vpx-conf-343442-19981.cc
check_cflags -Wmissing-declarations
check_cc -Werror -Wmissing-declarations
BEGIN /tmp/vpx-conf-343442-19981.c
     1	int x;
END /tmp/vpx-conf-343442-19981.c
/home/dott/emsdk/upstream/emscripten/emcc -DNDEBUG -O3 -Wall -Wdeclaration-after-statement -Wdisabled-optimization -Wfloat-conversion -Wparentheses-equality -Wpointer-arith -Wtype-limits -Wcast-qual -Wvla -Wimplicit-function-declaration -Werror -Wmissing-declarations -c -o /tmp/vpx-conf-343442-19981.o /tmp/vpx-conf-343442-19981.c
check_cxxflags -Wmissing-prototypes
check_cxx -Werror -Wmissing-prototypes
BEGIN /tmp/vpx-conf-343442-19981.cc
     1	int x;
END /tmp/vpx-conf-343442-19981.cc
/home/dott/emsdk/upstream/emscripten/em++ -DNDEBUG -O3 -Wall -Wdeclaration-after-statement -Wdisabled-optimization -Wfloat-conversion -Wparentheses-equality -Wpointer-arith -Wtype-limits -Wcast-qual -Wvla -Wimplicit-function-declaration -Wmissing-declarations -Werror -Wmissing-prototypes -c -o /tmp/vpx-conf-343442-19981.o /tmp/vpx-conf-343442-19981.cc
check_cflags -Wmissing-prototypes
check_cc -Werror -Wmissing-prototypes
BEGIN /tmp/vpx-conf-343442-19981.c
     1	int x;
END /tmp/vpx-conf-343442-19981.c
/home/dott/emsdk/upstream/emscripten/emcc -DNDEBUG -O3 -Wall -Wdeclaration-after-statement -Wdisabled-optimization -Wfloat-conversion -Wparentheses-equality -Wpointer-arith -Wtype-limits -Wcast-qual -Wvla -Wimplicit-function-declaration -Wmissing-declarations -Werror -Wmissing-prototypes -c -o /tmp/vpx-conf-343442-19981.o /tmp/vpx-conf-343442-19981.c
check_cxxflags -Wuninitialized
check_cxx -Werror -Wuninitialized
BEGIN /tmp/vpx-conf-343442-19981.cc
     1	int x;
END /tmp/vpx-conf-343442-19981.cc
/home/dott/emsdk/upstream/emscripten/em++ -DNDEBUG -O3 -Wall -Wdeclaration-after-statement -Wdisabled-optimization -Wfloat-conversion -Wparentheses-equality -Wpointer-arith -Wtype-limits -Wcast-qual -Wvla -Wimplicit-function-declaration -Wmissing-declarations -Wmissing-prototypes -Werror -Wuninitialized -c -o /tmp/vpx-conf-343442-19981.o /tmp/vpx-conf-343442-19981.cc
check_cflags -Wuninitialized
check_cc -Werror -Wuninitialized
BEGIN /tmp/vpx-conf-343442-19981.c
     1	int x;
END /tmp/vpx-conf-343442-19981.c
/home/dott/emsdk/upstream/emscripten/emcc -DNDEBUG -O3 -Wall -Wdeclaration-after-statement -Wdisabled-optimization -Wfloat-conversion -Wparentheses-equality -Wpointer-arith -Wtype-limits -Wcast-qual -Wvla -Wimplicit-function-declaration -Wmissing-declarations -Wmissing-prototypes -Werror -Wuninitialized -c -o /tmp/vpx-conf-343442-19981.o /tmp/vpx-conf-343442-19981.c
check_cxxflags -Wunused
check_cxx -Werror -Wunused
BEGIN /tmp/vpx-conf-343442-19981.cc
     1	int x;
END /tmp/vpx-conf-343442-19981.cc
/home/dott/emsdk/upstream/emscripten/em++ -DNDEBUG -O3 -Wall -Wdeclaration-after-statement -Wdisabled-optimization -Wfloat-conversion -Wparentheses-equality -Wpointer-arith -Wtype-limits -Wcast-qual -Wvla -Wimplicit-function-declaration -Wmissing-declarations -Wmissing-prototypes -Wuninitialized -Werror -Wunused -c -o /tmp/vpx-conf-343442-19981.o /tmp/vpx-conf-343442-19981.cc
check_cflags -Wunused
check_cc -Werror -Wunused
BEGIN /tmp/vpx-conf-343442-19981.c
     1	int x;
END /tmp/vpx-conf-343442-19981.c
/home/dott/emsdk/upstream/emscripten/emcc -DNDEBUG -O3 -Wall -Wdeclaration-after-statement -Wdisabled-optimization -Wfloat-conversion -Wparentheses-equality -Wpointer-arith -Wtype-limits -Wcast-qual -Wvla -Wimplicit-function-declaration -Wmissing-declarations -Wmissing-prototypes -Wuninitialized -Werror -Wunused -c -o /tmp/vpx-conf-343442-19981.o /tmp/vpx-conf-343442-19981.c
check_cxxflags -Wextra
check_cxx -Werror -Wextra
BEGIN /tmp/vpx-conf-343442-19981.cc
     1	int x;
END /tmp/vpx-conf-343442-19981.cc
/home/dott/emsdk/upstream/emscripten/em++ -DNDEBUG -O3 -Wall -Wdeclaration-after-statement -Wdisabled-optimization -Wfloat-conversion -Wparentheses-equality -Wpointer-arith -Wtype-limits -Wcast-qual -Wvla -Wimplicit-function-declaration -Wmissing-declarations -Wmissing-prototypes -Wuninitialized -Wunused -Werror -Wextra -c -o /tmp/vpx-conf-343442-19981.o /tmp/vpx-conf-343442-19981.cc
check_cflags -Wextra
check_cc -Werror -Wextra
BEGIN /tmp/vpx-conf-343442-19981.c
     1	int x;
END /tmp/vpx-conf-343442-19981.c
/home/dott/emsdk/upstream/emscripten/emcc -DNDEBUG -O3 -Wall -Wdeclaration-after-statement -Wdisabled-optimization -Wfloat-conversion -Wparentheses-equality -Wpointer-arith -Wtype-limits -Wcast-qual -Wvla -Wimplicit-function-declaration -Wmissing-declarations -Wmissing-prototypes -Wuninitialized -Wunused -Werror -Wextra -c -o /tmp/vpx-conf-343442-19981.o /tmp/vpx-conf-343442-19981.c
check_cflags -Wundef
check_cc -Werror -Wundef
BEGIN /tmp/vpx-conf-343442-19981.c
     1	int x;
END /tmp/vpx-conf-343442-19981.c
/home/dott/emsdk/upstream/emscripten/emcc -DNDEBUG -O3 -Wall -Wdeclaration-after-statement -Wdisabled-optimization -Wfloat-conversion -Wparentheses-equality -Wpointer-arith -Wtype-limits -Wcast-qual -Wvla -Wimplicit-function-declaration -Wmissing-declarations -Wmissing-prototypes -Wuninitialized -Wunused -Wextra -Werror -Wundef -c -o /tmp/vpx-conf-343442-19981.o /tmp/vpx-conf-343442-19981.c
check_cflags -Wframe-larger-than=52000
check_cc -Werror -Wframe-larger-than=52000
BEGIN /tmp/vpx-conf-343442-19981.c
     1	int x;
END /tmp/vpx-conf-343442-19981.c
/home/dott/emsdk/upstream/emscripten/emcc -DNDEBUG -O3 -Wall -Wdeclaration-after-statement -Wdisabled-optimization -Wfloat-conversion -Wparentheses-equality -Wpointer-arith -Wtype-limits -Wcast-qual -Wvla -Wimplicit-function-declaration -Wmissing-declarations -Wmissing-prototypes -Wuninitialized -Wunused -Wextra -Wundef -Werror -Wframe-larger-than=52000 -c -o /tmp/vpx-conf-343442-19981.o /tmp/vpx-conf-343442-19981.c
check_cxxflags -Wno-unused-function
check_cxx -Werror -Wno-unused-function
BEGIN /tmp/vpx-conf-343442-19981.cc
     1	int x;
END /tmp/vpx-conf-343442-19981.cc
/home/dott/emsdk/upstream/emscripten/em++ -DNDEBUG -O3 -Wall -Wdeclaration-after-statement -Wdisabled-optimization -Wfloat-conversion -Wparentheses-equality -Wpointer-arith -Wtype-limits -Wcast-qual -Wvla -Wimplicit-function-declaration -Wmissing-declarations -Wmissing-prototypes -Wuninitialized -Wunused -Wextra -Werror -Wno-unused-function -c -o /tmp/vpx-conf-343442-19981.o /tmp/vpx-conf-343442-19981.cc
check_cflags -Wno-unused-function
check_cc -Werror -Wno-unused-function
BEGIN /tmp/vpx-conf-343442-19981.c
     1	int x;
END /tmp/vpx-conf-343442-19981.c
/home/dott/emsdk/upstream/emscripten/emcc -DNDEBUG -O3 -Wall -Wdeclaration-after-statement -Wdisabled-optimization -Wfloat-conversion -Wparentheses-equality -Wpointer-arith -Wtype-limits -Wcast-qual -Wvla -Wimplicit-function-declaration -Wmissing-declarations -Wmissing-prototypes -Wuninitialized -Wunused -Wextra -Wundef -Wframe-larger-than=52000 -Werror -Wno-unused-function -c -o /tmp/vpx-conf-343442-19981.o /tmp/vpx-conf-343442-19981.c
check_cflags -std=gnu89
check_cc -Werror -std=gnu89
BEGIN /tmp/vpx-conf-343442-19981.c
     1	int x;
END /tmp/vpx-conf-343442-19981.c
/home/dott/emsdk/upstream/emscripten/emcc -DNDEBUG -O3 -Wall -Wdeclaration-after-statement -Wdisabled-optimization -Wfloat-conversion -Wparentheses-equality -Wpointer-arith -Wtype-limits -Wcast-qual -Wvla -Wimplicit-function-declaration -Wmissing-declarations -Wmissing-prototypes -Wuninitialized -Wunused -Wextra -Wundef -Wframe-larger-than=52000 -Wno-unused-function -Werror -std=gnu89 -c -o /tmp/vpx-conf-343442-19981.o /tmp/vpx-conf-343442-19981.c
check_cflags -Wshorten-64-to-32
check_cc -Werror -Wshorten-64-to-32
BEGIN /tmp/vpx-conf-343442-19981.c
     1	int x;
END /tmp/vpx-conf-343442-19981.c
/home/dott/emsdk/upstream/emscripten/emcc -DNDEBUG -O3 -Wall -Wdeclaration-after-statement -Wdisabled-optimization -Wfloat-conversion -Wparentheses-equality -Wpointer-arith -Wtype-limits -Wcast-qual -Wvla -Wimplicit-function-declaration -Wmissing-declarations -Wmissing-prototypes -Wuninitialized -Wunused -Wextra -Wundef -Wframe-larger-than=52000 -Wno-unused-function -std=gnu89 -Werror -Wshorten-64-to-32 -c -o /tmp/vpx-conf-343442-19981.o /tmp/vpx-conf-343442-19981.c
check_cxxflags -Wno-missing-declarations
check_cxx -Werror -Wno-missing-declarations
BEGIN /tmp/vpx-conf-343442-19981.cc
     1	int x;
END /tmp/vpx-conf-343442-19981.cc
/home/dott/emsdk/upstream/emscripten/em++ -DNDEBUG -O3 -Wall -Wdeclaration-after-statement -Wdisabled-optimization -Wfloat-conversion -Wparentheses-equality -Wpointer-arith -Wtype-limits -Wcast-qual -Wvla -Wimplicit-function-declaration -Wmissing-declarations -Wmissing-prototypes -Wuninitialized -Wunused -Wextra -Wno-unused-function -Werror -Wno-missing-declarations -c -o /tmp/vpx-conf-343442-19981.o /tmp/vpx-conf-343442-19981.cc
check_cxxflags -Wno-missing-prototypes
check_cxx -Werror -Wno-missing-prototypes
BEGIN /tmp/vpx-conf-343442-19981.cc
     1	int x;
END /tmp/vpx-conf-343442-19981.cc
/home/dott/emsdk/upstream/emscripten/em++ -DNDEBUG -O3 -Wall -Wdeclaration-after-statement -Wdisabled-optimization -Wfloat-conversion -Wparentheses-equality -Wpointer-arith -Wtype-limits -Wcast-qual -Wvla -Wimplicit-function-declaration -Wmissing-declarations -Wmissing-prototypes -Wuninitialized -Wunused -Wextra -Wno-unused-function -Werror -Wno-missing-prototypes -c -o /tmp/vpx-conf-343442-19981.o /tmp/vpx-conf-343442-19981.cc
check_cxxflags -Wno-unused-parameter
check_cxx -Werror -Wno-unused-parameter
BEGIN /tmp/vpx-conf-343442-19981.cc
     1	int x;
END /tmp/vpx-conf-343442-19981.cc
/home/dott/emsdk/upstream/emscripten/em++ -DNDEBUG -O3 -Wall -Wdeclaration-after-statement -Wdisabled-optimization -Wfloat-conversion -Wparentheses-equality -Wpointer-arith -Wtype-limits -Wcast-qual -Wvla -Wimplicit-function-declaration -Wmissing-declarations -Wmissing-prototypes -Wuninitialized -Wunused -Wextra -Wno-unused-function -Werror -Wno-unused-parameter -c -o /tmp/vpx-conf-343442-19981.o /tmp/vpx-conf-343442-19981.cc
check_cxxflags -std=c++11
check_cxx -Werror -std=c++11
BEGIN /tmp/vpx-conf-343442-19981.cc
     1	int x;
END /tmp/vpx-conf-343442-19981.cc
/home/dott/emsdk/upstream/emscripten/em++ -DNDEBUG -O3 -Wall -Wdeclaration-after-statement -Wdisabled-optimization -Wfloat-conversion -Wparentheses-equality -Wpointer-arith -Wtype-limits -Wcast-qual -Wvla -Wimplicit-function-declaration -Wmissing-declarations -Wmissing-prototypes -Wuninitialized -Wunused -Wextra -Wno-unused-function -Werror -std=c++11 -c -o /tmp/vpx-conf-343442-19981.o /tmp/vpx-conf-343442-19981.cc
  enabling webm_io
check_cxx
BEGIN /tmp/vpx-conf-343442-19981.cc
     1	int z;
END /tmp/vpx-conf-343442-19981.cc
/home/dott/emsdk/upstream/emscripten/em++ -DNDEBUG -O3 -Wall -Wdeclaration-after-statement -Wdisabled-optimization -Wfloat-conversion -Wparentheses-equality -Wpointer-arith -Wtype-limits -Wcast-qual -Wvla -Wimplicit-function-declaration -Wmissing-declarations -Wmissing-prototypes -Wuninitialized -Wunused -Wextra -Wno-unused-function -std=c++11 -c -o /tmp/vpx-conf-343442-19981.o /tmp/vpx-conf-343442-19981.cc
  enabling libyuv
check_cxxflags -DWASM -I/home/dott/emsdk/upstream/emscripten/system/lib/libcxxabi/include/
check_cxx -Werror -DWASM -I/home/dott/emsdk/upstream/emscripten/system/lib/libcxxabi/include/
BEGIN /tmp/vpx-conf-343442-19981.cc
     1	int x;
END /tmp/vpx-conf-343442-19981.cc
/home/dott/emsdk/upstream/emscripten/em++ -DNDEBUG -O3 -Wall -Wdeclaration-after-statement -Wdisabled-optimization -Wfloat-conversion -Wparentheses-equality -Wpointer-arith -Wtype-limits -Wcast-qual -Wvla -Wimplicit-function-declaration -Wmissing-declarations -Wmissing-prototypes -Wuninitialized -Wunused -Wextra -Wno-unused-function -std=c++11 -Werror -DWASM -I/home/dott/emsdk/upstream/emscripten/system/lib/libcxxabi/include/ -c -o /tmp/vpx-conf-343442-19981.o /tmp/vpx-conf-343442-19981.cc
check_cflags -DWASM -I/home/dott/emsdk/upstream/emscripten/system/lib/libcxxabi/include/
check_cc -Werror -DWASM -I/home/dott/emsdk/upstream/emscripten/system/lib/libcxxabi/include/
BEGIN /tmp/vpx-conf-343442-19981.c
     1	int x;
END /tmp/vpx-conf-343442-19981.c
/home/dott/emsdk/upstream/emscripten/emcc -DNDEBUG -O3 -Wall -Wdeclaration-after-statement -Wdisabled-optimization -Wfloat-conversion -Wparentheses-equality -Wpointer-arith -Wtype-limits -Wcast-qual -Wvla -Wimplicit-function-declaration -Wmissing-declarations -Wmissing-prototypes -Wuninitialized -Wunused -Wextra -Wundef -Wframe-larger-than=52000 -Wno-unused-function -std=gnu89 -Wshorten-64-to-32 -Werror -DWASM -I/home/dott/emsdk/upstream/emscripten/system/lib/libcxxabi/include/ -c -o /tmp/vpx-conf-343442-19981.o /tmp/vpx-conf-343442-19981.c
check_header stdio.h
check_cpp
BEGIN /tmp/vpx-conf-343442-19981.c
     1	#include "stdio.h"
     2	int x;
END /tmp/vpx-conf-343442-19981.c
/home/dott/emsdk/upstream/emscripten/emcc -DNDEBUG -O3 -Wall -Wdeclaration-after-statement -Wdisabled-optimization -Wfloat-conversion -Wparentheses-equality -Wpointer-arith -Wtype-limits -Wcast-qual -Wvla -Wimplicit-function-declaration -Wmissing-declarations -Wmissing-prototypes -Wuninitialized -Wunused -Wextra -Wundef -Wframe-larger-than=52000 -Wno-unused-function -std=gnu89 -Wshorten-64-to-32 -DWASM -I/home/dott/emsdk/upstream/emscripten/system/lib/libcxxabi/include/ -E -o /tmp/vpx-conf-343442-19981.o /tmp/vpx-conf-343442-19981.c
check_ld
check_cc
BEGIN /tmp/vpx-conf-343442-19981.c
     1	int main(void) {return 0;}
END /tmp/vpx-conf-343442-19981.c
/home/dott/emsdk/upstream/emscripten/emcc -DNDEBUG -O3 -Wall -Wdeclaration-after-statement -Wdisabled-optimization -Wfloat-conversion -Wparentheses-equality -Wpointer-arith -Wtype-limits -Wcast-qual -Wvla -Wimplicit-function-declaration -Wmissing-declarations -Wmissing-prototypes -Wuninitialized -Wunused -Wextra -Wundef -Wframe-larger-than=52000 -Wno-unused-function -std=gnu89 -Wshorten-64-to-32 -DWASM -I/home/dott/emsdk/upstream/emscripten/system/lib/libcxxabi/include/ -c -o /tmp/vpx-conf-343442-19981.o /tmp/vpx-conf-343442-19981.c
/home/dott/emsdk/upstream/emscripten/em++ -o /tmp/vpx-conf-343442-19981.x /tmp/vpx-conf-343442-19981.o
check_header pthread.h
check_cpp
BEGIN /tmp/vpx-conf-343442-19981.c
     1	#include "pthread.h"
     2	int x;
END /tmp/vpx-conf-343442-19981.c
/home/dott/emsdk/upstream/emscripten/emcc -DNDEBUG -O3 -Wall -Wdeclaration-after-statement -Wdisabled-optimization -Wfloat-conversion -Wparentheses-equality -Wpointer-arith -Wtype-limits -Wcast-qual -Wvla -Wimplicit-function-declaration -Wmissing-declarations -Wmissing-prototypes -Wuninitialized -Wunused -Wextra -Wundef -Wframe-larger-than=52000 -Wno-unused-function -std=gnu89 -Wshorten-64-to-32 -DWASM -I/home/dott/emsdk/upstream/emscripten/system/lib/libcxxabi/include/ -E -o /tmp/vpx-conf-343442-19981.o /tmp/vpx-conf-343442-19981.c
check_lib -lpthread
check_cc -lpthread
BEGIN /tmp/vpx-conf-343442-19981.c
     1	#include <pthread.h>
     2	#include <stddef.h>
     3	int main(void) { return pthread_create(NULL, NULL, NULL, NULL); }
END /tmp/vpx-conf-343442-19981.c
/home/dott/emsdk/upstream/emscripten/emcc -DNDEBUG -O3 -Wall -Wdeclaration-after-statement -Wdisabled-optimization -Wfloat-conversion -Wparentheses-equality -Wpointer-arith -Wtype-limits -Wcast-qual -Wvla -Wimplicit-function-declaration -Wmissing-declarations -Wmissing-prototypes -Wuninitialized -Wunused -Wextra -Wundef -Wframe-larger-than=52000 -Wno-unused-function -std=gnu89 -Wshorten-64-to-32 -DWASM -I/home/dott/emsdk/upstream/emscripten/system/lib/libcxxabi/include/ -lpthread -c -o /tmp/vpx-conf-343442-19981.o /tmp/vpx-conf-343442-19981.c
emcc: warning: argument unused during compilation: '-lpthread' [-Wunused-command-line-argument]
/home/dott/emsdk/upstream/emscripten/em++ -o /tmp/vpx-conf-343442-19981.x /tmp/vpx-conf-343442-19981.o -lpthread
check_header unistd.h
check_cpp
BEGIN /tmp/vpx-conf-343442-19981.c
     1	#include "unistd.h"
     2	int x;
END /tmp/vpx-conf-343442-19981.c
/home/dott/emsdk/upstream/emscripten/emcc -DNDEBUG -O3 -Wall -Wdeclaration-after-statement -Wdisabled-optimization -Wfloat-conversion -Wparentheses-equality -Wpointer-arith -Wtype-limits -Wcast-qual -Wvla -Wimplicit-function-declaration -Wmissing-declarations -Wmissing-prototypes -Wuninitialized -Wunused -Wextra -Wundef -Wframe-larger-than=52000 -Wno-unused-function -std=gnu89 -Wshorten-64-to-32 -DWASM -I/home/dott/emsdk/upstream/emscripten/system/lib/libcxxabi/include/ -E -o /tmp/vpx-conf-343442-19981.o /tmp/vpx-conf-343442-19981.c
check_header vpx/vpx_integer.h -I../../../libvpx
check_cpp -I../../../libvpx
BEGIN /tmp/vpx-conf-343442-19981.c
     1	#include "vpx/vpx_integer.h"
     2	int x;
END /tmp/vpx-conf-343442-19981.c
/home/dott/emsdk/upstream/emscripten/emcc -DNDEBUG -O3 -Wall -Wdeclaration-after-statement -Wdisabled-optimization -Wfloat-conversion -Wparentheses-equality -Wpointer-arith -Wtype-limits -Wcast-qual -Wvla -Wimplicit-function-declaration -Wmissing-declarations -Wmissing-prototypes -Wuninitialized -Wunused -Wextra -Wundef -Wframe-larger-than=52000 -Wno-unused-function -std=gnu89 -Wshorten-64-to-32 -DWASM -I/home/dott/emsdk/upstream/emscripten/system/lib/libcxxabi/include/ -I../../../libvpx -E -o /tmp/vpx-conf-343442-19981.o /tmp/vpx-conf-343442-19981.c
